============================= test session starts ==============================
platform linux -- Python 3.11.9, pytest-8.2.0, pluggy-1.6.0
benchmark: 5.1.0 (defaults: timer=time.perf_counter disable_gc=False min_rounds=5 min_time=0.000005 max_time=1.0 calibration_precision=10 warmup=False warmup_iterations=100000)
rootdir: /home/pi/hacking
configfile: pytest.ini
plugins: xdist-3.8.0, hypothesis-6.142.1, cov-7.0.0, mock-3.12.0, html-4.1.1, benchmark-5.1.0, Faker-37.11.0, metadata-3.1.1, json-report-1.5.0
collected 360 items

plugins/clustering_advanced/tests/test_clustering_advanced.py ..FFF.F... [  2%]
.....                                                                    [  4%]
plugins/ensemble_models/tests/test_ensemble_models.py ...FFF..FF         [  6%]
plugins/example_plugin/tests/test_example_plugin.py ..                   [  7%]
plugins/reinforcement_learning/tests/test_reinforcement_learning.py .... [  8%]
.FFF...FFFFF.F                                                           [ 12%]
plugins/sankey/tests/test_sankey.py .F...F                               [ 14%]
plugins/umap_plot/tests/test_umap_plot.py FF.FF..F                       [ 16%]
pytest/test_analysis.py ........F.FF...F...FF..F.F                       [ 23%]
pytest/test_app.py ..F...FFF..                                           [ 26%]
pytest/test_capture.py .FF.FF....F....F.F.F.                             [ 32%]
pytest/test_controllers.py .FF..F...FFFFFFFFFF..FF.F                     [ 39%]
pytest/test_error_handling.py ...........F..........F..FFFFFFF..F...     [ 50%]
pytest/test_integration.py FFF.FF..F..FF                                 [ 53%]
pytest/test_performance.py ....FFFFFF.F                                  [ 56%]
pytest/test_presentation.py FF...........F....F.                         [ 62%]
pytest/test_storage.py .........F....FF..FF...                           [ 68%]
pytest/test_utils.py F.F......FF..FFFF.FFF.....F.F                       [ 76%]
tests/integration/test_end_to_end.py FFFFFF                              [ 78%]
tests/performance/test_benchmarks.py FFFFFFFFFFFFFF                      [ 82%]
tests/performance/test_memory_profiling.py ..F...F.F..F                  [ 85%]
tests/unit/test_data_processing.py ................F.....                [ 91%]
tests/unit/test_ml_models.py .F..FFFFF.......F..FFFFFFFFFF               [100%]

=================================== FAILURES ===================================
____________ TestAdvancedClusteringPlugin.test_spectral_clustering _____________

self = <plugins.clustering_advanced.tests.test_clustering_advanced.TestAdvancedClusteringPlugin object at 0x7f88f94710>
plugin = <plugins.clustering_advanced.plugin.Plugin object at 0x7f6f15f750>
mock_state = <wlan_tool.storage.state.WifiAnalysisState object at 0x7f6f15f810>
mock_events = [{'client': 'aa:bb:cc:dd:ee:00', 'ts': 1000.0, 'type': 'probe_req'}, {'client': 'aa:bb:cc:dd:ee:01', 'ts': 1001.0, 'type': 'probe_req'}]

    def test_spectral_clustering(self, plugin, mock_state, mock_events):
        """Test Spectral Clustering."""
        features, client_macs = plugin._extract_features_for_clustering(mock_state, mock_events)
    
        labels, metrics = plugin._run_spectral_clustering(features, n_clusters=3)
    
        assert len(labels) == len(features)
>       assert "algorithm" in metrics
E       assert 'algorithm' in {'error': "name 'calinski_harabasz_score' is not defined"}

plugins/clustering_advanced/tests/test_clustering_advanced.py:88: AssertionError
------------------------------ Captured log call -------------------------------
ERROR    plugins.clustering_advanced.plugin:plugin.py:250 Fehler bei Spectral Clustering: name 'calinski_harabasz_score' is not defined
__________ TestAdvancedClusteringPlugin.test_hierarchical_clustering ___________

self = <plugins.clustering_advanced.tests.test_clustering_advanced.TestAdvancedClusteringPlugin object at 0x7f88f94d50>
plugin = <plugins.clustering_advanced.plugin.Plugin object at 0x7f6fe59710>
mock_state = <wlan_tool.storage.state.WifiAnalysisState object at 0x7f6f0c6a10>
mock_events = [{'client': 'aa:bb:cc:dd:ee:00', 'ts': 1000.0, 'type': 'probe_req'}, {'client': 'aa:bb:cc:dd:ee:01', 'ts': 1001.0, 'type': 'probe_req'}]

    def test_hierarchical_clustering(self, plugin, mock_state, mock_events):
        """Test Hierarchical Clustering."""
        features, client_macs = plugin._extract_features_for_clustering(mock_state, mock_events)
    
        labels, metrics = plugin._run_hierarchical_clustering(features, n_clusters=3)
    
        assert len(labels) == len(features)
>       assert "algorithm" in metrics
E       assert 'algorithm' in {'error': "name 'calinski_harabasz_score' is not defined"}

plugins/clustering_advanced/tests/test_clustering_advanced.py:100: AssertionError
------------------------------ Captured log call -------------------------------
ERROR    plugins.clustering_advanced.plugin:plugin.py:288 Fehler bei Hierarchical Clustering: name 'calinski_harabasz_score' is not defined
______________ TestAdvancedClusteringPlugin.test_gaussian_mixture ______________

self = <plugins.clustering_advanced.tests.test_clustering_advanced.TestAdvancedClusteringPlugin object at 0x7f88f953d0>
plugin = <plugins.clustering_advanced.plugin.Plugin object at 0x7f6b02ce90>
mock_state = <wlan_tool.storage.state.WifiAnalysisState object at 0x7f6b02db90>
mock_events = [{'client': 'aa:bb:cc:dd:ee:00', 'ts': 1000.0, 'type': 'probe_req'}, {'client': 'aa:bb:cc:dd:ee:01', 'ts': 1001.0, 'type': 'probe_req'}]

    def test_gaussian_mixture(self, plugin, mock_state, mock_events):
        """Test Gaussian Mixture Model."""
        features, client_macs = plugin._extract_features_for_clustering(mock_state, mock_events)
    
        labels, metrics = plugin._run_gaussian_mixture(features, n_clusters=3)
    
        assert len(labels) == len(features)
>       assert "algorithm" in metrics
E       assert 'algorithm' in {'error': "name 'calinski_harabasz_score' is not defined"}

plugins/clustering_advanced/tests/test_clustering_advanced.py:110: AssertionError
------------------------------ Captured log call -------------------------------
ERROR    plugins.clustering_advanced.plugin:plugin.py:333 Fehler bei Gaussian Mixture Model: name 'calinski_harabasz_score' is not defined
_____________ TestAdvancedClusteringPlugin.test_hdbscan_clustering _____________

self = <plugins.clustering_advanced.tests.test_clustering_advanced.TestAdvancedClusteringPlugin object at 0x7f88f960d0>
plugin = <plugins.clustering_advanced.plugin.Plugin object at 0x7f6afe7210>
mock_state = <wlan_tool.storage.state.WifiAnalysisState object at 0x7f6afe7e10>
mock_events = [{'client': 'aa:bb:cc:dd:ee:00', 'ts': 1000.0, 'type': 'probe_req'}, {'client': 'aa:bb:cc:dd:ee:01', 'ts': 1001.0, 'type': 'probe_req'}]

    def test_hdbscan_clustering(self, plugin, mock_state, mock_events):
        """Test HDBSCAN Clustering."""
        features, client_macs = plugin._extract_features_for_clustering(mock_state, mock_events)
    
        labels, metrics = plugin._run_hdbscan_clustering(features)
    
        assert len(labels) == len(features)
>       assert "algorithm" in metrics
E       assert 'algorithm' in {'error': "name 'hdbscan' is not defined"}

plugins/clustering_advanced/tests/test_clustering_advanced.py:132: AssertionError
------------------------------ Captured log call -------------------------------
ERROR    plugins.clustering_advanced.plugin:plugin.py:408 Fehler bei HDBSCAN Clustering: name 'hdbscan' is not defined
________ TestEnsembleModelsPlugin.test_ensemble_model_builder_creation _________

self = <plugins.ensemble_models.tests.test_ensemble_models.TestEnsembleModelsPlugin object at 0x7f887228d0>
plugin = <plugins.ensemble_models.plugin.Plugin object at 0x7f6b049610>

    def test_ensemble_model_builder_creation(self, plugin):
        """Test Ensemble Model Builder."""
        builder = plugin._EnsembleModelBuilder()
    
        # Test Basis-Modelle
        base_models = builder.create_base_models()
        assert len(base_models) > 0
        assert 'random_forest' in base_models
        assert 'logistic_regression' in base_models
    
        # Test Voting Ensembles
        hard_voting, soft_voting = builder.create_voting_ensemble(base_models)
        assert hard_voting is not None
        assert soft_voting is not None
    
        # Test Bagging
>       bagging = builder.create_bagging_ensemble(base_models['random_forest'])

plugins/ensemble_models/tests/test_ensemble_models.py:122: 
_ _ _ _ _ _ _ _ _ _ _ _ _ _ _ _ _ _ _ _ _ _ _ _ _ _ _ _ _ _ _ _ _ _ _ _ _ _ _ _ 

self = <plugins.ensemble_models.plugin.Plugin._EnsembleModelBuilder object at 0x7f6b04bb10>
base_estimator = RandomForestClassifier(max_depth=10, min_samples_split=5, random_state=42)

    def create_bagging_ensemble(self, base_estimator: Any) -> BaggingClassifier:
        """Erstellt ein Bagging-Ensemble."""
>       return BaggingClassifier(
            base_estimator=base_estimator,
            n_estimators=50,
            random_state=self.random_state,
            max_samples=0.8,
            max_features=0.8
        )
E       TypeError: BaggingClassifier.__init__() got an unexpected keyword argument 'base_estimator'

plugins/ensemble_models/plugin.py:537: TypeError
__________ TestEnsembleModelsPlugin.test_model_performance_evaluation __________

self = <plugins.ensemble_models.tests.test_ensemble_models.TestEnsembleModelsPlugin object at 0x7f88722f10>
plugin = <plugins.ensemble_models.plugin.Plugin object at 0x7f8b374650>
mock_state = <wlan_tool.storage.state.WifiAnalysisState object at 0x7f6f8878d0>
mock_events = [{'client': 'aa:bb:cc:dd:ee:00', 'ts': 1000.0, 'type': 'probe_req'}, {'client': 'aa:bb:cc:dd:ee:01', 'ts': 1001.0, 'type': 'probe_req'}]

    def test_model_performance_evaluation(self, plugin, mock_state, mock_events):
        """Test Modell-Performance-Evaluation."""
        X, y, client_macs = plugin._extract_features_for_classification(mock_state, mock_events)
    
        # Erstelle ein einfaches Mock-Modell
        from sklearn.linear_model import LogisticRegression
        model = LogisticRegression(random_state=42)
    
        # Evaluiere Performance
>       perf = plugin._evaluate_model_performance(model, X, y, "test_model")

plugins/ensemble_models/tests/test_ensemble_models.py:138: 
_ _ _ _ _ _ _ _ _ _ _ _ _ _ _ _ _ _ _ _ _ _ _ _ _ _ _ _ _ _ _ _ _ _ _ _ _ _ _ _ 
plugins/ensemble_models/plugin.py:337: in _evaluate_model_performance
    cv_scores = cross_val_score(model, X, y, cv=cv_folds, scoring='accuracy')
.venv/lib/python3.11/site-packages/sklearn/utils/_param_validation.py:213: in wrapper
    return func(*args, **kwargs)
.venv/lib/python3.11/site-packages/sklearn/model_selection/_validation.py:714: in cross_val_score
    cv_results = cross_validate(
.venv/lib/python3.11/site-packages/sklearn/utils/_param_validation.py:213: in wrapper
    return func(*args, **kwargs)
.venv/lib/python3.11/site-packages/sklearn/model_selection/_validation.py:425: in cross_validate
    results = parallel(
.venv/lib/python3.11/site-packages/sklearn/utils/parallel.py:67: in __call__
    return super().__call__(iterable_with_config)
.venv/lib/python3.11/site-packages/joblib/parallel.py:1863: in __call__
    return output if self.return_generator else list(output)
.venv/lib/python3.11/site-packages/joblib/parallel.py:1789: in _get_sequential_output
    for func, args, kwargs in iterable:
.venv/lib/python3.11/site-packages/sklearn/utils/parallel.py:63: in <genexpr>
    iterable_with_config = (
.venv/lib/python3.11/site-packages/sklearn/model_selection/_validation.py:425: in <genexpr>
    results = parallel(
.venv/lib/python3.11/site-packages/sklearn/model_selection/_split.py:377: in split
    for train, test in super().split(X, y, groups):
.venv/lib/python3.11/site-packages/sklearn/model_selection/_split.py:108: in split
    for test_index in self._iter_test_masks(X, y, groups):
.venv/lib/python3.11/site-packages/sklearn/model_selection/_split.py:770: in _iter_test_masks
    test_folds = self._make_test_folds(X, y)
_ _ _ _ _ _ _ _ _ _ _ _ _ _ _ _ _ _ _ _ _ _ _ _ _ _ _ _ _ _ _ _ _ _ _ _ _ _ _ _ 

self = StratifiedKFold(n_splits=5, random_state=None, shuffle=False)
X = array([[ 1.00000000e+02,  2.00000000e-01,  2.00000000e+01,
         2.00000000e+01,  2.00000000e+01, -5.50000000e+01,
...         1.00000000e+00,  1.30000000e+01,  1.04363033e+03,
         6.53356228e+01,  8.11619517e-01,  5.63286297e-01]])
y = array([0, 0, 1, 3, 3, 3])

    def _make_test_folds(self, X, y=None):
        rng = check_random_state(self.random_state)
        y = np.asarray(y)
        type_of_target_y = type_of_target(y)
        allowed_target_types = ("binary", "multiclass")
        if type_of_target_y not in allowed_target_types:
            raise ValueError(
                "Supported target types are: {}. Got {!r} instead.".format(
                    allowed_target_types, type_of_target_y
                )
            )
    
        y = column_or_1d(y)
    
        _, y_idx, y_inv = np.unique(y, return_index=True, return_inverse=True)
        # y_inv encodes y according to lexicographic order. We invert y_idx to
        # map the classes so that they are encoded by order of appearance:
        # 0 represents the first label appearing in y, 1 the second, etc.
        _, class_perm = np.unique(y_idx, return_inverse=True)
        y_encoded = class_perm[y_inv]
    
        n_classes = len(y_idx)
        y_counts = np.bincount(y_encoded)
        min_groups = np.min(y_counts)
        if np.all(self.n_splits > y_counts):
>           raise ValueError(
                "n_splits=%d cannot be greater than the"
                " number of members in each class." % (self.n_splits)
            )
E           ValueError: n_splits=5 cannot be greater than the number of members in each class.

.venv/lib/python3.11/site-packages/sklearn/model_selection/_split.py:732: ValueError
________ TestEnsembleModelsPlugin.test_plugin_run_with_sufficient_data _________

self = <MagicMock name='dump' id='547324419920'>

    def assert_called(self):
        """assert that the mock was called at least once
        """
        if self.call_count == 0:
            msg = ("Expected '%s' to have been called." %
                   (self._mock_name or 'mock'))
>           raise AssertionError(msg)
E           AssertionError: Expected 'dump' to have been called.

../.pyenv/versions/3.11.9/lib/python3.11/unittest/mock.py:908: AssertionError

During handling of the above exception, another exception occurred:

self = <plugins.ensemble_models.tests.test_ensemble_models.TestEnsembleModelsPlugin object at 0x7f88723510>
plugin = <plugins.ensemble_models.plugin.Plugin object at 0x7f693cdc10>
mock_state = <wlan_tool.storage.state.WifiAnalysisState object at 0x7f693cdf10>
mock_events = [{'client': 'aa:bb:cc:dd:ee:00', 'ts': 1000.0, 'type': 'probe_req'}, {'client': 'aa:bb:cc:dd:ee:01', 'ts': 1001.0, 'type': 'probe_req'}]
mock_console = <MagicMock id='547228860048'>
temp_outdir = PosixPath('/tmp/pytest-of-pi/pytest-0/test_plugin_run_with_sufficien1/output')

    def test_plugin_run_with_sufficient_data(self, plugin, mock_state, mock_events, mock_console, temp_outdir):
        """Test Plugin-Ausführung mit ausreichenden Daten."""
        temp_outdir.mkdir(exist_ok=True)
    
        with patch('joblib.dump') as mock_dump:
            with patch('builtins.open', create=True) as mock_open:
                plugin.run(mock_state, mock_events, mock_console, temp_outdir)
    
        # Überprüfe, dass Console-Ausgaben gemacht wurden
        assert mock_console.print.called
    
        # Überprüfe, dass Ergebnisse gespeichert wurden
>       mock_dump.assert_called()
E       AssertionError: Expected 'dump' to have been called.

plugins/ensemble_models/tests/test_ensemble_models.py:160: AssertionError
_______ TestEnsembleModelsPlugin.test_performance_visualization_creation _______

self = <plugins.ensemble_models.tests.test_ensemble_models.TestEnsembleModelsPlugin object at 0x7f8872c890>
plugin = <plugins.ensemble_models.plugin.Plugin object at 0x7f6afbb090>
temp_outdir = PosixPath('/tmp/pytest-of-pi/pytest-0/test_performance_visualization0/output')

    def test_performance_visualization_creation(self, plugin, temp_outdir):
        """Test Erstellung der Performance-Visualisierung."""
        temp_outdir.mkdir(exist_ok=True)
    
        # Mock Performance-Metriken
        from plugins.ensemble_models.plugin import ModelPerformance
        performance_metrics = [
            ModelPerformance("Model1", 0.8, 0.75, 0.8, 0.77, 0.78, 0.02, 1.0, 0.1),
            ModelPerformance("Model2", 0.85, 0.82, 0.85, 0.83, 0.84, 0.01, 1.5, 0.15),
        ]
    
>       with patch('plotly.graph_objects.go') as mock_go:

plugins/ensemble_models/tests/test_ensemble_models.py:223: 
_ _ _ _ _ _ _ _ _ _ _ _ _ _ _ _ _ _ _ _ _ _ _ _ _ _ _ _ _ _ _ _ _ _ _ _ _ _ _ _ 
../.pyenv/versions/3.11.9/lib/python3.11/unittest/mock.py:1446: in __enter__
    original, local = self.get_original()
_ _ _ _ _ _ _ _ _ _ _ _ _ _ _ _ _ _ _ _ _ _ _ _ _ _ _ _ _ _ _ _ _ _ _ _ _ _ _ _ 

self = <unittest.mock._patch object at 0x7f6afd3210>

    def get_original(self):
        target = self.getter()
        name = self.attribute
    
        original = DEFAULT
        local = False
    
        try:
            original = target.__dict__[name]
        except (AttributeError, KeyError):
            original = getattr(target, name, DEFAULT)
        else:
            local = True
    
        if name in _builtins and isinstance(target, ModuleType):
            self.create = True
    
        if not self.create and original is DEFAULT:
>           raise AttributeError(
                "%s does not have the attribute %r" % (target, name)
            )
E           AttributeError: <module 'plotly.graph_objects' from '/home/pi/hacking/.venv/lib/python3.11/site-packages/plotly/graph_objects/__init__.py'> does not have the attribute 'go'

../.pyenv/versions/3.11.9/lib/python3.11/unittest/mock.py:1419: AttributeError
_______ TestEnsembleModelsPlugin.test_ensemble_model_builder_integration _______

self = <plugins.ensemble_models.tests.test_ensemble_models.TestEnsembleModelsPlugin object at 0x7f8872ced0>
plugin = <plugins.ensemble_models.plugin.Plugin object at 0x7f6b080650>
mock_state = <wlan_tool.storage.state.WifiAnalysisState object at 0x7f6b0804d0>
mock_events = [{'client': 'aa:bb:cc:dd:ee:00', 'ts': 1000.0, 'type': 'probe_req'}, {'client': 'aa:bb:cc:dd:ee:01', 'ts': 1001.0, 'type': 'probe_req'}]

    def test_ensemble_model_builder_integration(self, plugin, mock_state, mock_events):
        """Test Integration des Ensemble Model Builders."""
        X, y, client_macs = plugin._extract_features_for_classification(mock_state, mock_events)
    
        # Erstelle Builder
        builder = plugin._EnsembleModelBuilder()
    
        # Test alle Builder-Funktionen
        base_models = builder.create_base_models()
        assert len(base_models) > 0
    
        hard_voting, soft_voting = builder.create_voting_ensemble(base_models)
        assert hard_voting is not None
        assert soft_voting is not None
    
        stacking = builder.create_stacking_ensemble(base_models)
        # Stacking kann None sein wenn sklearn.ensemble.StackingClassifier nicht verfügbar
    
>       bagging = builder.create_bagging_ensemble(list(base_models.values())[0])

plugins/ensemble_models/tests/test_ensemble_models.py:252: 
_ _ _ _ _ _ _ _ _ _ _ _ _ _ _ _ _ _ _ _ _ _ _ _ _ _ _ _ _ _ _ _ _ _ _ _ _ _ _ _ 

self = <plugins.ensemble_models.plugin.Plugin._EnsembleModelBuilder object at 0x7f6b080290>
base_estimator = RandomForestClassifier(max_depth=10, min_samples_split=5, random_state=42)

    def create_bagging_ensemble(self, base_estimator: Any) -> BaggingClassifier:
        """Erstellt ein Bagging-Ensemble."""
>       return BaggingClassifier(
            base_estimator=base_estimator,
            n_estimators=50,
            random_state=self.random_state,
            max_samples=0.8,
            max_features=0.8
        )
E       TypeError: BaggingClassifier.__init__() got an unexpected keyword argument 'base_estimator'

plugins/ensemble_models/plugin.py:537: TypeError
_________ TestReinforcementLearningPlugin.test_environment_observation _________

self = <plugins.reinforcement_learning.tests.test_reinforcement_learning.TestReinforcementLearningPlugin object at 0x7f88756890>
plugin = <plugins.reinforcement_learning.plugin.Plugin object at 0x7f69356a10>
mock_state = <wlan_tool.storage.state.WifiAnalysisState object at 0x7f69356e10>
mock_events = [{'client': 'aa:bb:cc:dd:ee:00', 'ts': 1000.0, 'type': 'probe_req'}, {'client': 'aa:bb:cc:dd:ee:01', 'ts': 1001.0, 'type': 'probe_req'}]

    def test_environment_observation(self, plugin, mock_state, mock_events):
        """Test Environment Observation."""
        env = plugin._WiFiScanningEnvironment(mock_state, mock_events)
        obs = env._get_observation()
    
        assert len(obs) == 10
        assert all(0 <= val <= 1 for val in obs)  # Normalisierte Werte
>       assert obs[0] == 1.0 / 48.0  # current_channel normalisiert
E       assert 0.020833334 == (1.0 / 48.0)

plugins/reinforcement_learning/tests/test_reinforcement_learning.py:139: AssertionError
____________ TestReinforcementLearningPlugin.test_environment_step _____________

self = <plugins.reinforcement_learning.tests.test_reinforcement_learning.TestReinforcementLearningPlugin object at 0x7f88756fd0>
plugin = <plugins.reinforcement_learning.plugin.Plugin object at 0x7f693574d0>
mock_state = <wlan_tool.storage.state.WifiAnalysisState object at 0x7f69357a50>
mock_events = [{'client': 'aa:bb:cc:dd:ee:00', 'ts': 1000.0, 'type': 'probe_req'}, {'client': 'aa:bb:cc:dd:ee:01', 'ts': 1001.0, 'type': 'probe_req'}]

    def test_environment_step(self, plugin, mock_state, mock_events):
        """Test Environment Step."""
        env = plugin._WiFiScanningEnvironment(mock_state, mock_events)
        obs = env.reset()
    
        # Führe einen Schritt aus
        action = ActionType.SCAN_CHANNEL_6.value
>       next_obs, reward, done, info = env.step(action)

plugins/reinforcement_learning/tests/test_reinforcement_learning.py:150: 
_ _ _ _ _ _ _ _ _ _ _ _ _ _ _ _ _ _ _ _ _ _ _ _ _ _ _ _ _ _ _ _ _ _ _ _ _ _ _ _ 
plugins/reinforcement_learning/plugin.py:289: in step
    reward = self._execute_action(action)
_ _ _ _ _ _ _ _ _ _ _ _ _ _ _ _ _ _ _ _ _ _ _ _ _ _ _ _ _ _ _ _ _ _ _ _ _ _ _ _ 

self = <plugins.reinforcement_learning.plugin.Plugin._WiFiScanningEnvironment object at 0x7f69355190>
action = 1

    def _execute_action(self, action: int) -> float:
        """Führt die gegebene Aktion aus und gibt die Belohnung zurück."""
        action_type = ActionType(action)
        reward = 0.0
    
        if action_type in [ActionType.SCAN_CHANNEL_1, ActionType.SCAN_CHANNEL_6,
                          ActionType.SCAN_CHANNEL_11, ActionType.SCAN_CHANNEL_36,
                          ActionType.SCAN_CHANNEL_40, ActionType.SCAN_CHANNEL_44,
                          ActionType.SCAN_CHANNEL_48]:
            # Kanal scannen
            channel_map = {
                ActionType.SCAN_CHANNEL_1: 1,
                ActionType.SCAN_CHANNEL_6: 6,
                ActionType.SCAN_CHANNEL_11: 11,
                ActionType.SCAN_CHANNEL_36: 36,
                ActionType.SCAN_CHANNEL_40: 40,
                ActionType.SCAN_CHANNEL_44: 44,
                ActionType.SCAN_CHANNEL_48: 48
            }
    
            new_channel = channel_map[action_type]
            self.current_channel = new_channel
            self.scan_history.append(new_channel)
    
            # Simuliere Scan-Ergebnisse basierend auf echten Daten
            aps_found, clients_found = self._simulate_scan_results(new_channel)
    
            # Belohnung basierend auf gefundenen Geräten
            reward += aps_found * 0.1  # 0.1 Punkte pro AP
            reward += clients_found * 0.05  # 0.05 Punkte pro Client
    
            # Bonus für neue Kanäle
>           if new_channel not in [ch for ch in self.scan_history[:-1]]:
E           TypeError: sequence index must be integer, not 'slice'

plugins/reinforcement_learning/plugin.py:339: TypeError
______ TestReinforcementLearningPlugin.test_environment_action_execution _______

self = <plugins.reinforcement_learning.tests.test_reinforcement_learning.TestReinforcementLearningPlugin object at 0x7f88757710>
plugin = <plugins.reinforcement_learning.plugin.Plugin object at 0x7f6f12a790>
mock_state = <wlan_tool.storage.state.WifiAnalysisState object at 0x7f6f12b4d0>
mock_events = [{'client': 'aa:bb:cc:dd:ee:00', 'ts': 1000.0, 'type': 'probe_req'}, {'client': 'aa:bb:cc:dd:ee:01', 'ts': 1001.0, 'type': 'probe_req'}]

    def test_environment_action_execution(self, plugin, mock_state, mock_events):
        """Test Action Execution."""
        env = plugin._WiFiScanningEnvironment(mock_state, mock_events)
    
        # Test Kanal-Scanning
>       reward = env._execute_action(ActionType.SCAN_CHANNEL_6.value)

plugins/reinforcement_learning/tests/test_reinforcement_learning.py:165: 
_ _ _ _ _ _ _ _ _ _ _ _ _ _ _ _ _ _ _ _ _ _ _ _ _ _ _ _ _ _ _ _ _ _ _ _ _ _ _ _ 

self = <plugins.reinforcement_learning.plugin.Plugin._WiFiScanningEnvironment object at 0x7f6f12b890>
action = 1

    def _execute_action(self, action: int) -> float:
        """Führt die gegebene Aktion aus und gibt die Belohnung zurück."""
        action_type = ActionType(action)
        reward = 0.0
    
        if action_type in [ActionType.SCAN_CHANNEL_1, ActionType.SCAN_CHANNEL_6,
                          ActionType.SCAN_CHANNEL_11, ActionType.SCAN_CHANNEL_36,
                          ActionType.SCAN_CHANNEL_40, ActionType.SCAN_CHANNEL_44,
                          ActionType.SCAN_CHANNEL_48]:
            # Kanal scannen
            channel_map = {
                ActionType.SCAN_CHANNEL_1: 1,
                ActionType.SCAN_CHANNEL_6: 6,
                ActionType.SCAN_CHANNEL_11: 11,
                ActionType.SCAN_CHANNEL_36: 36,
                ActionType.SCAN_CHANNEL_40: 40,
                ActionType.SCAN_CHANNEL_44: 44,
                ActionType.SCAN_CHANNEL_48: 48
            }
    
            new_channel = channel_map[action_type]
            self.current_channel = new_channel
            self.scan_history.append(new_channel)
    
            # Simuliere Scan-Ergebnisse basierend auf echten Daten
            aps_found, clients_found = self._simulate_scan_results(new_channel)
    
            # Belohnung basierend auf gefundenen Geräten
            reward += aps_found * 0.1  # 0.1 Punkte pro AP
            reward += clients_found * 0.05  # 0.05 Punkte pro Client
    
            # Bonus für neue Kanäle
>           if new_channel not in [ch for ch in self.scan_history[:-1]]:
E           TypeError: sequence index must be integer, not 'slice'

plugins/reinforcement_learning/plugin.py:339: TypeError
______ TestReinforcementLearningPlugin.test_simple_rl_agent_epsilon_decay ______

self = <plugins.reinforcement_learning.tests.test_reinforcement_learning.TestReinforcementLearningPlugin object at 0x7f8875d410>
plugin = <plugins.reinforcement_learning.plugin.Plugin object at 0x7f6970e750>

    def test_simple_rl_agent_epsilon_decay(self, plugin):
        """Test Epsilon Decay."""
        agent = plugin._SimpleRLAgent(state_size=10, action_size=10)
    
        initial_epsilon = agent.epsilon
        assert initial_epsilon == 1.0
    
        # Simuliere viele Lernschritte
        for _ in range(1000):
            state = np.random.random(10)
            action = 0
            reward = 0.0
            next_state = np.random.random(10)
            done = False
            agent.learn(state, action, reward, next_state, done)
    
        # Epsilon sollte reduziert sein
        assert agent.epsilon < initial_epsilon
>       assert agent.epsilon >= agent.epsilon_min
E       assert 0.00998645168764533 >= 0.01
E        +  where 0.00998645168764533 = <plugins.reinforcement_learning.plugin.Plugin._SimpleRLAgent object at 0x7f6970df50>.epsilon
E        +  and   0.01 = <plugins.reinforcement_learning.plugin.Plugin._SimpleRLAgent object at 0x7f6970df50>.epsilon_min

plugins/reinforcement_learning/tests/test_reinforcement_learning.py:244: AssertionError
_____ TestReinforcementLearningPlugin.test_plugin_run_with_sufficient_data _____

self = <MagicMock name='dump' id='547256379920'>

    def assert_called(self):
        """assert that the mock was called at least once
        """
        if self.call_count == 0:
            msg = ("Expected '%s' to have been called." %
                   (self._mock_name or 'mock'))
>           raise AssertionError(msg)
E           AssertionError: Expected 'dump' to have been called.

../.pyenv/versions/3.11.9/lib/python3.11/unittest/mock.py:908: AssertionError

During handling of the above exception, another exception occurred:

self = <plugins.reinforcement_learning.tests.test_reinforcement_learning.TestReinforcementLearningPlugin object at 0x7f8875dad0>
plugin = <plugins.reinforcement_learning.plugin.Plugin object at 0x7f6afe6b50>
mock_state = <wlan_tool.storage.state.WifiAnalysisState object at 0x7f6afe72d0>
mock_events = [{'client': 'aa:bb:cc:dd:ee:00', 'ts': 1000.0, 'type': 'probe_req'}, {'client': 'aa:bb:cc:dd:ee:01', 'ts': 1001.0, 'type': 'probe_req'}]
mock_console = <MagicMock id='547255900432'>
temp_outdir = PosixPath('/tmp/pytest-of-pi/pytest-0/test_plugin_run_with_sufficien2/output')

    def test_plugin_run_with_sufficient_data(self, plugin, mock_state, mock_events, mock_console, temp_outdir):
        """Test Plugin-Ausführung mit ausreichenden Daten."""
        temp_outdir.mkdir(exist_ok=True)
    
        with patch('joblib.dump') as mock_dump:
            with patch('builtins.open', create=True) as mock_open:
                plugin.run(mock_state, mock_events, mock_console, temp_outdir)
    
        # Überprüfe, dass Console-Ausgaben gemacht wurden
        assert mock_console.print.called
    
        # Überprüfe, dass Ergebnisse gespeichert wurden
>       mock_dump.assert_called()
E       AssertionError: Expected 'dump' to have been called.

plugins/reinforcement_learning/tests/test_reinforcement_learning.py:258: AssertionError
------------------------------ Captured log call -------------------------------
ERROR    plugins.reinforcement_learning.plugin:plugin.py:164 Fehler bei der RL-Optimierung: 'NoneType' object has no attribute 'shape'
Traceback (most recent call last):
  File "/home/pi/hacking/plugins/reinforcement_learning/plugin.py", line 93, in run
    raise ImportError("PyTorch nicht verfügbar")
ImportError: PyTorch nicht verfügbar

During handling of the above exception, another exception occurred:

Traceback (most recent call last):
  File "/home/pi/hacking/plugins/reinforcement_learning/plugin.py", line 96, in run
    state_size=env.observation_space.shape[0],
               ^^^^^^^^^^^^^^^^^^^^^^^^^^^
AttributeError: 'NoneType' object has no attribute 'shape'
_______ TestReinforcementLearningPlugin.test_plugin_run_without_pytorch ________

self = <plugins.reinforcement_learning.tests.test_reinforcement_learning.TestReinforcementLearningPlugin object at 0x7f8875e190>
plugin = <plugins.reinforcement_learning.plugin.Plugin object at 0x7f6b021810>
mock_state = <wlan_tool.storage.state.WifiAnalysisState object at 0x7f6b021910>
mock_events = [{'client': 'aa:bb:cc:dd:ee:00', 'ts': 1000.0, 'type': 'probe_req'}, {'client': 'aa:bb:cc:dd:ee:01', 'ts': 1001.0, 'type': 'probe_req'}]
mock_console = <MagicMock id='547256594192'>
temp_outdir = PosixPath('/tmp/pytest-of-pi/pytest-0/test_plugin_run_without_pytorc0/output')

    def test_plugin_run_without_pytorch(self, plugin, mock_state, mock_events, mock_console, temp_outdir):
        """Test Plugin-Ausführung ohne PyTorch (Fallback zu Simple RL)."""
        temp_outdir.mkdir(exist_ok=True)
    
        with patch('plugins.reinforcement_learning.plugin.torch', None):
            with patch('joblib.dump') as mock_dump:
                with patch('builtins.open', create=True) as mock_open:
                    plugin.run(mock_state, mock_events, mock_console, temp_outdir)
    
        # Überprüfe, dass Console-Ausgaben gemacht wurden
        assert mock_console.print.called
    
        # Überprüfe, dass Simple RL Agent verwendet wurde
        console_calls = [str(call) for call in mock_console.print.call_args_list]
>       assert any("Q-Learning" in call for call in console_calls)
E       assert False
E        +  where False = any(<generator object TestReinforcementLearningPlugin.test_plugin_run_without_pytorch.<locals>.<genexpr> at 0x7f6b05d7d0>)

plugins/reinforcement_learning/tests/test_reinforcement_learning.py:275: AssertionError
------------------------------ Captured log call -------------------------------
ERROR    plugins.reinforcement_learning.plugin:plugin.py:164 Fehler bei der RL-Optimierung: 'NoneType' object has no attribute 'shape'
Traceback (most recent call last):
  File "/home/pi/hacking/plugins/reinforcement_learning/plugin.py", line 93, in run
    raise ImportError("PyTorch nicht verfügbar")
ImportError: PyTorch nicht verfügbar

During handling of the above exception, another exception occurred:

Traceback (most recent call last):
  File "/home/pi/hacking/plugins/reinforcement_learning/plugin.py", line 96, in run
    state_size=env.observation_space.shape[0],
               ^^^^^^^^^^^^^^^^^^^^^^^^^^^
AttributeError: 'NoneType' object has no attribute 'shape'
_______ TestReinforcementLearningPlugin.test_training_results_structure ________

self = <plugins.reinforcement_learning.tests.test_reinforcement_learning.TestReinforcementLearningPlugin object at 0x7f8875e8d0>
plugin = <plugins.reinforcement_learning.plugin.Plugin object at 0x7f6f10e750>
mock_state = <wlan_tool.storage.state.WifiAnalysisState object at 0x7f6f10c950>
mock_events = [{'client': 'aa:bb:cc:dd:ee:00', 'ts': 1000.0, 'type': 'probe_req'}, {'client': 'aa:bb:cc:dd:ee:01', 'ts': 1001.0, 'type': 'probe_req'}]

    def test_training_results_structure(self, plugin, mock_state, mock_events):
        """Test Training Results Struktur."""
        env = plugin._WiFiScanningEnvironment(mock_state, mock_events)
        agent = plugin._SimpleRLAgent(state_size=10, action_size=10)
    
>       training_results = plugin._train_rl_agent(env, agent, episodes=5)

plugins/reinforcement_learning/tests/test_reinforcement_learning.py:282: 
_ _ _ _ _ _ _ _ _ _ _ _ _ _ _ _ _ _ _ _ _ _ _ _ _ _ _ _ _ _ _ _ _ _ _ _ _ _ _ _ 
plugins/reinforcement_learning/plugin.py:178: in _train_rl_agent
    next_state, reward, done, info = environment.step(action)
plugins/reinforcement_learning/plugin.py:289: in step
    reward = self._execute_action(action)
_ _ _ _ _ _ _ _ _ _ _ _ _ _ _ _ _ _ _ _ _ _ _ _ _ _ _ _ _ _ _ _ _ _ _ _ _ _ _ _ 

self = <plugins.reinforcement_learning.plugin.Plugin._WiFiScanningEnvironment object at 0x7f6f10d7d0>
action = 5

    def _execute_action(self, action: int) -> float:
        """Führt die gegebene Aktion aus und gibt die Belohnung zurück."""
        action_type = ActionType(action)
        reward = 0.0
    
        if action_type in [ActionType.SCAN_CHANNEL_1, ActionType.SCAN_CHANNEL_6,
                          ActionType.SCAN_CHANNEL_11, ActionType.SCAN_CHANNEL_36,
                          ActionType.SCAN_CHANNEL_40, ActionType.SCAN_CHANNEL_44,
                          ActionType.SCAN_CHANNEL_48]:
            # Kanal scannen
            channel_map = {
                ActionType.SCAN_CHANNEL_1: 1,
                ActionType.SCAN_CHANNEL_6: 6,
                ActionType.SCAN_CHANNEL_11: 11,
                ActionType.SCAN_CHANNEL_36: 36,
                ActionType.SCAN_CHANNEL_40: 40,
                ActionType.SCAN_CHANNEL_44: 44,
                ActionType.SCAN_CHANNEL_48: 48
            }
    
            new_channel = channel_map[action_type]
            self.current_channel = new_channel
            self.scan_history.append(new_channel)
    
            # Simuliere Scan-Ergebnisse basierend auf echten Daten
            aps_found, clients_found = self._simulate_scan_results(new_channel)
    
            # Belohnung basierend auf gefundenen Geräten
            reward += aps_found * 0.1  # 0.1 Punkte pro AP
            reward += clients_found * 0.05  # 0.05 Punkte pro Client
    
            # Bonus für neue Kanäle
>           if new_channel not in [ch for ch in self.scan_history[:-1]]:
E           TypeError: sequence index must be integer, not 'slice'

plugins/reinforcement_learning/plugin.py:339: TypeError
_____________ TestReinforcementLearningPlugin.test_agent_save_load _____________

self = <plugins.reinforcement_learning.tests.test_reinforcement_learning.TestReinforcementLearningPlugin object at 0x7f8875f010>
plugin = <plugins.reinforcement_learning.plugin.Plugin object at 0x7f691eded0>
temp_outdir = PosixPath('/tmp/pytest-of-pi/pytest-0/test_agent_save_load0/output')

    def test_agent_save_load(self, plugin, temp_outdir):
        """Test Agent Save/Load Funktionalität."""
        agent = plugin._SimpleRLAgent(state_size=10, action_size=10)
    
        # Simuliere einige Lernschritte
        for _ in range(10):
            state = np.random.random(10)
            action = 0
            reward = 1.0
            next_state = np.random.random(10)
            done = False
            agent.learn(state, action, reward, next_state, done)
    
        # Speichere Agent
        agent_file = temp_outdir / "test_agent.joblib"
>       agent.save(agent_file)

plugins/reinforcement_learning/tests/test_reinforcement_learning.py:306: 
_ _ _ _ _ _ _ _ _ _ _ _ _ _ _ _ _ _ _ _ _ _ _ _ _ _ _ _ _ _ _ _ _ _ _ _ _ _ _ _ 

self = <plugins.reinforcement_learning.plugin.Plugin._SimpleRLAgent object at 0x7f691ed410>
filepath = PosixPath('/tmp/pytest-of-pi/pytest-0/test_agent_save_load0/output/test_agent.joblib')

    def save(self, filepath: Path):
        """Speichert das gelernte Modell."""
        model_data = {
            'q_table': dict(self.q_table),
            'epsilon': self.epsilon,
            'episode_rewards': self.episode_rewards,
            'episode_lengths': self.episode_lengths
        }
>       joblib.dump(model_data, filepath)
E       NameError: name 'joblib' is not defined

plugins/reinforcement_learning/plugin.py:446: NameError
_ TestReinforcementLearningPlugin.test_environment_performance_metrics_update __

self = <plugins.reinforcement_learning.tests.test_reinforcement_learning.TestReinforcementLearningPlugin object at 0x7f88756d10>
plugin = <plugins.reinforcement_learning.plugin.Plugin object at 0x7f695f8210>
mock_state = <wlan_tool.storage.state.WifiAnalysisState object at 0x7f695fae10>
mock_events = [{'client': 'aa:bb:cc:dd:ee:00', 'ts': 1000.0, 'type': 'probe_req'}, {'client': 'aa:bb:cc:dd:ee:01', 'ts': 1001.0, 'type': 'probe_req'}]

    def test_environment_performance_metrics_update(self, plugin, mock_state, mock_events):
        """Test Performance Metrics Update."""
        env = plugin._WiFiScanningEnvironment(mock_state, mock_events)
    
        # Simuliere mehrere Scans
>       env._execute_action(ActionType.SCAN_CHANNEL_1.value)

plugins/reinforcement_learning/tests/test_reinforcement_learning.py:334: 
_ _ _ _ _ _ _ _ _ _ _ _ _ _ _ _ _ _ _ _ _ _ _ _ _ _ _ _ _ _ _ _ _ _ _ _ _ _ _ _ 

self = <plugins.reinforcement_learning.plugin.Plugin._WiFiScanningEnvironment object at 0x7f695fa0d0>
action = 0

    def _execute_action(self, action: int) -> float:
        """Führt die gegebene Aktion aus und gibt die Belohnung zurück."""
        action_type = ActionType(action)
        reward = 0.0
    
        if action_type in [ActionType.SCAN_CHANNEL_1, ActionType.SCAN_CHANNEL_6,
                          ActionType.SCAN_CHANNEL_11, ActionType.SCAN_CHANNEL_36,
                          ActionType.SCAN_CHANNEL_40, ActionType.SCAN_CHANNEL_44,
                          ActionType.SCAN_CHANNEL_48]:
            # Kanal scannen
            channel_map = {
                ActionType.SCAN_CHANNEL_1: 1,
                ActionType.SCAN_CHANNEL_6: 6,
                ActionType.SCAN_CHANNEL_11: 11,
                ActionType.SCAN_CHANNEL_36: 36,
                ActionType.SCAN_CHANNEL_40: 40,
                ActionType.SCAN_CHANNEL_44: 44,
                ActionType.SCAN_CHANNEL_48: 48
            }
    
            new_channel = channel_map[action_type]
            self.current_channel = new_channel
            self.scan_history.append(new_channel)
    
            # Simuliere Scan-Ergebnisse basierend auf echten Daten
            aps_found, clients_found = self._simulate_scan_results(new_channel)
    
            # Belohnung basierend auf gefundenen Geräten
            reward += aps_found * 0.1  # 0.1 Punkte pro AP
            reward += clients_found * 0.05  # 0.05 Punkte pro Client
    
            # Bonus für neue Kanäle
>           if new_channel not in [ch for ch in self.scan_history[:-1]]:
E           TypeError: sequence index must be integer, not 'slice'

plugins/reinforcement_learning/plugin.py:339: TypeError
_____________ TestSankeyPlugin.test_plugin_run_with_roaming_events _____________

self = <plugins.sankey.tests.test_sankey.TestSankeyPlugin object at 0x7f88761e10>
plugin = <plugins.sankey.plugin.Plugin object at 0x7f6f11f9d0>
mock_state = <wlan_tool.storage.state.WifiAnalysisState object at 0x7f6f11c810>
mock_events_with_roaming = [{'bssid': 'ap1', 'client': 'aa:bb:cc:dd:ee:00', 'ts': 1000.0, 'type': 'data'}, {'bssid': 'ap2', 'client': 'aa:bb:cc:d...d:ee:01', 'ts': 1002.0, 'type': 'data'}, {'bssid': 'ap3', 'client': 'aa:bb:cc:dd:ee:01', 'ts': 1003.0, 'type': 'data'}]
mock_console = <MagicMock id='547324291152'>
temp_outdir = PosixPath('/tmp/pytest-of-pi/pytest-0/test_plugin_run_with_roaming_e0/output')

    def test_plugin_run_with_roaming_events(self, plugin, mock_state, mock_events_with_roaming, mock_console, temp_outdir):
        """Test Plugin-Ausführung mit Roaming-Events."""
        temp_outdir.mkdir(exist_ok=True)
    
>       with patch('plotly.graph_objects.go') as mock_go:

plugins/sankey/tests/test_sankey.py:69: 
_ _ _ _ _ _ _ _ _ _ _ _ _ _ _ _ _ _ _ _ _ _ _ _ _ _ _ _ _ _ _ _ _ _ _ _ _ _ _ _ 
../.pyenv/versions/3.11.9/lib/python3.11/unittest/mock.py:1446: in __enter__
    original, local = self.get_original()
_ _ _ _ _ _ _ _ _ _ _ _ _ _ _ _ _ _ _ _ _ _ _ _ _ _ _ _ _ _ _ _ _ _ _ _ _ _ _ _ 

self = <unittest.mock._patch object at 0x7f691ee3d0>

    def get_original(self):
        target = self.getter()
        name = self.attribute
    
        original = DEFAULT
        local = False
    
        try:
            original = target.__dict__[name]
        except (AttributeError, KeyError):
            original = getattr(target, name, DEFAULT)
        else:
            local = True
    
        if name in _builtins and isinstance(target, ModuleType):
            self.create = True
    
        if not self.create and original is DEFAULT:
>           raise AttributeError(
                "%s does not have the attribute %r" % (target, name)
            )
E           AttributeError: <module 'plotly.graph_objects' from '/home/pi/hacking/.venv/lib/python3.11/site-packages/plotly/graph_objects/__init__.py'> does not have the attribute 'go'

../.pyenv/versions/3.11.9/lib/python3.11/unittest/mock.py:1419: AttributeError
____________ TestSankeyPlugin.test_plugin_run_with_sufficient_data _____________

self = <plugins.sankey.tests.test_sankey.TestSankeyPlugin object at 0x7f88763390>
plugin = <plugins.sankey.plugin.Plugin object at 0x7f6b05b8d0>
mock_state = <wlan_tool.storage.state.WifiAnalysisState object at 0x7f6b058690>
mock_events_with_roaming = [{'bssid': 'ap1', 'client': 'aa:bb:cc:dd:ee:00', 'ts': 1000.0, 'type': 'data'}, {'bssid': 'ap2', 'client': 'aa:bb:cc:d...d:ee:01', 'ts': 1002.0, 'type': 'data'}, {'bssid': 'ap3', 'client': 'aa:bb:cc:dd:ee:01', 'ts': 1003.0, 'type': 'data'}]
mock_console = <MagicMock id='547324222160'>
temp_outdir = PosixPath('/tmp/pytest-of-pi/pytest-0/test_plugin_run_with_sufficien3/output')

    def test_plugin_run_with_sufficient_data(self, plugin, mock_state, mock_events_with_roaming, mock_console, temp_outdir):
        """Test Plugin-Ausführung mit ausreichenden Daten."""
        temp_outdir.mkdir(exist_ok=True)
    
>       with patch('plotly.graph_objects.go') as mock_go:

plugins/sankey/tests/test_sankey.py:142: 
_ _ _ _ _ _ _ _ _ _ _ _ _ _ _ _ _ _ _ _ _ _ _ _ _ _ _ _ _ _ _ _ _ _ _ _ _ _ _ _ 
../.pyenv/versions/3.11.9/lib/python3.11/unittest/mock.py:1446: in __enter__
    original, local = self.get_original()
_ _ _ _ _ _ _ _ _ _ _ _ _ _ _ _ _ _ _ _ _ _ _ _ _ _ _ _ _ _ _ _ _ _ _ _ _ _ _ _ 

self = <unittest.mock._patch object at 0x7f6f114450>

    def get_original(self):
        target = self.getter()
        name = self.attribute
    
        original = DEFAULT
        local = False
    
        try:
            original = target.__dict__[name]
        except (AttributeError, KeyError):
            original = getattr(target, name, DEFAULT)
        else:
            local = True
    
        if name in _builtins and isinstance(target, ModuleType):
            self.create = True
    
        if not self.create and original is DEFAULT:
>           raise AttributeError(
                "%s does not have the attribute %r" % (target, name)
            )
E           AttributeError: <module 'plotly.graph_objects' from '/home/pi/hacking/.venv/lib/python3.11/site-packages/plotly/graph_objects/__init__.py'> does not have the attribute 'go'

../.pyenv/versions/3.11.9/lib/python3.11/unittest/mock.py:1419: AttributeError
___________________ TestUMAPPlotPlugin.test_plugin_metadata ____________________

self = <plugins.umap_plot.tests.test_umap_plot.TestUMAPPlotPlugin object at 0x7f87cd2090>
plugin = <plugins.umap_plot.plugin.Plugin object at 0x7f6b08c7d0>

    def test_plugin_metadata(self, plugin):
        """Test Plugin-Metadaten."""
        metadata = plugin.get_metadata()
        assert metadata.name == "UMAP Plot"
        assert metadata.version == "1.0.0"
        assert "UMAP" in metadata.description
>       assert "umap-learn" in metadata.dependencies
E       AssertionError: assert 'umap-learn' in ['umap', 'plotly', 'pandas']
E        +  where ['umap', 'plotly', 'pandas'] = <plugins.PluginMetadata object at 0x7f6b08c110>.dependencies

plugins/umap_plot/tests/test_umap_plot.py:59: AssertionError
______________ TestUMAPPlotPlugin.test_plugin_run_with_valid_data ______________

self = <plugins.umap_plot.tests.test_umap_plot.TestUMAPPlotPlugin object at 0x7f87cd2750>
plugin = <plugins.umap_plot.plugin.Plugin object at 0x7f6966fd50>
mock_clustered_client_df =                  mac  cluster   vendor
0  aa:bb:cc:dd:ee:00        0    Apple
1  aa:bb:cc:dd:ee:01        1  Samsung
2  aa:bb:cc:dd:ee:02        0    Apple
mock_client_feature_df =    feature1  feature2  feature3      original_macs
0       1.0       4.0       7.0  aa:bb:cc:dd:ee:00
1       2.0       5.0       8.0  aa:bb:cc:dd:ee:01
2       3.0       6.0       9.0  aa:bb:cc:dd:ee:02
mock_console = <MagicMock id='547324388048'>
temp_outdir = PosixPath('/tmp/pytest-of-pi/pytest-0/test_plugin_run_with_valid_dat0/output')

    def test_plugin_run_with_valid_data(self, plugin, mock_clustered_client_df, mock_client_feature_df, mock_console, temp_outdir):
        """Test Plugin-Ausführung mit gültigen Daten."""
        temp_outdir.mkdir(exist_ok=True)
    
>       with patch('umap.UMAP') as mock_umap:

plugins/umap_plot/tests/test_umap_plot.py:66: 
_ _ _ _ _ _ _ _ _ _ _ _ _ _ _ _ _ _ _ _ _ _ _ _ _ _ _ _ _ _ _ _ _ _ _ _ _ _ _ _ 
../.pyenv/versions/3.11.9/lib/python3.11/unittest/mock.py:1430: in __enter__
    self.target = self.getter()
../.pyenv/versions/3.11.9/lib/python3.11/pkgutil.py:700: in resolve_name
    mod = importlib.import_module(modname)
../.pyenv/versions/3.11.9/lib/python3.11/importlib/__init__.py:126: in import_module
    return _bootstrap._gcd_import(name[level:], package, level)
<frozen importlib._bootstrap>:1204: in _gcd_import
    ???
<frozen importlib._bootstrap>:1176: in _find_and_load
    ???
_ _ _ _ _ _ _ _ _ _ _ _ _ _ _ _ _ _ _ _ _ _ _ _ _ _ _ _ _ _ _ _ _ _ _ _ _ _ _ _ 

name = 'umap', import_ = <function _gcd_import at 0x7fa9157d80>

>   ???
E   ModuleNotFoundError: No module named 'umap'

<frozen importlib._bootstrap>:1140: ModuleNotFoundError
__________ TestUMAPPlotPlugin.test_plugin_run_without_clustered_data ___________

self = <plugins.umap_plot.tests.test_umap_plot.TestUMAPPlotPlugin object at 0x7f87cd30d0>
plugin = <plugins.umap_plot.plugin.Plugin object at 0x7f695f8650>
mock_console = <MagicMock id='547228720144'>
temp_outdir = PosixPath('/tmp/pytest-of-pi/pytest-0/test_plugin_run_without_cluste0/output')

    def test_plugin_run_without_clustered_data(self, plugin, mock_console, temp_outdir):
        """Test Plugin-Ausführung ohne Cluster-Daten."""
        temp_outdir.mkdir(exist_ok=True)
    
        plugin.run(
            state=None,
            clustered_client_df=None,
            client_feature_df=None,
            outdir=temp_outdir,
            console=mock_console
        )
    
        # Überprüfe Warnung für fehlende Cluster-Daten
        warning_calls = [call for call in mock_console.print.call_args_list
                        if "Keine Cluster-Daten" in str(call)]
>       assert len(warning_calls) > 0
E       assert 0 > 0
E        +  where 0 = len([])

plugins/umap_plot/tests/test_umap_plot.py:129: AssertionError
------------------------------ Captured log call -------------------------------
WARNING  plugins.umap_plot.plugin:plugin.py:38 UMAP/Plotly nicht installiert. Überspringe Client-Map-Visualisierung.
__________ TestUMAPPlotPlugin.test_plugin_run_with_empty_feature_data __________

self = <plugins.umap_plot.tests.test_umap_plot.TestUMAPPlotPlugin object at 0x7f87cd36d0>
plugin = <plugins.umap_plot.plugin.Plugin object at 0x7f88756910>
mock_clustered_client_df =                  mac  cluster   vendor
0  aa:bb:cc:dd:ee:00        0    Apple
1  aa:bb:cc:dd:ee:01        1  Samsung
2  aa:bb:cc:dd:ee:02        0    Apple
mock_console = <MagicMock id='547750072208'>
temp_outdir = PosixPath('/tmp/pytest-of-pi/pytest-0/test_plugin_run_with_empty_fea0/output')

    def test_plugin_run_with_empty_feature_data(self, plugin, mock_clustered_client_df, mock_console, temp_outdir):
        """Test Plugin-Ausführung mit leeren Feature-Daten."""
        temp_outdir.mkdir(exist_ok=True)
    
        empty_feature_df = pd.DataFrame()
    
        plugin.run(
            state=None,
            clustered_client_df=mock_clustered_client_df,
            client_feature_df=empty_feature_df,
            outdir=temp_outdir,
            console=mock_console
        )
    
        # Überprüfe Warnung für leere Feature-Daten
        warning_calls = [call for call in mock_console.print.call_args_list
                        if "Keine Cluster-Daten" in str(call)]
>       assert len(warning_calls) > 0
E       assert 0 > 0
E        +  where 0 = len([])

plugins/umap_plot/tests/test_umap_plot.py:148: AssertionError
------------------------------ Captured log call -------------------------------
WARNING  plugins.umap_plot.plugin:plugin.py:38 UMAP/Plotly nicht installiert. Überspringe Client-Map-Visualisierung.
______________ TestUMAPPlotPlugin.test_plugin_run_with_exception _______________

self = <plugins.umap_plot.tests.test_umap_plot.TestUMAPPlotPlugin object at 0x7f87cdcc50>
plugin = <plugins.umap_plot.plugin.Plugin object at 0x7f6f13e690>
mock_clustered_client_df =                  mac  cluster   vendor
0  aa:bb:cc:dd:ee:00        0    Apple
1  aa:bb:cc:dd:ee:01        1  Samsung
2  aa:bb:cc:dd:ee:02        0    Apple
mock_client_feature_df =    feature1  feature2  feature3      original_macs
0       1.0       4.0       7.0  aa:bb:cc:dd:ee:00
1       2.0       5.0       8.0  aa:bb:cc:dd:ee:01
2       3.0       6.0       9.0  aa:bb:cc:dd:ee:02
mock_console = <MagicMock id='547224476816'>
temp_outdir = PosixPath('/tmp/pytest-of-pi/pytest-0/test_plugin_run_with_exception0/output')

    def test_plugin_run_with_exception(self, plugin, mock_clustered_client_df, mock_client_feature_df, mock_console, temp_outdir):
        """Test Plugin-Ausführung mit Exception."""
        temp_outdir.mkdir(exist_ok=True)
    
>       with patch('umap.UMAP') as mock_umap:

plugins/umap_plot/tests/test_umap_plot.py:192: 
_ _ _ _ _ _ _ _ _ _ _ _ _ _ _ _ _ _ _ _ _ _ _ _ _ _ _ _ _ _ _ _ _ _ _ _ _ _ _ _ 
../.pyenv/versions/3.11.9/lib/python3.11/unittest/mock.py:1430: in __enter__
    self.target = self.getter()
../.pyenv/versions/3.11.9/lib/python3.11/pkgutil.py:700: in resolve_name
    mod = importlib.import_module(modname)
../.pyenv/versions/3.11.9/lib/python3.11/importlib/__init__.py:126: in import_module
    return _bootstrap._gcd_import(name[level:], package, level)
<frozen importlib._bootstrap>:1204: in _gcd_import
    ???
<frozen importlib._bootstrap>:1176: in _find_and_load
    ???
_ _ _ _ _ _ _ _ _ _ _ _ _ _ _ _ _ _ _ _ _ _ _ _ _ _ _ _ _ _ _ _ _ _ _ _ _ _ _ _ 

name = 'umap', import_ = <function _gcd_import at 0x7fa9157d80>

>   ???
E   ModuleNotFoundError: No module named 'umap'

<frozen importlib._bootstrap>:1140: ModuleNotFoundError
___________________ TestAnalysisLogic.test_profile_clusters ____________________

self = <test_analysis.TestAnalysisLogic object at 0x7f706d5810>

    def test_profile_clusters(self):
        """Test Cluster-Profilierung."""
        feature_data = {
            'original_macs': ['mac1', 'mac2', 'mac3'],
            'feature1': [10, 20, 15],
            'feature2': [1, 2, 1.5]
        }
        feature_df = pd.DataFrame(feature_data)
    
        cluster_data = {
            'original_macs': ['mac1', 'mac2', 'mac3'],
            'cluster': [0, 0, 1]
        }
        clustered_df = pd.DataFrame(cluster_data)
    
>       profiles = analysis.profile_clusters(feature_df, clustered_df)

pytest/test_analysis.py:145: 
_ _ _ _ _ _ _ _ _ _ _ _ _ _ _ _ _ _ _ _ _ _ _ _ _ _ _ _ _ _ _ _ _ _ _ _ _ _ _ _ 
wlan_tool/analysis/logic.py:666: in profile_clusters
    profiles["details"] = full_df.set_index("mac").to_dict(orient="index")
_ _ _ _ _ _ _ _ _ _ _ _ _ _ _ _ _ _ _ _ _ _ _ _ _ _ _ _ _ _ _ _ _ _ _ _ _ _ _ _ 

self =   original_macs  feature1  feature2  cluster
0          mac1        10       1.0        0
1          mac2        20       2.0        0
2          mac3        15       1.5        1
keys = ['mac']

    def set_index(
        self,
        keys,
        *,
        drop: bool = True,
        append: bool = False,
        inplace: bool = False,
        verify_integrity: bool = False,
    ) -> DataFrame | None:
        """
        Set the DataFrame index using existing columns.
    
        Set the DataFrame index (row labels) using one or more existing
        columns or arrays (of the correct length). The index can replace the
        existing index or expand on it.
    
        Parameters
        ----------
        keys : label or array-like or list of labels/arrays
            This parameter can be either a single column key, a single array of
            the same length as the calling DataFrame, or a list containing an
            arbitrary combination of column keys and arrays. Here, "array"
            encompasses :class:`Series`, :class:`Index`, ``np.ndarray``, and
            instances of :class:`~collections.abc.Iterator`.
        drop : bool, default True
            Delete columns to be used as the new index.
        append : bool, default False
            Whether to append columns to existing index.
        inplace : bool, default False
            Whether to modify the DataFrame rather than creating a new one.
        verify_integrity : bool, default False
            Check the new index for duplicates. Otherwise defer the check until
            necessary. Setting to False will improve the performance of this
            method.
    
        Returns
        -------
        DataFrame or None
            Changed row labels or None if ``inplace=True``.
    
        See Also
        --------
        DataFrame.reset_index : Opposite of set_index.
        DataFrame.reindex : Change to new indices or expand indices.
        DataFrame.reindex_like : Change to same indices as other DataFrame.
    
        Examples
        --------
        >>> df = pd.DataFrame({'month': [1, 4, 7, 10],
        ...                    'year': [2012, 2014, 2013, 2014],
        ...                    'sale': [55, 40, 84, 31]})
        >>> df
           month  year  sale
        0      1  2012    55
        1      4  2014    40
        2      7  2013    84
        3     10  2014    31
    
        Set the index to become the 'month' column:
    
        >>> df.set_index('month')
               year  sale
        month
        1      2012    55
        4      2014    40
        7      2013    84
        10     2014    31
    
        Create a MultiIndex using columns 'year' and 'month':
    
        >>> df.set_index(['year', 'month'])
                    sale
        year  month
        2012  1     55
        2014  4     40
        2013  7     84
        2014  10    31
    
        Create a MultiIndex using an Index and a column:
    
        >>> df.set_index([pd.Index([1, 2, 3, 4]), 'year'])
                 month  sale
           year
        1  2012  1      55
        2  2014  4      40
        3  2013  7      84
        4  2014  10     31
    
        Create a MultiIndex using two Series:
    
        >>> s = pd.Series([1, 2, 3, 4])
        >>> df.set_index([s, s**2])
              month  year  sale
        1 1       1  2012    55
        2 4       4  2014    40
        3 9       7  2013    84
        4 16     10  2014    31
        """
        inplace = validate_bool_kwarg(inplace, "inplace")
        self._check_inplace_and_allows_duplicate_labels(inplace)
        if not isinstance(keys, list):
            keys = [keys]
    
        err_msg = (
            'The parameter "keys" may be a column key, one-dimensional '
            "array, or a list containing only valid column keys and "
            "one-dimensional arrays."
        )
    
        missing: list[Hashable] = []
        for col in keys:
            if isinstance(col, (Index, Series, np.ndarray, list, abc.Iterator)):
                # arrays are fine as long as they are one-dimensional
                # iterators get converted to list below
                if getattr(col, "ndim", 1) != 1:
                    raise ValueError(err_msg)
            else:
                # everything else gets tried as a key; see GH 24969
                try:
                    found = col in self.columns
                except TypeError as err:
                    raise TypeError(
                        f"{err_msg}. Received column of type {type(col)}"
                    ) from err
                else:
                    if not found:
                        missing.append(col)
    
        if missing:
>           raise KeyError(f"None of {missing} are in the columns")
E           KeyError: "None of ['mac'] are in the columns"

.venv/lib/python3.11/site-packages/pandas/core/frame.py:6106: KeyError
______________________ TestAnalysisLogic.test_cluster_aps ______________________

self = <test_analysis.TestAnalysisLogic object at 0x7f706d6650>
populated_state = <wlan_tool.storage.state.WifiAnalysisState object at 0x7f6f107c10>

    def test_cluster_aps(self, populated_state):
        """Test AP-Clustering."""
>       clustered_df = analysis.cluster_aps(populated_state, n_clusters=2)

pytest/test_analysis.py:166: 
_ _ _ _ _ _ _ _ _ _ _ _ _ _ _ _ _ _ _ _ _ _ _ _ _ _ _ _ _ _ _ _ _ _ _ _ _ _ _ _ 
wlan_tool/analysis/logic.py:736: in cluster_aps
    df["cluster"] = kmeans.fit_predict(X_scaled)
.venv/lib/python3.11/site-packages/sklearn/cluster/_kmeans.py:1071: in fit_predict
    return self.fit(X, sample_weight=sample_weight).labels_
.venv/lib/python3.11/site-packages/sklearn/base.py:1351: in wrapper
    return fit_method(estimator, *args, **kwargs)
.venv/lib/python3.11/site-packages/sklearn/cluster/_kmeans.py:1490: in fit
    self._check_params_vs_input(X)
.venv/lib/python3.11/site-packages/sklearn/cluster/_kmeans.py:1431: in _check_params_vs_input
    super()._check_params_vs_input(X, default_n_init=10)
_ _ _ _ _ _ _ _ _ _ _ _ _ _ _ _ _ _ _ _ _ _ _ _ _ _ _ _ _ _ _ _ _ _ _ _ _ _ _ _ 

self = KMeans(n_clusters=2, random_state=42)
X = array([[0., 0., 0., 0., 0., 0., 0., 0., 0., 0., 0., 0., 0., 0., 0.]])
default_n_init = 10

    def _check_params_vs_input(self, X, default_n_init=None):
        # n_clusters
        if X.shape[0] < self.n_clusters:
>           raise ValueError(
                f"n_samples={X.shape[0]} should be >= n_clusters={self.n_clusters}."
            )
E           ValueError: n_samples=1 should be >= n_clusters=2.

.venv/lib/python3.11/site-packages/sklearn/cluster/_kmeans.py:879: ValueError
__________________ TestAnalysisLogic.test_profile_ap_clusters __________________

self = Index(['bssid', 'ssid', 'vendor', 'cluster', 'supports_11k', 'supports_11v',
       'supports_11r'],
      dtype='object')
key = 'channel'

    def get_loc(self, key):
        """
        Get integer location, slice or boolean mask for requested label.
    
        Parameters
        ----------
        key : label
    
        Returns
        -------
        int if unique index, slice if monotonic index, else mask
    
        Examples
        --------
        >>> unique_index = pd.Index(list('abc'))
        >>> unique_index.get_loc('b')
        1
    
        >>> monotonic_index = pd.Index(list('abbc'))
        >>> monotonic_index.get_loc('b')
        slice(1, 3, None)
    
        >>> non_monotonic_index = pd.Index(list('abcb'))
        >>> non_monotonic_index.get_loc('b')
        array([False,  True, False,  True])
        """
        casted_key = self._maybe_cast_indexer(key)
        try:
>           return self._engine.get_loc(casted_key)

.venv/lib/python3.11/site-packages/pandas/core/indexes/base.py:3802: 
_ _ _ _ _ _ _ _ _ _ _ _ _ _ _ _ _ _ _ _ _ _ _ _ _ _ _ _ _ _ _ _ _ _ _ _ _ _ _ _ 
index.pyx:153: in pandas._libs.index.IndexEngine.get_loc
    ???
index.pyx:182: in pandas._libs.index.IndexEngine.get_loc
    ???
pandas/_libs/hashtable_class_helper.pxi:7081: in pandas._libs.hashtable.PyObjectHashTable.get_item
    ???
_ _ _ _ _ _ _ _ _ _ _ _ _ _ _ _ _ _ _ _ _ _ _ _ _ _ _ _ _ _ _ _ _ _ _ _ _ _ _ _ 

>   ???
E   KeyError: 'channel'

pandas/_libs/hashtable_class_helper.pxi:7089: KeyError

The above exception was the direct cause of the following exception:

self = <test_analysis.TestAnalysisLogic object at 0x7f706d6d10>

    def test_profile_ap_clusters(self):
        """Test AP-Cluster-Profilierung."""
        cluster_data = {
            'bssid': ['ap1', 'ap2'],
            'ssid': ['SSID1', 'SSID2'],
            'vendor': ['Vendor1', 'Vendor2'],
            'cluster': [0, 1],
            'supports_11k': [True, False],
            'supports_11v': [True, False],
            'supports_11r': [False, True]
        }
        clustered_df = pd.DataFrame(cluster_data)
    
>       profiles = analysis.profile_ap_clusters(clustered_df)

pytest/test_analysis.py:187: 
_ _ _ _ _ _ _ _ _ _ _ _ _ _ _ _ _ _ _ _ _ _ _ _ _ _ _ _ _ _ _ _ _ _ _ _ _ _ _ _ 
wlan_tool/analysis/logic.py:766: in profile_ap_clusters
    "channels": cluster_data["channel"].value_counts().to_dict(),
.venv/lib/python3.11/site-packages/pandas/core/frame.py:4090: in __getitem__
    indexer = self.columns.get_loc(key)
_ _ _ _ _ _ _ _ _ _ _ _ _ _ _ _ _ _ _ _ _ _ _ _ _ _ _ _ _ _ _ _ _ _ _ _ _ _ _ _ 

self = Index(['bssid', 'ssid', 'vendor', 'cluster', 'supports_11k', 'supports_11v',
       'supports_11r'],
      dtype='object')
key = 'channel'

    def get_loc(self, key):
        """
        Get integer location, slice or boolean mask for requested label.
    
        Parameters
        ----------
        key : label
    
        Returns
        -------
        int if unique index, slice if monotonic index, else mask
    
        Examples
        --------
        >>> unique_index = pd.Index(list('abc'))
        >>> unique_index.get_loc('b')
        1
    
        >>> monotonic_index = pd.Index(list('abbc'))
        >>> monotonic_index.get_loc('b')
        slice(1, 3, None)
    
        >>> non_monotonic_index = pd.Index(list('abcb'))
        >>> non_monotonic_index.get_loc('b')
        array([False,  True, False,  True])
        """
        casted_key = self._maybe_cast_indexer(key)
        try:
            return self._engine.get_loc(casted_key)
        except KeyError as err:
            if isinstance(casted_key, slice) or (
                isinstance(casted_key, abc.Iterable)
                and any(isinstance(x, slice) for x in casted_key)
            ):
                raise InvalidIndexError(key)
>           raise KeyError(key) from err
E           KeyError: 'channel'

.venv/lib/python3.11/site-packages/pandas/core/indexes/base.py:3809: KeyError
________ TestDeviceProfiler.test_create_device_fingerprint_empty_state _________

self = <test_analysis.TestDeviceProfiler object at 0x7f706e0b50>

    def test_create_device_fingerprint_empty_state(self):
        """Test Fingerprint mit leerem ClientState."""
        empty_client = ClientState(mac="aa:bb:cc:dd:ee:ff")
        fingerprint = create_device_fingerprint(empty_client)
    
>       assert fingerprint == ""  # Sollte leer sein für leeren State
E       AssertionError: assert 'd41d8cd98f00...00998ecf8427e' == ''
E         
E         + d41d8cd98f00b204e9800998ecf8427e

pytest/test_analysis.py:251: AssertionError
___________________ TestGraphExport.test_build_export_graph ____________________

self = <test_analysis.TestGraphExport object at 0x7f706e1310>
populated_state = <wlan_tool.storage.state.WifiAnalysisState object at 0x7f6b05ae10>

    def test_build_export_graph(self, populated_state):
        """Test Graph-Aufbau für Export."""
        # Erstelle Test-Daten
        ap_data = {
            'bssid': ['08:96:d7:1a:21:1c'],
            'ssid': ['MyTestWLAN'],
            'vendor': ['TestVendor'],
            'cluster': [0],
            'channel': [6],
            'rssi_mean': [-50.0],
            'supports_11k': [False],
            'supports_11v': [False],
            'supports_11r': [False]
        }
        clustered_ap_df = pd.DataFrame(ap_data)
    
        aps_to_export = {'08:96:d7:1a:21:1c': populated_state.aps['08:96:d7:1a:21:1c']}
        clients_to_export = {}
    
        graph = analysis._build_export_graph(
            populated_state,
            clustered_ap_df,
            aps_to_export,
            clients_to_export,
            include_clients=False,
            clustered_client_df=None
        )
    
        assert graph is not None
        assert graph.number_of_nodes() > 0
>       assert 'start' in graph.graph
E       AssertionError: assert 'start' in {'mode': 'dynamic', 'timeformat': 'datetime'}
E        +  where {'mode': 'dynamic', 'timeformat': 'datetime'} = <networkx.classes.graph.Graph object at 0x7f6f503210>.graph

pytest/test_analysis.py:319: AssertionError
___________________ TestGraphExport.test_discover_attributes ___________________

self = <test_analysis.TestGraphExport object at 0x7f706e1410>

    def test_discover_attributes(self):
        """Test Attribut-Entdeckung für GEXF."""
        import networkx as nx
    
        G = nx.Graph()
        G.add_node("node1", type="AP", activity=10, vendor="Test")
        G.add_edge("node1", "node2", weight=1.5, kind="Association")
    
        node_attrs, edge_attrs = analysis._discover_attributes(G)
    
        assert isinstance(node_attrs, dict)
        assert isinstance(edge_attrs, dict)
        assert 'type' in node_attrs
        assert 'activity' in node_attrs
>       assert 'weight' in edge_attrs
E       AssertionError: assert 'weight' in {}

pytest/test_analysis.py:336: AssertionError
______________ TestAnalysisEdgeCases.test_single_client_analysis _______________

self = <test_analysis.TestAnalysisEdgeCases object at 0x7f706e29d0>

    def test_single_client_analysis(self):
        """Test Analyse mit nur einem Client."""
        state = WifiAnalysisState()
        client = ClientState(mac="aa:bb:cc:dd:ee:ff")
>       client.all_packet_ts = np.array([time.time(), time.time() + 1])
E       NameError: name 'time' is not defined

pytest/test_analysis.py:379: NameError
_____________ TestAnalysisEdgeCases.test_malformed_event_handling ______________

self = <test_analysis.TestAnalysisEdgeCases object at 0x7f706e34d0>

    def test_malformed_event_handling(self):
        """Test Behandlung von fehlerhaften Events."""
        state = WifiAnalysisState()
    
        # Teste mit unvollständigem Event
>       malformed_event = {'ts': time.time(), 'type': 'beacon'}  # Fehlt bssid
E       NameError: name 'time' is not defined

pytest/test_analysis.py:406: NameError
________________ TestUtilsModule.test_intelligent_vendor_lookup ________________

self = <test_app.TestUtilsModule object at 0x7f706ee890>

    def test_intelligent_vendor_lookup(self):
>       assert "Apple" in utils.lookup_vendor("a8:51:ab:0c:b9:e9")
E       TypeError: argument of type 'NoneType' is not iterable

pytest/test_app.py:71: TypeError
_____________ TestAnalysisModule.test_features_for_client_behavior _____________

self = <test_app.TestAnalysisModule object at 0x7f706eecd0>
populated_state = <wlan_tool.storage.state.WifiAnalysisState object at 0x7f69104390>

    def test_features_for_client_behavior(self, populated_state):
        client = populated_state.clients['a8:51:ab:0c:b9:e9']
>       features = analysis.features_for_client_behavior(client)
E       AttributeError: module 'wlan_tool.analysis' has no attribute 'features_for_client_behavior'

pytest/test_app.py:108: AttributeError
_________________ TestAnalysisModule.test_cluster_clients_runs _________________

self = <test_app.TestAnalysisModule object at 0x7f706cea50>
populated_state = <wlan_tool.storage.state.WifiAnalysisState object at 0x7f6f137a50>

    def test_cluster_clients_runs(self, populated_state):
>       clustered_df, feature_df = analysis.cluster_clients(populated_state, algo="kmeans", n_clusters=2)
E       AttributeError: module 'wlan_tool.analysis' has no attribute 'cluster_clients'

pytest/test_app.py:117: AttributeError
___________________ TestAnalysisModule.test_profile_clusters ___________________

self = <test_app.TestAnalysisModule object at 0x7f707009d0>

    def test_profile_clusters(self):
        feature_data = {'original_macs': ['mac1', 'mac2'], 'feature1': [10, 20], 'feature2': [1, 2]}
        feature_df = pd.DataFrame(feature_data)
        cluster_data = {'original_macs': ['mac1', 'mac2'], 'cluster': [0, 0]}
        clustered_df = pd.DataFrame(cluster_data)
>       profiles = analysis.profile_clusters(feature_df, clustered_df)
E       AttributeError: module 'wlan_tool.analysis' has no attribute 'profile_clusters'

pytest/test_app.py:128: AttributeError
_____________ TestPacketParsing.test_packet_to_event_probe_request _____________

self = <test_capture.TestPacketParsing object at 0x7f70704810>

    def test_packet_to_event_probe_request(self):
        """Test Probe-Request-Paket zu Event-Konvertierung."""
        rt_layer = RadioTap(
            present="Flags+Channel+dBm_AntSignal",
            Flags="",
            ChannelFrequency=2412,
            dBm_AntSignal=-60
        )
        dot11_layer = Dot11(
            type=0, subtype=4,
            addr1='ff:ff:ff:ff:ff:ff',  # Broadcast
            addr2='aa:bb:cc:dd:ee:ff'   # Client
        )
        ssid_ie = Dot11Elt(
            ID=0,
            info=b'TestSSID'
        )
    
        pkt = rt_layer / dot11_layer / ssid_ie
        pkt.time = time.time()
    
        event = capture.packet_to_event(pkt)
    
        assert event is not None
        assert event['type'] == 'probe_req'
        assert event['client'] == 'aa:bb:cc:dd:ee:ff'
        assert event['rssi'] == -60
>       assert 'TestSSID' in event['ies'][0]
E       AssertionError: assert 'TestSSID' in ['5465737453534944']

pytest/test_capture.py:62: AssertionError
______________ TestPacketParsing.test_packet_to_event_data_frame _______________

self = <test_capture.TestPacketParsing object at 0x7f70704e10>

    def test_packet_to_event_data_frame(self):
        """Test Data-Frame zu Event-Konvertierung."""
>       rt_layer = RadioTap(
            present="Flags+Channel+dBm_AntSignal+MCS_index",
            Flags="",
            ChannelFrequency=2412,
            dBm_AntSignal=-55,
            MCS_index=7
        )

pytest/test_capture.py:66: 
_ _ _ _ _ _ _ _ _ _ _ _ _ _ _ _ _ _ _ _ _ _ _ _ _ _ _ _ _ _ _ _ _ _ _ _ _ _ _ _ 
.venv/lib/python3.11/site-packages/scapy/base_classes.py:399: in __call__
    i.__init__(*args, **kargs)
.venv/lib/python3.11/site-packages/scapy/packet.py:178: in __init__
    self.get_field(fname).any2i(self, value)
.venv/lib/python3.11/site-packages/scapy/fields.py:3052: in any2i
    return self._fixup_val(super(FlagsField, self).any2i(pkt, x))
.venv/lib/python3.11/site-packages/scapy/fields.py:3048: in _fixup_val
    return FlagValue(x, self.names)
.venv/lib/python3.11/site-packages/scapy/fields.py:2835: in __init__
    self.value = self._fixvalue(value)
_ _ _ _ _ _ _ _ _ _ _ _ _ _ _ _ _ _ _ _ _ _ _ _ _ _ _ _ _ _ _ _ _ _ _ _ _ _ _ _ 

self = <[AttributeError("'FlagValue' object has no attribute 'value'") raised in repr()] FlagValue object at 0x7f6b05b6c0>
value = ['Flags', 'Channel', 'dBm_AntSignal', 'MCS_index']

    def _fixvalue(self, value):
        # type: (Any) -> int
        if not value:
            return 0
        if isinstance(value, six.string_types):
            value = value.split('+') if self.multi else list(value)
        if isinstance(value, list):
            y = 0
            for i in value:
>               y |= 1 << self.names.index(i)
E               ValueError: 'MCS_index' is not in list

.venv/lib/python3.11/site-packages/scapy/fields.py:2827: ValueError
____________ TestPacketParsing.test_packet_to_event_with_dns_query _____________

self = <test_capture.TestPacketParsing object at 0x7f70705a50>

    def test_packet_to_event_with_dns_query(self):
        """Test Paket mit DNS-Query."""
        from scapy.layers.dns import DNSQR
    
        rt_layer = RadioTap(
            present="Flags+Channel+dBm_AntSignal",
            Flags="",
            ChannelFrequency=2412,
            dBm_AntSignal=-50
        )
        dot11_layer = Dot11(
            type=2, subtype=0,
            addr1='aa:bb:cc:dd:ee:ff',
            addr2='11:22:33:44:55:66'
        )
        dns_layer = DNSQR(qname=b'example.com')
    
        pkt = rt_layer / dot11_layer / dns_layer
        pkt.time = time.time()
        pkt.dport = 53  # DNS-Port
    
        event = capture.packet_to_event(pkt)
    
        assert event is not None
        assert event['type'] == 'data'
>       assert event['dns_query'] == 'example.com'
E       AssertionError: assert 'example.com.' == 'example.com'
E         
E         - example.com
E         + example.com.
E         ?            +

pytest/test_capture.py:127: AssertionError
_______________ TestPacketParsing.test_packet_to_event_with_dhcp _______________

self = <test_capture.TestPacketParsing object at 0x7f70706050>

    def test_packet_to_event_with_dhcp(self):
        """Test Paket mit DHCP-Informationen."""
        from scapy.layers.dhcp import DHCP, BOOTP
    
        rt_layer = RadioTap(
            present="Flags+Channel+dBm_AntSignal",
            Flags="",
            ChannelFrequency=2412,
            dBm_AntSignal=-50
        )
        dot11_layer = Dot11(
            type=2, subtype=0,
            addr1='aa:bb:cc:dd:ee:ff',
            addr2='11:22:33:44:55:66'
        )
        bootp_layer = BOOTP(chaddr=b'\x11\x22\x33\x44\x55\x66')
        dhcp_layer = DHCP(options=[(53, 3), (12, b'TestHostname')])  # DHCP Request mit Hostname
    
        pkt = rt_layer / dot11_layer / bootp_layer / dhcp_layer
        pkt.time = time.time()
    
        event = capture.packet_to_event(pkt)
    
        assert event is not None
        assert event['type'] == 'data'
>       assert event['hostname'] == 'TestHostname'
E       KeyError: 'hostname'

pytest/test_capture.py:154: KeyError
____________ TestChannelHopper.test_channel_hopper_command_failure _____________

self = <test_capture.TestChannelHopper object at 0x7f70707410>
mock_run = <MagicMock name='run' id='547224058576'>

    @patch('subprocess.run')
    def test_channel_hopper_command_failure(self, mock_run):
        """Test ChannelHopper bei Kommando-Fehlern."""
>       mock_run.side_effect = subprocess.CalledProcessError(1, "iw")
E       NameError: name 'subprocess' is not defined

pytest/test_capture.py:234: NameError
__________________ TestIEExtraction.test_collect_ies_from_pkt __________________

self = <test_capture.TestIEExtraction object at 0x7f70709010>

    def test_collect_ies_from_pkt(self):
        """Test IE-Sammlung aus Paket."""
        # Erstelle Paket mit IEs
        rt_layer = RadioTap()
        dot11_layer = Dot11(type=0, subtype=8)
        beacon_layer = Dot11Beacon()
        ssid_ie = Dot11Elt(ID=0, info=b'TestSSID')
        vendor_ie = Dot11Elt(ID=221, info=b'\x00\x17\xf2\x0a\x01\x01')
    
        pkt = rt_layer / dot11_layer / beacon_layer / ssid_ie / vendor_ie
    
        ies, ie_order = capture._collect_ies_from_pkt(pkt)
    
        assert isinstance(ies, dict)
        assert isinstance(ie_order, list)
        assert 0 in ies  # SSID IE
        assert 221 in ies  # Vendor IE
>       assert 'TestSSID' in ies[0]
E       AssertionError: assert 'TestSSID' in ['5465737453534944']

pytest/test_capture.py:352: AssertionError
______________________ TestIEExtraction.test_extract_seq _______________________

self = <test_capture.TestIEExtraction object at 0x7f70709c10>

    def test_extract_seq(self):
        """Test Sequenznummer-Extraktion."""
        dot11 = Dot11(SC=0x1234)  # SC = 0x1234, >> 4 = 0x123
    
        seq = capture._extract_seq(dot11)
        assert seq == 0x123
    
        # Test mit None
        seq = capture._extract_seq(None)
>       assert seq is None
E       assert 0 is None

pytest/test_capture.py:377: AssertionError
____________ TestErrorHandling.test_packet_to_event_encoding_error _____________

self = <test_capture.TestErrorHandling object at 0x7f7070aa50>

    def test_packet_to_event_encoding_error(self):
        """Test mit Encoding-Fehlern."""
        rt_layer = RadioTap()
        dot11_layer = Dot11(type=0, subtype=8, addr3='aa:bb:cc:dd:ee:ff')
        beacon_layer = Dot11Beacon()
        # Erstelle IE mit ungültigem UTF-8
        ssid_ie = Dot11Elt(ID=0, info=b'\xff\xfe\xfd')
    
        pkt = rt_layer / dot11_layer / beacon_layer / ssid_ie
        pkt.time = time.time()
    
        # Sollte nicht crashen
        event = capture.packet_to_event(pkt)
        if event is not None:
>           assert event['ssid'] == "<binary>"  # Sollte als binary markiert werden
E           AssertionError: assert '<hidden>' == '<binary>'
E             
E             - <binary>
E             + <hidden>

pytest/test_capture.py:410: AssertionError
____________ TestCaptureController.test_select_interface_automatic _____________

self = <test_controllers.TestCaptureController object at 0x7f70726350>
mock_find_interfaces = <MagicMock name='find_wlan_interfaces' id='547149389584'>
mock_console = <MagicMock id='547338163856'>

    @patch('wlan_tool.pre_run_checks.find_wlan_interfaces')
    def test_select_interface_automatic(self, mock_find_interfaces, mock_console):
        """Test automatische Interface-Auswahl."""
        mock_find_interfaces.return_value = ["wlan0", "wlan1"]
    
        args = MagicMock()
        args.iface = None
        config_data = {}
    
        controller = CaptureController(args, config_data, mock_console)
    
[...]
=============================== warnings summary ===============================
tests/conftest.py:12
  /home/pi/hacking/tests/conftest.py:12: DeprecationWarning: 
  Pyarrow will become a required dependency of pandas in the next major release of pandas (pandas 3.0),
  (to allow more performant data types, such as the Arrow string type, and better interoperability with other libraries)
  but was not found to be installed on your system.
  If this would cause problems for you,
  please provide us feedback at https://github.com/pandas-dev/pandas/issues/54466
          
    import pandas as pd

pytest/test_integration.py:192
  /home/pi/hacking/pytest/test_integration.py:192: PytestUnknownMarkWarning: Unknown pytest.mark.network - is this a typo?  You can register custom marks to avoid this warning - for details, see https://docs.pytest.org/en/stable/how-to/mark.html
    @pytest.mark.network

plugins/clustering_advanced/tests/test_clustering_advanced.py::TestAdvancedClusteringPlugin::test_optics_clustering
plugins/clustering_advanced/tests/test_clustering_advanced.py::TestAdvancedClusteringPlugin::test_plugin_run_with_sufficient_data
  /home/pi/hacking/.venv/lib/python3.11/site-packages/sklearn/cluster/_optics.py:659: UserWarning: All reachability values are inf. Set a larger max_eps or all data will be considered outliers.
    warnings.warn(

pytest/test_capture.py::TestSniffingIntegration::test_sniff_with_writer_mock
  /home/pi/hacking/.venv/lib/python3.11/site-packages/_pytest/threadexception.py:77: PytestUnhandledThreadExceptionWarning: Exception in thread ChannelHopper
  
  Traceback (most recent call last):
    File "/home/pi/.pyenv/versions/3.11.9/lib/python3.11/threading.py", line 1045, in _bootstrap_inner
      self.run()
    File "/home/pi/hacking/wlan_tool/capture/sniffer.py", line 205, in run
      subprocess.run(command, check=True, capture_output=True, text=True)
    File "/home/pi/.pyenv/versions/3.11.9/lib/python3.11/subprocess.py", line 550, in run
      stdout, stderr = process.communicate(input, timeout=timeout)
      ^^^^^^^^^^^^^^
  ValueError: not enough values to unpack (expected 2, got 0)
  
    warnings.warn(pytest.PytestUnhandledThreadExceptionWarning(msg))

tests/integration/test_end_to_end.py::TestEndToEndWorkflow::test_error_handling_and_recovery
  /home/pi/hacking/wlan_tool/data_processing/wifi_processor.py:45: UserWarning: Could not infer format, so each element will be parsed individually, falling back to `dateutil`. To ensure parsing is consistent and as-expected, please specify a format.
    processed_data['processed_timestamp'] = pd.to_datetime(processed_data['timestamp'])

-- Docs: https://docs.pytest.org/en/stable/how-to/capture-warnings.html

-------------------------------------------------------------------------------------------------- benchmark: 9 tests --------------------------------------------------------------------------------------------------
Name (time in ms)                               Min                   Max                  Mean              StdDev                Median                 IQR            Outliers      OPS            Rounds  Iterations
------------------------------------------------------------------------------------------------------------------------------------------------------------------------------------------------------------------------
test_file_io_performance                    23.8574 (1.0)        197.3269 (3.74)       136.6777 (2.60)      25.5525 (187.51)     134.7665 (2.57)      18.1014 (103.54)        9;5   7.3165 (0.38)         55           1
test_feature_extraction_performance         52.3721 (2.20)        52.8167 (1.0)         52.5655 (1.0)        0.1363 (1.0)         52.5240 (1.0)        0.1748 (1.0)           5;0  19.0239 (1.0)          16           1
test_data_processing_performance            60.5139 (2.54)       399.0242 (7.55)        81.7029 (1.55)      81.7768 (600.10)      61.8474 (1.18)       1.8128 (10.37)         1;1  12.2395 (0.64)         17           1
test_clustering_scalability                 83.2225 (3.49)        94.6828 (1.79)        89.9342 (1.71)       3.1437 (23.07)       90.2790 (1.72)       3.7302 (21.34)         3;0  11.1192 (0.58)         11           1
test_feature_scaling_performance           152.2856 (6.38)       152.6441 (2.89)       152.4573 (2.90)       0.1383 (1.02)       152.4485 (2.90)       0.2060 (1.18)          2;0   6.5592 (0.34)          5           1
test_parallel_processing_performance       162.8323 (6.83)       215.2690 (4.08)       192.9771 (3.67)      17.9691 (131.86)     193.9426 (3.69)      25.3169 (144.82)        2;0   5.1820 (0.27)          7           1
test_csv_io_performance                    326.4694 (13.68)      365.3098 (6.92)       336.7504 (6.41)      16.0943 (118.11)     330.6912 (6.30)      11.6662 (66.73)         1;1   2.9696 (0.16)          5           1
test_memory_usage_large_dataset            526.1514 (22.05)      785.9911 (14.88)      666.7845 (12.68)    124.6410 (914.66)     725.2735 (13.81)    229.4335 (>1000.0)       2;0   1.4997 (0.08)          5           1
test_random_forest_performance           7,747.6451 (324.75)   7,895.2477 (149.48)   7,828.5756 (148.93)    69.3729 (509.08)   7,840.4354 (149.27)   132.4305 (757.51)        1;0   0.1277 (0.01)          5           1
------------------------------------------------------------------------------------------------------------------------------------------------------------------------------------------------------------------------

Legend:
  Outliers: 1 Standard Deviation from Mean; 1.5 IQR (InterQuartile Range) from 1st Quartile and 3rd Quartile.
  OPS: Operations Per Second, computed as 1 / Mean
=========================== short test summary info ============================
FAILED plugins/clustering_advanced/tests/test_clustering_advanced.py::TestAdvancedClusteringPlugin::test_spectral_clustering
FAILED plugins/clustering_advanced/tests/test_clustering_advanced.py::TestAdvancedClusteringPlugin::test_hierarchical_clustering
FAILED plugins/clustering_advanced/tests/test_clustering_advanced.py::TestAdvancedClusteringPlugin::test_gaussian_mixture
FAILED plugins/clustering_advanced/tests/test_clustering_advanced.py::TestAdvancedClusteringPlugin::test_hdbscan_clustering
FAILED plugins/ensemble_models/tests/test_ensemble_models.py::TestEnsembleModelsPlugin::test_ensemble_model_builder_creation
FAILED plugins/ensemble_models/tests/test_ensemble_models.py::TestEnsembleModelsPlugin::test_model_performance_evaluation
FAILED plugins/ensemble_models/tests/test_ensemble_models.py::TestEnsembleModelsPlugin::test_plugin_run_with_sufficient_data
FAILED plugins/ensemble_models/tests/test_ensemble_models.py::TestEnsembleModelsPlugin::test_performance_visualization_creation
FAILED plugins/ensemble_models/tests/test_ensemble_models.py::TestEnsembleModelsPlugin::test_ensemble_model_builder_integration
FAILED plugins/reinforcement_learning/tests/test_reinforcement_learning.py::TestReinforcementLearningPlugin::test_environment_observation
FAILED plugins/reinforcement_learning/tests/test_reinforcement_learning.py::TestReinforcementLearningPlugin::test_environment_step
FAILED plugins/reinforcement_learning/tests/test_reinforcement_learning.py::TestReinforcementLearningPlugin::test_environment_action_execution
FAILED plugins/reinforcement_learning/tests/test_reinforcement_learning.py::TestReinforcementLearningPlugin::test_simple_rl_agent_epsilon_decay
FAILED plugins/reinforcement_learning/tests/test_reinforcement_learning.py::TestReinforcementLearningPlugin::test_plugin_run_with_sufficient_data
FAILED plugins/reinforcement_learning/tests/test_reinforcement_learning.py::TestReinforcementLearningPlugin::test_plugin_run_without_pytorch
FAILED plugins/reinforcement_learning/tests/test_reinforcement_learning.py::TestReinforcementLearningPlugin::test_training_results_structure
FAILED plugins/reinforcement_learning/tests/test_reinforcement_learning.py::TestReinforcementLearningPlugin::test_agent_save_load
FAILED plugins/reinforcement_learning/tests/test_reinforcement_learning.py::TestReinforcementLearningPlugin::test_environment_performance_metrics_update
FAILED plugins/sankey/tests/test_sankey.py::TestSankeyPlugin::test_plugin_run_with_roaming_events
FAILED plugins/sankey/tests/test_sankey.py::TestSankeyPlugin::test_plugin_run_with_sufficient_data
FAILED plugins/umap_plot/tests/test_umap_plot.py::TestUMAPPlotPlugin::test_plugin_metadata
FAILED plugins/umap_plot/tests/test_umap_plot.py::TestUMAPPlotPlugin::test_plugin_run_with_valid_data
FAILED plugins/umap_plot/tests/test_umap_plot.py::TestUMAPPlotPlugin::test_plugin_run_without_clustered_data
FAILED plugins/umap_plot/tests/test_umap_plot.py::TestUMAPPlotPlugin::test_plugin_run_with_empty_feature_data
FAILED plugins/umap_plot/tests/test_umap_plot.py::TestUMAPPlotPlugin::test_plugin_run_with_exception
FAILED pytest/test_analysis.py::TestAnalysisLogic::test_profile_clusters - Ke...
FAILED pytest/test_analysis.py::TestAnalysisLogic::test_cluster_aps - ValueEr...
FAILED pytest/test_analysis.py::TestAnalysisLogic::test_profile_ap_clusters
FAILED pytest/test_analysis.py::TestDeviceProfiler::test_create_device_fingerprint_empty_state
FAILED pytest/test_analysis.py::TestGraphExport::test_build_export_graph - As...
FAILED pytest/test_analysis.py::TestGraphExport::test_discover_attributes - A...
FAILED pytest/test_analysis.py::TestAnalysisEdgeCases::test_single_client_analysis
FAILED pytest/test_analysis.py::TestAnalysisEdgeCases::test_malformed_event_handling
FAILED pytest/test_app.py::TestUtilsModule::test_intelligent_vendor_lookup - ...
FAILED pytest/test_app.py::TestAnalysisModule::test_features_for_client_behavior
FAILED pytest/test_app.py::TestAnalysisModule::test_cluster_clients_runs - At...
FAILED pytest/test_app.py::TestAnalysisModule::test_profile_clusters - Attrib...
FAILED pytest/test_capture.py::TestPacketParsing::test_packet_to_event_probe_request
FAILED pytest/test_capture.py::TestPacketParsing::test_packet_to_event_data_frame
FAILED pytest/test_capture.py::TestPacketParsing::test_packet_to_event_with_dns_query
FAILED pytest/test_capture.py::TestPacketParsing::test_packet_to_event_with_dhcp
FAILED pytest/test_capture.py::TestChannelHopper::test_channel_hopper_command_failure
FAILED pytest/test_capture.py::TestIEExtraction::test_collect_ies_from_pkt - ...
FAILED pytest/test_capture.py::TestIEExtraction::test_extract_seq - assert 0 ...
FAILED pytest/test_capture.py::TestErrorHandling::test_packet_to_event_encoding_error
FAILED pytest/test_controllers.py::TestCaptureController::test_select_interface_automatic
FAILED pytest/test_controllers.py::TestCaptureController::test_select_interface_no_interfaces
FAILED pytest/test_controllers.py::TestCaptureController::test_setup_monitor_mode_failure
FAILED pytest/test_controllers.py::TestAnalysisController::test_analysis_controller_initialization
FAILED pytest/test_controllers.py::TestAnalysisController::test_run_inference
FAILED pytest/test_controllers.py::TestAnalysisController::test_run_client_clustering
FAILED pytest/test_controllers.py::TestAnalysisController::test_run_ap_clustering
FAILED pytest/test_controllers.py::TestAnalysisController::test_run_graph_export
FAILED pytest/test_controllers.py::TestAnalysisController::test_run_labeling_ui
FAILED pytest/test_controllers.py::TestAnalysisController::test_run_client_labeling_ui
FAILED pytest/test_controllers.py::TestAnalysisController::test_run_mac_correlation
FAILED pytest/test_controllers.py::TestAnalysisController::test_run_analysis_no_actions
FAILED pytest/test_controllers.py::TestAnalysisController::test_run_analysis_multiple_actions
FAILED pytest/test_controllers.py::TestControllerEdgeCases::test_analysis_controller_empty_state
FAILED pytest/test_controllers.py::TestControllerEdgeCases::test_analysis_controller_with_plugins
FAILED pytest/test_controllers.py::TestControllerIntegration::test_full_analysis_workflow
FAILED pytest/test_error_handling.py::TestErrorContext::test_error_context_exception
FAILED pytest/test_error_handling.py::TestLoggingSystem::test_setup_logging
FAILED pytest/test_error_handling.py::TestDatabaseErrorHandling::test_database_connection_error
FAILED pytest/test_error_handling.py::TestDatabaseErrorHandling::test_database_migration_error
FAILED pytest/test_error_handling.py::TestAnalysisErrorHandling::test_client_features_null_state
FAILED pytest/test_error_handling.py::TestAnalysisErrorHandling::test_client_features_invalid_type
FAILED pytest/test_error_handling.py::TestAnalysisErrorHandling::test_clustering_invalid_parameters
FAILED pytest/test_error_handling.py::TestFileSystemErrorHandling::test_csv_export_invalid_path
FAILED pytest/test_error_handling.py::TestFileSystemErrorHandling::test_csv_export_missing_db
FAILED pytest/test_error_handling.py::TestErrorHandlingEdgeCases::test_nested_error_contexts
FAILED pytest/test_integration.py::TestEndToEndWorkflow::test_complete_analysis_pipeline
FAILED pytest/test_integration.py::TestEndToEndWorkflow::test_database_integration
FAILED pytest/test_integration.py::TestEndToEndWorkflow::test_config_integration
FAILED pytest/test_integration.py::TestDataFlow::test_state_persistence - wla...
FAILED pytest/test_integration.py::TestLargeDataset::test_large_dataset_processing
FAILED pytest/test_integration.py::TestErrorRecovery::test_malformed_event_handling
FAILED pytest/test_integration.py::TestMemoryManagement::test_memory_usage_large_state
FAILED pytest/test_integration.py::TestMemoryManagement::test_state_pruning_memory_release
FAILED pytest/test_performance.py::TestAnalysisPerformance::test_clustering_performance
FAILED pytest/test_performance.py::TestAnalysisPerformance::test_inference_performance
FAILED pytest/test_performance.py::TestMemoryPerformance::test_memory_usage_large_state
FAILED pytest/test_performance.py::TestMemoryPerformance::test_memory_cleanup_after_pruning
FAILED pytest/test_performance.py::TestDatabasePerformance::test_database_write_performance
FAILED pytest/test_performance.py::TestDatabasePerformance::test_database_read_performance
FAILED pytest/test_performance.py::TestScalabilityPerformance::test_scalability_with_dataset_size
FAILED pytest/test_presentation.py::TestCLIModule::test_print_client_cluster_results
FAILED pytest/test_presentation.py::TestCLIModule::test_print_ap_cluster_results
FAILED pytest/test_presentation.py::TestCLIEdgeCases::test_print_client_cluster_results_empty_data
FAILED pytest/test_presentation.py::TestPerformance::test_large_dataset_handling
FAILED pytest/test_storage.py::TestAPState::test_ap_state_update_from_beacon
FAILED pytest/test_storage.py::TestWifiAnalysisState::test_state_pruning - As...
FAILED pytest/test_storage.py::TestWifiAnalysisState::test_state_ssid_mapping
FAILED pytest/test_storage.py::TestDatabaseModule::test_fetch_events - Attrib...
FAILED pytest/test_storage.py::TestDatabaseModule::test_add_label - Assertion...
FAILED pytest/test_utils.py::TestOUIFunctions::test_lookup_vendor_apple_mac
FAILED pytest/test_utils.py::TestOUIFunctions::test_lookup_vendor_unknown_mac
FAILED pytest/test_utils.py::TestIEParsing::test_parse_ies_vendor_specific - ...
FAILED pytest/test_utils.py::TestIEParsing::test_parse_ies_ht_capabilities - ...
FAILED pytest/test_utils.py::TestUtilityFunctions::test_is_local_admin_mac - ...
FAILED pytest/test_utils.py::TestUtilityFunctions::test_is_valid_bssid - Asse...
FAILED pytest/test_utils.py::TestUtilityFunctions::test_ie_fingerprint_hash
FAILED pytest/test_utils.py::TestUtilityFunctions::test_ie_fingerprint_hash_empty
FAILED pytest/test_utils.py::TestConfigFunctions::test_load_config_default - ...
FAILED pytest/test_utils.py::TestConfigFunctions::test_load_config_specific_profile
FAILED pytest/test_utils.py::TestConfigFunctions::test_load_config_missing_file
FAILED pytest/test_utils.py::TestEdgeCases::test_ie_fingerprint_hash_unicode
FAILED pytest/test_utils.py::TestEdgeCases::test_config_loading_with_invalid_yaml
FAILED tests/integration/test_end_to_end.py::TestEndToEndWorkflow::test_complete_wifi_analysis_workflow
FAILED tests/integration/test_end_to_end.py::TestEndToEndWorkflow::test_plugin_integration_workflow
FAILED tests/integration/test_end_to_end.py::TestEndToEndWorkflow::test_data_pipeline_with_file_io
FAILED tests/integration/test_end_to_end.py::TestEndToEndWorkflow::test_error_handling_and_recovery
FAILED tests/integration/test_end_to_end.py::TestEndToEndWorkflow::test_performance_under_load
FAILED tests/integration/test_end_to_end.py::TestEndToEndWorkflow::test_concurrent_processing
FAILED tests/performance/test_benchmarks.py::TestClusteringBenchmarks::test_kmeans_performance
FAILED tests/performance/test_benchmarks.py::TestClusteringBenchmarks::test_dbscan_performance
FAILED tests/performance/test_benchmarks.py::TestClusteringBenchmarks::test_hierarchical_performance
FAILED tests/performance/test_benchmarks.py::TestClusteringBenchmarks::test_clustering_scalability
FAILED tests/performance/test_benchmarks.py::TestDataProcessingBenchmarks::test_data_processing_performance
FAILED tests/performance/test_benchmarks.py::TestDataProcessingBenchmarks::test_feature_extraction_performance
FAILED tests/performance/test_benchmarks.py::TestDataProcessingBenchmarks::test_feature_scaling_performance
FAILED tests/performance/test_benchmarks.py::TestClassificationBenchmarks::test_random_forest_performance
FAILED tests/performance/test_benchmarks.py::TestClassificationBenchmarks::test_svm_performance
FAILED tests/performance/test_benchmarks.py::TestMemoryBenchmarks::test_memory_usage_clustering
FAILED tests/performance/test_benchmarks.py::TestMemoryBenchmarks::test_memory_usage_large_dataset
FAILED tests/performance/test_benchmarks.py::TestConcurrentBenchmarks::test_parallel_processing_performance
FAILED tests/performance/test_benchmarks.py::TestIOBenchmarks::test_file_io_performance
FAILED tests/performance/test_benchmarks.py::TestIOBenchmarks::test_csv_io_performance
FAILED tests/performance/test_memory_profiling.py::TestMemoryUsage::test_memory_usage_clustering
FAILED tests/performance/test_memory_profiling.py::TestMemoryProfiling::test_detailed_memory_profiling
FAILED tests/performance/test_memory_profiling.py::TestMemoryProfiling::test_memory_profiling_garbage_collection
FAILED tests/performance/test_memory_profiling.py::TestMemoryOptimization::test_memory_usage_data_types
FAILED tests/unit/test_data_processing.py::TestDataValidator::test_validate_valid_data
FAILED tests/unit/test_ml_models.py::TestClusteringModel::test_fit_kmeans - T...
FAILED tests/unit/test_ml_models.py::TestClusteringModel::test_predict_after_fit
FAILED tests/unit/test_ml_models.py::TestClusteringModel::test_get_cluster_centers
FAILED tests/unit/test_ml_models.py::TestClusteringModel::test_evaluate_clustering
FAILED tests/unit/test_ml_models.py::TestClusteringModel::test_invalid_algorithm
FAILED tests/unit/test_ml_models.py::TestClusteringModel::test_hyperparameter_validation
FAILED tests/unit/test_ml_models.py::TestClassificationModel::test_cross_validation
FAILED tests/unit/test_ml_models.py::TestEnsembleModel::test_fit_voting_classifier
FAILED tests/unit/test_ml_models.py::TestEnsembleModel::test_fit_bagging - Ty...
FAILED tests/unit/test_ml_models.py::TestEnsembleModel::test_fit_boosting - T...
FAILED tests/unit/test_ml_models.py::TestEnsembleModel::test_predict_ensemble
FAILED tests/unit/test_ml_models.py::TestEnsembleModel::test_evaluate_ensemble
FAILED tests/unit/test_ml_models.py::TestEnsembleModel::test_individual_estimator_performance
FAILED tests/unit/test_ml_models.py::TestEnsembleModel::test_invalid_algorithm
FAILED tests/unit/test_ml_models.py::TestEnsembleModel::test_empty_estimators
FAILED tests/unit/test_ml_models.py::TestModelPersistence::test_save_load_model
FAILED tests/unit/test_ml_models.py::TestModelPersistence::test_save_load_ensemble
=========== 150 failed, 210 passed, 6 warnings in 139.26s (0:02:19) ============
