============================= test session starts ==============================
platform linux -- Python 3.11.9, pytest-8.2.0, pluggy-1.6.0
benchmark: 5.1.0 (defaults: timer=time.perf_counter disable_gc=False min_rounds=5 min_time=0.000005 max_time=1.0 calibration_precision=10 warmup=False warmup_iterations=100000)
rootdir: /home/pi/Ai_agent/hacking
configfile: pytest.ini
plugins: sugar-1.1.1, xdist-3.8.0, cov-7.0.0, hypothesis-6.142.3, mock-3.12.0, html-4.1.1, benchmark-5.1.0, Faker-37.11.0, testmon-2.1.3, metadata-3.1.1, json-report-1.5.0
collected 367 items

plugins/clustering_advanced/tests/test_clustering_advanced.py .......... [  2%]
.....                                                                    [  4%]
plugins/ensemble_models/tests/test_ensemble_models.py ..........         [  6%]
plugins/example_plugin/tests/test_example_plugin.py ..                   [  7%]
plugins/reinforcement_learning/tests/test_reinforcement_learning.py .... [  8%]
.F............                                                           [ 12%]
plugins/sankey/tests/test_sankey.py ......                               [ 13%]
plugins/umap_plot/tests/test_umap_plot.py ........                       [ 16%]
pytest/test_analysis.py ..........................                       [ 23%]
pytest/test_app.py ...........                                           [ 26%]
pytest/test_capture.py ..F..F....F......F.F.                             [ 31%]
pytest/test_controllers.py .FF..F....FFFFFFFFF...F.F                     [ 38%]
pytest/test_error_handling.py ......................F..FFFFFFF..F...     [ 49%]
pytest/test_integration.py .FF.FF..F..FF                                 [ 52%]
pytest/test_performance.py ....FFFFFF.F                                  [ 55%]
pytest/test_presentation.py F............F....F.                         [ 61%]
pytest/test_storage.py .........F.....F..FF...                           [ 67%]
pytest/test_utils.py F.F..........FFFF.FFF.....F.F                       [ 75%]
tests/integration/test_end_to_end.py FFFFFF                              [ 77%]
tests/performance/test_benchmarks.py FFFFFFFFFFFFFF                      [ 80%]
tests/performance/test_memory_profiling.py ..F...F.F..F                  [ 84%]
tests/unit/test_data_processing.py ................F.....                [ 90%]
tests/unit/test_ml_models.py .F..FFFFF.......F.FFFFFFFFFFF               [ 98%]
tests/unit/test_utils_failed.py EEEEEEE                                  [100%]

==================================== ERRORS ====================================
________________ ERROR at setup of test_lookup_vendor_apple_mac ________________
file /home/pi/Ai_agent/hacking/tests/unit/test_utils_failed.py, line 3
  def test_lookup_vendor_apple_mac(self):
E       fixture 'self' not found
>       available fixtures: _session_faker, benchmark, benchmark_weave, cache, capfd, capfdbinary, caplog, capsys, capsysbinary, class_mocker, clustering_analyzer, cov, device_classifier, doctest_namespace, ensemble_model, extra, extras, faker, include_metadata_in_junit_xml, json_metadata, large_dataset, metadata, mock_logger, mock_pcap_file, mock_rich_console, mock_sklearn_model, mocker, module_mocker, monkeypatch, no_cover, package_mocker, pytestconfig, record_property, record_testsuite_property, record_xml_attribute, recwarn, sample_features, sample_labels, sample_wifi_data, session_mocker, temp_dir, testrun_uid, tmp_path, tmp_path_factory, tmpdir, tmpdir_factory, wifi_data_strategy, worker_id
>       use 'pytest --fixtures [testpath]' for help on them.

/home/pi/Ai_agent/hacking/tests/unit/test_utils_failed.py:3
_____________ ERROR at setup of test_lookup_vendor_randomized_mac ______________
file /home/pi/Ai_agent/hacking/tests/unit/test_utils_failed.py, line 12
  def test_lookup_vendor_randomized_mac(self):
E       fixture 'self' not found
>       available fixtures: _session_faker, benchmark, benchmark_weave, cache, capfd, capfdbinary, caplog, capsys, capsysbinary, class_mocker, clustering_analyzer, cov, device_classifier, doctest_namespace, ensemble_model, extra, extras, faker, include_metadata_in_junit_xml, json_metadata, large_dataset, metadata, mock_logger, mock_pcap_file, mock_rich_console, mock_sklearn_model, mocker, module_mocker, monkeypatch, no_cover, package_mocker, pytestconfig, record_property, record_testsuite_property, record_xml_attribute, recwarn, sample_features, sample_labels, sample_wifi_data, session_mocker, temp_dir, testrun_uid, tmp_path, tmp_path_factory, tmpdir, tmpdir_factory, wifi_data_strategy, worker_id
>       use 'pytest --fixtures [testpath]' for help on them.

/home/pi/Ai_agent/hacking/tests/unit/test_utils_failed.py:12
_______________ ERROR at setup of test_lookup_vendor_unknown_mac _______________
file /home/pi/Ai_agent/hacking/tests/unit/test_utils_failed.py, line 21
  def test_lookup_vendor_unknown_mac(self):
E       fixture 'self' not found
>       available fixtures: _session_faker, benchmark, benchmark_weave, cache, capfd, capfdbinary, caplog, capsys, capsysbinary, class_mocker, clustering_analyzer, cov, device_classifier, doctest_namespace, ensemble_model, extra, extras, faker, include_metadata_in_junit_xml, json_metadata, large_dataset, metadata, mock_logger, mock_pcap_file, mock_rich_console, mock_sklearn_model, mocker, module_mocker, monkeypatch, no_cover, package_mocker, pytestconfig, record_property, record_testsuite_property, record_xml_attribute, recwarn, sample_features, sample_labels, sample_wifi_data, session_mocker, temp_dir, testrun_uid, tmp_path, tmp_path_factory, tmpdir, tmpdir_factory, wifi_data_strategy, worker_id
>       use 'pytest --fixtures [testpath]' for help on them.

/home/pi/Ai_agent/hacking/tests/unit/test_utils_failed.py:21
_______________ ERROR at setup of test_intelligent_vendor_lookup _______________
file /home/pi/Ai_agent/hacking/tests/unit/test_utils_failed.py, line 30
  def test_intelligent_vendor_lookup(self, mock_client_state):
E       fixture 'self' not found
>       available fixtures: _session_faker, benchmark, benchmark_weave, cache, capfd, capfdbinary, caplog, capsys, capsysbinary, class_mocker, clustering_analyzer, cov, device_classifier, doctest_namespace, ensemble_model, extra, extras, faker, include_metadata_in_junit_xml, json_metadata, large_dataset, metadata, mock_logger, mock_pcap_file, mock_rich_console, mock_sklearn_model, mocker, module_mocker, monkeypatch, no_cover, package_mocker, pytestconfig, record_property, record_testsuite_property, record_xml_attribute, recwarn, sample_features, sample_labels, sample_wifi_data, session_mocker, temp_dir, testrun_uid, tmp_path, tmp_path_factory, tmpdir, tmpdir_factory, wifi_data_strategy, worker_id
>       use 'pytest --fixtures [testpath]' for help on them.

/home/pi/Ai_agent/hacking/tests/unit/test_utils_failed.py:30
___________ ERROR at setup of test_intelligent_vendor_lookup_no_ies ____________
file /home/pi/Ai_agent/hacking/tests/unit/test_utils_failed.py, line 40
  def test_intelligent_vendor_lookup_no_ies(self, mock_client_state):
E       fixture 'self' not found
>       available fixtures: _session_faker, benchmark, benchmark_weave, cache, capfd, capfdbinary, caplog, capsys, capsysbinary, class_mocker, clustering_analyzer, cov, device_classifier, doctest_namespace, ensemble_model, extra, extras, faker, include_metadata_in_junit_xml, json_metadata, large_dataset, metadata, mock_logger, mock_pcap_file, mock_rich_console, mock_sklearn_model, mocker, module_mocker, monkeypatch, no_cover, package_mocker, pytestconfig, record_property, record_testsuite_property, record_xml_attribute, recwarn, sample_features, sample_labels, sample_wifi_data, session_mocker, temp_dir, testrun_uid, tmp_path, tmp_path_factory, tmpdir, tmpdir_factory, wifi_data_strategy, worker_id
>       use 'pytest --fixtures [testpath]' for help on them.

/home/pi/Ai_agent/hacking/tests/unit/test_utils_failed.py:40
_______________ ERROR at setup of test_download_oui_file_success _______________
file /home/pi/Ai_agent/hacking/tests/unit/test_utils_failed.py, line 50
  def test_download_oui_file_success(self, mock_oui_path):
E       fixture 'self' not found
>       available fixtures: _session_faker, benchmark, benchmark_weave, cache, capfd, capfdbinary, caplog, capsys, capsysbinary, class_mocker, clustering_analyzer, cov, device_classifier, doctest_namespace, ensemble_model, extra, extras, faker, include_metadata_in_junit_xml, json_metadata, large_dataset, metadata, mock_logger, mock_pcap_file, mock_rich_console, mock_sklearn_model, mocker, module_mocker, monkeypatch, no_cover, package_mocker, pytestconfig, record_property, record_testsuite_property, record_xml_attribute, recwarn, sample_features, sample_labels, sample_wifi_data, session_mocker, temp_dir, testrun_uid, tmp_path, tmp_path_factory, tmpdir, tmpdir_factory, wifi_data_strategy, worker_id
>       use 'pytest --fixtures [testpath]' for help on them.

/home/pi/Ai_agent/hacking/tests/unit/test_utils_failed.py:50
_______________ ERROR at setup of test_download_oui_file_failure _______________
file /home/pi/Ai_agent/hacking/tests/unit/test_utils_failed.py, line 71
  def test_download_oui_file_failure(self, mock_oui_path):
E       fixture 'self' not found
>       available fixtures: _session_faker, benchmark, benchmark_weave, cache, capfd, capfdbinary, caplog, capsys, capsysbinary, class_mocker, clustering_analyzer, cov, device_classifier, doctest_namespace, ensemble_model, extra, extras, faker, include_metadata_in_junit_xml, json_metadata, large_dataset, metadata, mock_logger, mock_pcap_file, mock_rich_console, mock_sklearn_model, mocker, module_mocker, monkeypatch, no_cover, package_mocker, pytestconfig, record_property, record_testsuite_property, record_xml_attribute, recwarn, sample_features, sample_labels, sample_wifi_data, session_mocker, temp_dir, testrun_uid, tmp_path, tmp_path_factory, tmpdir, tmpdir_factory, wifi_data_strategy, worker_id
>       use 'pytest --fixtures [testpath]' for help on them.

/home/pi/Ai_agent/hacking/tests/unit/test_utils_failed.py:71
=================================== FAILURES ===================================
_________ TestReinforcementLearningPlugin.test_environment_observation _________

self = <plugins.reinforcement_learning.tests.test_reinforcement_learning.TestReinforcementLearningPlugin object at 0x7f868a2010>
plugin = <plugins.reinforcement_learning.plugin.Plugin object at 0x7f5d3f4950>
mock_state = <wlan_tool.storage.state.WifiAnalysisState object at 0x7f5d3f6d90>
mock_events = [{'client': 'aa:bb:cc:dd:ee:00', 'ts': 1000.0, 'type': 'probe_req'}, {'client': 'aa:bb:cc:dd:ee:01', 'ts': 1001.0, 'type': 'probe_req'}]

    def test_environment_observation(self, plugin, mock_state, mock_events):
        """Test Environment Observation."""
        env = plugin._WiFiScanningEnvironment(mock_state, mock_events)
        obs = env._get_observation()
    
        assert len(obs) == 10
        assert all(0 <= val <= 1 for val in obs)  # Normalisierte Werte
>       assert obs[0] == 1.0 / 48.0  # current_channel normalisiert
E       assert 0.020833334 == (1.0 / 48.0)

plugins/reinforcement_learning/tests/test_reinforcement_learning.py:141: AssertionError
______________ TestPacketParsing.test_packet_to_event_data_frame _______________

self = <test_capture.TestPacketParsing object at 0x7f650d6bd0>

    def test_packet_to_event_data_frame(self):
        """Test Data-Frame zu Event-Konvertierung."""
        rt_layer = RadioTap(
            present="Flags+Channel+dBm_AntSignal",
            Flags=0,
            ChannelFrequency=2412,
            dBm_AntSignal=-55
        )
        dot11_layer = Dot11(
            type=2, subtype=0,
            addr1='aa:bb:cc:dd:ee:ff',  # BSSID
            addr2='11:22:33:44:55:66'   # Client
        )
    
        pkt = rt_layer / dot11_layer
        pkt.time = time.time()
    
        event = capture.packet_to_event(pkt)
    
        assert event is not None
        assert event['type'] == 'data'
        assert event['client'] == '11:22:33:44:55:66'
        assert event['bssid'] == 'aa:bb:cc:dd:ee:ff'
        assert event['rssi'] == -55
>       assert event['mcs_index'] == 7
E       KeyError: 'mcs_index'

pytest/test_capture.py:89: KeyError
_______________ TestPacketParsing.test_packet_to_event_with_dhcp _______________

self = <test_capture.TestPacketParsing object at 0x7f650d7e10>

    def test_packet_to_event_with_dhcp(self):
        """Test Paket mit DHCP-Informationen."""
        from scapy.layers.dhcp import DHCP, BOOTP
    
        rt_layer = RadioTap(
            present="Flags+Channel+dBm_AntSignal",
            Flags=0,
            ChannelFrequency=2412,
            dBm_AntSignal=-50
        )
        dot11_layer = Dot11(
            type=2, subtype=0,
            addr1='aa:bb:cc:dd:ee:ff',
            addr2='11:22:33:44:55:66'
        )
        bootp_layer = BOOTP(chaddr=b'\x11\x22\x33\x44\x55\x66')
        dhcp_layer = DHCP(options=[(53, 3), (12, b'TestHostname')])  # DHCP Request mit Hostname
    
        pkt = rt_layer / dot11_layer / bootp_layer / dhcp_layer
        pkt.time = time.time()
    
        event = capture.packet_to_event(pkt)
    
        assert event is not None
        assert event['type'] == 'data'
>       assert event['hostname'] == 'TestHostname'
E       KeyError: 'hostname'

pytest/test_capture.py:154: KeyError
____________ TestChannelHopper.test_channel_hopper_command_failure _____________

self = <test_capture.TestChannelHopper object at 0x7f650e08d0>
mock_run = <MagicMock name='run' id='547014180432'>

    @patch('subprocess.run')
    def test_channel_hopper_command_failure(self, mock_run):
        """Test ChannelHopper bei Kommando-Fehlern."""
>       mock_run.side_effect = subprocess.CalledProcessError(1, "iw")
E       NameError: name 'subprocess' is not defined

pytest/test_capture.py:234: NameError
______________________ TestIEExtraction.test_extract_seq _______________________

self = <test_capture.TestIEExtraction object at 0x7f650e39d0>

    def test_extract_seq(self):
        """Test Sequenznummer-Extraktion."""
        dot11 = Dot11(SC=0x1234)  # SC = 0x1234, >> 4 = 0x123
    
        seq = capture._extract_seq(dot11)
        assert seq == 0x123
    
        # Test mit None
        seq = capture._extract_seq(None)
>       assert seq is None
E       assert 0 is None

pytest/test_capture.py:381: AssertionError
____________ TestErrorHandling.test_packet_to_event_encoding_error _____________

self = <test_capture.TestErrorHandling object at 0x7f650e4850>

    def test_packet_to_event_encoding_error(self):
        """Test mit Encoding-Fehlern."""
        rt_layer = RadioTap()
        dot11_layer = Dot11(type=0, subtype=8, addr3='aa:bb:cc:dd:ee:ff')
        beacon_layer = Dot11Beacon()
        # Erstelle IE mit ungültigem UTF-8
        ssid_ie = Dot11Elt(ID=0, info=b'\xff\xfe\xfd')
    
        pkt = rt_layer / dot11_layer / beacon_layer / ssid_ie
        pkt.time = time.time()
    
        # Sollte nicht crashen - packet_to_event fängt Encoding-Fehler ab
        event = capture.packet_to_event(pkt)
        if event is not None:
>           assert event['ssid'] == "<binary>"  # Sollte als binary markiert werden
E           AssertionError: assert '<hidden>' == '<binary>'
E             
E             - <binary>
E             + <hidden>

pytest/test_capture.py:414: AssertionError
____________ TestCaptureController.test_select_interface_automatic _____________

self = <test_controllers.TestCaptureController object at 0x7f650f4610>
mock_find_interfaces = <MagicMock name='find_wlan_interfaces' id='546960501456'>
mock_console = <MagicMock id='546960360784'>

    @patch('wlan_tool.pre_run_checks.find_wlan_interfaces')
    def test_select_interface_automatic(self, mock_find_interfaces, mock_console):
        """Test automatische Interface-Auswahl."""
        mock_find_interfaces.return_value = ["wlan0", "wlan1"]
    
        args = MagicMock()
        args.iface = None
        config_data = {}
    
        controller = CaptureController(args, config_data, mock_console)
    
        with patch('rich.prompt.Prompt.ask', return_value="wlan0"):
>           iface = controller._select_interface()

pytest/test_controllers.py:44: 
_ _ _ _ _ _ _ _ _ _ _ _ _ _ _ _ _ _ _ _ _ _ _ _ _ _ _ _ _ _ _ _ _ _ _ _ _ _ _ _ 

self = <wlan_tool.controllers.CaptureController object at 0x7f5b6c9bd0>

    def _select_interface(self) -> Optional[str]:
        """Wählt das zu verwendende physische WLAN-Interface aus."""
        iface = self.args.iface
        if not iface:
            self.console.print(
                "[bold cyan]Kein Interface angegeben. Suche nach geeigneten WLAN-Interfaces...[/bold cyan]"
            )
>           suitable_ifaces = pre_run_checks.find_wlan_interfaces()
E           NameError: name 'pre_run_checks' is not defined

wlan_tool/controllers.py:124: NameError
__________ TestCaptureController.test_select_interface_no_interfaces ___________

self = <test_controllers.TestCaptureController object at 0x7f650f49d0>
mock_find_interfaces = <MagicMock name='find_wlan_interfaces' id='546960372944'>
mock_console = <MagicMock id='546994690384'>

    @patch('wlan_tool.pre_run_checks.find_wlan_interfaces')
    def test_select_interface_no_interfaces(self, mock_find_interfaces, mock_console):
        """Test Interface-Auswahl ohne verfügbare Interfaces."""
        mock_find_interfaces.return_value = []
    
        args = MagicMock()
        args.iface = None
        config_data = {}
    
        controller = CaptureController(args, config_data, mock_console)
    
>       iface = controller._select_interface()

pytest/test_controllers.py:61: 
_ _ _ _ _ _ _ _ _ _ _ _ _ _ _ _ _ _ _ _ _ _ _ _ _ _ _ _ _ _ _ _ _ _ _ _ _ _ _ _ 

self = <wlan_tool.controllers.CaptureController object at 0x7f5c8d1fd0>

    def _select_interface(self) -> Optional[str]:
        """Wählt das zu verwendende physische WLAN-Interface aus."""
        iface = self.args.iface
        if not iface:
            self.console.print(
                "[bold cyan]Kein Interface angegeben. Suche nach geeigneten WLAN-Interfaces...[/bold cyan]"
            )
>           suitable_ifaces = pre_run_checks.find_wlan_interfaces()
E           NameError: name 'pre_run_checks' is not defined

wlan_tool/controllers.py:124: NameError
____________ TestCaptureController.test_setup_monitor_mode_failure _____________

self = <wlan_tool.controllers.CaptureController object at 0x7f5b613f90>
physical_iface = 'wlan0'

    def _setup_monitor_mode(self, physical_iface: str) -> Optional[str]:
        """
        Erstellt ein dediziertes Monitor-Interface (mon0) aus einem physischen Interface (z.B. wlan0)
        und beendet störende Prozesse. Dies ist die empfohlene Methode für Nexmon.
        """
        monitor_iface = "mon0"
        logger.info(
            f"Erstelle dediziertes Monitor-Interface '{monitor_iface}' aus '{physical_iface}'..."
        )
    
        try:
            # --- Schritt 1: Störende Prozesse beenden, um den Chip freizugeben ---
            kill_commands = [
                "sudo systemctl stop wpa_supplicant",
                "sudo airmon-ng check kill",
            ]
            self.console.print(
                "[yellow]Beende potenziell störende Netzwerkdienste...[/yellow]"
            )
            for cmd in kill_commands:
>               subprocess.run(cmd, shell=True, capture_output=True, text=True)

wlan_tool/controllers.py:161: 
_ _ _ _ _ _ _ _ _ _ _ _ _ _ _ _ _ _ _ _ _ _ _ _ _ _ _ _ _ _ _ _ _ _ _ _ _ _ _ _ 
../../.pyenv/versions/3.11.9/lib/python3.11/unittest/mock.py:1124: in __call__
    return self._mock_call(*args, **kwargs)
../../.pyenv/versions/3.11.9/lib/python3.11/unittest/mock.py:1128: in _mock_call
    return self._execute_mock_call(*args, **kwargs)
_ _ _ _ _ _ _ _ _ _ _ _ _ _ _ _ _ _ _ _ _ _ _ _ _ _ _ _ _ _ _ _ _ _ _ _ _ _ _ _ 

self = <MagicMock name='run' id='546993935952'>
args = ('sudo systemctl stop wpa_supplicant',)
kwargs = {'capture_output': True, 'shell': True, 'text': True}
effect = CalledProcessError(1, 'airmon-ng')

    def _execute_mock_call(self, /, *args, **kwargs):
        # separate from _increment_mock_call so that awaited functions are
        # executed separately from their call, also AsyncMock overrides this method
    
        effect = self.side_effect
        if effect is not None:
            if _is_exception(effect):
>               raise effect
E               subprocess.CalledProcessError: Command 'airmon-ng' returned non-zero exit status 1.

../../.pyenv/versions/3.11.9/lib/python3.11/unittest/mock.py:1183: CalledProcessError

During handling of the above exception, another exception occurred:

self = <test_controllers.TestCaptureController object at 0x7f650f57d0>
mock_run = <MagicMock name='run' id='546993935952'>
mock_console = <MagicMock id='547014299408'>

    @patch('subprocess.run')
    def test_setup_monitor_mode_failure(self, mock_run, mock_console):
        """Test Monitor-Mode-Setup (Fehler)."""
        mock_run.side_effect = subprocess.CalledProcessError(1, "airmon-ng")
    
        args = MagicMock()
        config_data = {}
    
        controller = CaptureController(args, config_data, mock_console)
    
>       monitor_iface = controller._setup_monitor_mode("wlan0")

pytest/test_controllers.py:103: 
_ _ _ _ _ _ _ _ _ _ _ _ _ _ _ _ _ _ _ _ _ _ _ _ _ _ _ _ _ _ _ _ _ _ _ _ _ _ _ _ 

self = <wlan_tool.controllers.CaptureController object at 0x7f5b613f90>
physical_iface = 'wlan0'

    def _setup_monitor_mode(self, physical_iface: str) -> Optional[str]:
        """
        Erstellt ein dediziertes Monitor-Interface (mon0) aus einem physischen Interface (z.B. wlan0)
        und beendet störende Prozesse. Dies ist die empfohlene Methode für Nexmon.
        """
        monitor_iface = "mon0"
        logger.info(
            f"Erstelle dediziertes Monitor-Interface '{monitor_iface}' aus '{physical_iface}'..."
        )
    
        try:
            # --- Schritt 1: Störende Prozesse beenden, um den Chip freizugeben ---
            kill_commands = [
                "sudo systemctl stop wpa_supplicant",
                "sudo airmon-ng check kill",
            ]
            self.console.print(
                "[yellow]Beende potenziell störende Netzwerkdienste...[/yellow]"
            )
            for cmd in kill_commands:
                subprocess.run(cmd, shell=True, capture_output=True, text=True)
    
            # --- Schritt 2: Physisches Interface deaktivieren ---
            # Dies ist der entscheidende Schritt, um den "Operation not supported"-Fehler zu vermeiden.
            self.console.print(
                f"[cyan]Deaktiviere physisches Interface '{physical_iface}'...[/cyan]"
            )
            subprocess.run(
                f"sudo ip link set {physical_iface} down",
                shell=True,
                check=True,
                capture_output=True,
                text=True,
            )
    
            # --- Schritt 3: Phy-Namen ermitteln ---
            # Dies sollte jetzt auf dem 'down'-Interface funktionieren.
            phy_find_cmd = (
                f"iw dev {physical_iface} info | gawk '/wiphy/ {{printf \"phy\" $2}}'"
            )
            result = subprocess.run(
                phy_find_cmd, shell=True, check=True, capture_output=True, text=True
            )
            phy_name = result.stdout.strip()
            if not phy_name:
                logger.error(
                    f"Konnte den 'phy'-Namen für das Interface '{physical_iface}' nicht ermitteln."
                )
                return None
            logger.info(f"Physisches Gerät gefunden: {phy_name}")
    
            # --- Schritt 4: Monitor-Interface erstellen und aktivieren ---
            self.console.print(
                f"[cyan]Konfiguriere Interface '{monitor_iface}'...[/cyan]"
            )
            setup_commands = [
                f"sudo iw dev {monitor_iface} del",  # Fehler wird ignoriert
                f"sudo iw phy {phy_name} interface add {monitor_iface} type monitor",
                f"sudo ip link set {monitor_iface} up",
            ]
            for cmd in setup_commands:
                subprocess.run(cmd, shell=True, capture_output=True, text=True)
    
            logger.info(
                f"Monitor-Interface '{monitor_iface}' erfolgreich erstellt und aktiviert."
            )
            return monitor_iface
    
        except subprocess.CalledProcessError as e:
            logger.error(
                f"Ein Befehl zur Erstellung des Monitor-Interfaces ist fehlgeschlagen."
            )
            logger.error(f"Befehl: '{e.cmd}'")
>           logger.error(f"Fehlermeldung: {e.stderr.strip()}")
E           AttributeError: 'NoneType' object has no attribute 'strip'

wlan_tool/controllers.py:214: AttributeError
------------------------------ Captured log call -------------------------------
ERROR    wlan_tool.controllers:controllers.py:210 Ein Befehl zur Erstellung des Monitor-Interfaces ist fehlgeschlagen.
ERROR    wlan_tool.controllers:controllers.py:213 Befehl: 'airmon-ng'
__________________ TestAnalysisController.test_run_inference ___________________

self = <MagicMock name='score_pairs_with_recency_and_matching' id='547021645968'>

    def assert_called_once(self):
        """assert that the mock was called only once.
        """
        if not self.call_count == 1:
            msg = ("Expected '%s' to have been called once. Called %s times.%s"
                   % (self._mock_name or 'mock',
                      self.call_count,
                      self._calls_repr()))
>           raise AssertionError(msg)
E           AssertionError: Expected 'score_pairs_with_recency_and_matching' to have been called once. Called 0 times.

../../.pyenv/versions/3.11.9/lib/python3.11/unittest/mock.py:918: AssertionError

During handling of the above exception, another exception occurred:

self = <test_controllers.TestAnalysisController object at 0x7f650f7810>
mock_score = <MagicMock name='score_pairs_with_recency_and_matching' id='547021645968'>
mock_console = <MagicMock id='547013987280'>
populated_state = <wlan_tool.storage.state.WifiAnalysisState object at 0x7f5d07eb50>

    @patch('wlan_tool.analysis.logic.score_pairs_with_recency_and_matching')
    def test_run_inference(self, mock_score, mock_console, populated_state):
        """Test Inferenz-Ausführung."""
        mock_score.return_value = []
    
        args = MagicMock()
        args.infer = True
        args.model = None
        config_data = {}
        plugins = {}
        new_events = []
    
        controller = AnalysisController(args, config_data, mock_console, plugins, populated_state, new_events)
    
        controller.run_inference()
    
>       mock_score.assert_called_once()
E       AssertionError: Expected 'score_pairs_with_recency_and_matching' to have been called once. Called 0 times.

pytest/test_controllers.py:234: AssertionError
______________ TestAnalysisController.test_run_client_clustering _______________

self = <MagicMock name='cluster_clients' id='547039420048'>

    def assert_called_once(self):
        """assert that the mock was called only once.
        """
        if not self.call_count == 1:
            msg = ("Expected '%s' to have been called once. Called %s times.%s"
                   % (self._mock_name or 'mock',
                      self.call_count,
                      self._calls_repr()))
>           raise AssertionError(msg)
E           AssertionError: Expected 'cluster_clients' to have been called once. Called 0 times.

../../.pyenv/versions/3.11.9/lib/python3.11/unittest/mock.py:918: AssertionError

During handling of the above exception, another exception occurred:

self = <test_controllers.TestAnalysisController object at 0x7f650f7dd0>
mock_cluster = <MagicMock name='cluster_clients' id='547039420048'>
mock_console = <MagicMock id='547738810192'>
populated_state = <wlan_tool.storage.state.WifiAnalysisState object at 0x7f5e24d710>

    @patch('wlan_tool.analysis.logic.cluster_clients')
    def test_run_client_clustering(self, mock_cluster, mock_console, populated_state):
        """Test Client-Clustering."""
        mock_cluster.return_value = (None, None)
    
        args = MagicMock()
        args.cluster_clients = 2
        args.cluster_algo = "kmeans"
        args.no_mac_correlation = False
        config_data = {}
        plugins = {}
        new_events = []
    
        controller = AnalysisController(args, config_data, mock_console, plugins, populated_state, new_events)
    
        controller.run_client_clustering()
    
>       mock_cluster.assert_called_once()
E       AssertionError: Expected 'cluster_clients' to have been called once. Called 0 times.

pytest/test_controllers.py:253: AssertionError
________________ TestAnalysisController.test_run_ap_clustering _________________

self = <MagicMock name='cluster_aps' id='547018046672'>

    def assert_called_once(self):
        """assert that the mock was called only once.
        """
        if not self.call_count == 1:
            msg = ("Expected '%s' to have been called once. Called %s times.%s"
                   % (self._mock_name or 'mock',
                      self.call_count,
                      self._calls_repr()))
>           raise AssertionError(msg)
E           AssertionError: Expected 'cluster_aps' to have been called once. Called 0 times.

../../.pyenv/versions/3.11.9/lib/python3.11/unittest/mock.py:918: AssertionError

During handling of the above exception, another exception occurred:

self = <test_controllers.TestAnalysisController object at 0x7f65100410>
mock_cluster = <MagicMock name='cluster_aps' id='547018046672'>
mock_console = <MagicMock id='547019909776'>
populated_state = <wlan_tool.storage.state.WifiAnalysisState object at 0x7f5cd0e210>

    @patch('wlan_tool.analysis.logic.cluster_aps')
    def test_run_ap_clustering(self, mock_cluster, mock_console, populated_state):
        """Test AP-Clustering."""
        mock_cluster.return_value = None
    
        args = MagicMock()
        args.cluster_aps = 2
        config_data = {}
        plugins = {}
        new_events = []
    
        controller = AnalysisController(args, config_data, mock_console, plugins, populated_state, new_events)
    
        controller.run_ap_clustering()
    
>       mock_cluster.assert_called_once()
E       AssertionError: Expected 'cluster_aps' to have been called once. Called 0 times.

pytest/test_controllers.py:270: AssertionError
_________________ TestAnalysisController.test_run_graph_export _________________

self = <test_controllers.TestAnalysisController object at 0x7f651009d0>
mock_export = <MagicMock name='export_ap_graph' id='547018969104'>
mock_console = <MagicMock id='547018944592'>
populated_state = <wlan_tool.storage.state.WifiAnalysisState object at 0x7f5cdf08d0>

    @patch('wlan_tool.analysis.logic.export_ap_graph')
    def test_run_graph_export(self, mock_export, mock_console, populated_state):
        """Test Graph-Export."""
        mock_export.return_value = True
    
        args = MagicMock()
        args.export_graph = "/tmp/test.gexf"
        args.cluster_aps = 2
        args.graph_include_clients = False
        args.graph_min_activity = 0
        args.graph_min_duration = 0
        config_data = {}
        plugins = {}
        new_events = []
    
        controller = AnalysisController(args, config_data, mock_console, plugins, populated_state, new_events)
    
        with patch.object(controller, 'run_ap_clustering', return_value=None):
>           controller.run_graph_export()
E           AttributeError: 'AnalysisController' object has no attribute 'run_graph_export'

pytest/test_controllers.py:290: AttributeError
_________________ TestAnalysisController.test_run_labeling_ui __________________

self = <MagicMock name='interactive_label_ui' id='547024856080'>

    def assert_called_once(self):
        """assert that the mock was called only once.
        """
        if not self.call_count == 1:
            msg = ("Expected '%s' to have been called once. Called %s times.%s"
                   % (self._mock_name or 'mock',
                      self.call_count,
                      self._calls_repr()))
>           raise AssertionError(msg)
E           AssertionError: Expected 'interactive_label_ui' to have been called once. Called 0 times.

../../.pyenv/versions/3.11.9/lib/python3.11/unittest/mock.py:918: AssertionError

During handling of the above exception, another exception occurred:

self = <test_controllers.TestAnalysisController object at 0x7f65100f90>
mock_label_ui = <MagicMock name='interactive_label_ui' id='547024856080'>
mock_console = <MagicMock id='547022833360'>
populated_state = <wlan_tool.storage.state.WifiAnalysisState object at 0x7f5d38d190>

    @patch('wlan_tool.presentation.cli.interactive_label_ui')
    def test_run_labeling_ui(self, mock_label_ui, mock_console, populated_state):
        """Test Labeling-UI."""
        args = MagicMock()
        args.label_ui = True
        args.db = "test.db"
        args.label_db = "labels.db"
        args.model = "model.pkl"
        config_data = {}
        plugins = {}
        new_events = []
    
        controller = AnalysisController(args, config_data, mock_console, plugins, populated_state, new_events)
    
        controller.run_labeling_ui()
    
>       mock_label_ui.assert_called_once()
E       AssertionError: Expected 'interactive_label_ui' to have been called once. Called 0 times.

pytest/test_controllers.py:310: AssertionError
______________ TestAnalysisController.test_run_client_labeling_ui ______________

self = <MagicMock name='interactive_client_label_ui' id='547021393296'>

    def assert_called_once(self):
        """assert that the mock was called only once.
        """
        if not self.call_count == 1:
            msg = ("Expected '%s' to have been called once. Called %s times.%s"
                   % (self._mock_name or 'mock',
                      self.call_count,
                      self._calls_repr()))
>           raise AssertionError(msg)
E           AssertionError: Expected 'interactive_client_label_ui' to have been called once. Called 0 times.

../../.pyenv/versions/3.11.9/lib/python3.11/unittest/mock.py:918: AssertionError

During handling of the above exception, another exception occurred:

self = <test_controllers.TestAnalysisController object at 0x7f651015d0>
mock_client_label_ui = <MagicMock name='interactive_client_label_ui' id='547021393296'>
mock_console = <MagicMock id='547016457616'>
populated_state = <wlan_tool.storage.state.WifiAnalysisState object at 0x7f5d041bd0>

    @patch('wlan_tool.presentation.cli.interactive_client_label_ui')
    def test_run_client_labeling_ui(self, mock_client_label_ui, mock_console, populated_state):
        """Test Client-Labeling-UI."""
        args = MagicMock()
        args.label_clients = True
        args.label_db = "labels.db"
        config_data = {}
        plugins = {}
        new_events = []
    
        controller = AnalysisController(args, config_data, mock_console, plugins, populated_state, new_events)
    
        controller.run_client_labeling_ui()
    
>       mock_client_label_ui.assert_called_once()
E       AssertionError: Expected 'interactive_client_label_ui' to have been called once. Called 0 times.

pytest/test_controllers.py:326: AssertionError
_______________ TestAnalysisController.test_run_mac_correlation ________________

self = <MagicMock name='correlate_devices_by_fingerprint' id='547738704080'>

    def assert_called_once(self):
        """assert that the mock was called only once.
        """
        if not self.call_count == 1:
            msg = ("Expected '%s' to have been called once. Called %s times.%s"
                   % (self._mock_name or 'mock',
                      self.call_count,
                      self._calls_repr()))
>           raise AssertionError(msg)
E           AssertionError: Expected 'correlate_devices_by_fingerprint' to have been called once. Called 0 times.

../../.pyenv/versions/3.11.9/lib/python3.11/unittest/mock.py:918: AssertionError

During handling of the above exception, another exception occurred:

self = <test_controllers.TestAnalysisController object at 0x7f65101c90>
mock_correlate = <MagicMock name='correlate_devices_by_fingerprint' id='547738704080'>
mock_console = <MagicMock id='547018247696'>
populated_state = <wlan_tool.storage.state.WifiAnalysisState object at 0x7f87c562d0>

    @patch('wlan_tool.analysis.device_profiler.correlate_devices_by_fingerprint')
    def test_run_mac_correlation(self, mock_correlate, mock_console, populated_state):
        """Test MAC-Korrelation."""
        mock_correlate.return_value = {}
    
        args = MagicMock()
        args.correlate_macs = True
        config_data = {}
        plugins = {}
        new_events = []
    
        controller = AnalysisController(args, config_data, mock_console, plugins, populated_state, new_events)
    
        controller.run_mac_correlation()
    
>       mock_correlate.assert_called_once()
E       AssertionError: Expected 'correlate_devices_by_fingerprint' to have been called once. Called 0 times.

pytest/test_controllers.py:343: AssertionError
_____________ TestAnalysisController.test_run_analysis_no_actions ______________

self = <test_controllers.TestAnalysisController object at 0x7f651023d0>
mock_console = <MagicMock id='547013175824'>
populated_state = <wlan_tool.storage.state.WifiAnalysisState object at 0x7f5ca11c90>

    def test_run_analysis_no_actions(self, mock_console, populated_state):
        """Test Analyse ohne Aktionen."""
        args = MagicMock()
        args.infer = False
        args.cluster_clients = None
        args.cluster_aps = None
        args.export_graph = None
        args.label_ui = False
        args.label_clients = False
        args.correlate_macs = False
        config_data = {}
        plugins = {}
        new_events = []
    
        controller = AnalysisController(args, config_data, mock_console, plugins, populated_state, new_events)
    
        # Sollte nicht crashen
>       controller.run_analysis()

pytest/test_controllers.py:362: 
_ _ _ _ _ _ _ _ _ _ _ _ _ _ _ _ _ _ _ _ _ _ _ _ _ _ _ _ _ _ _ _ _ _ _ _ _ _ _ _ 
wlan_tool/controllers.py:386: in run_analysis
    self._run_profiling()  # Benötigt state, den es jetzt als self.state hat
_ _ _ _ _ _ _ _ _ _ _ _ _ _ _ _ _ _ _ _ _ _ _ _ _ _ _ _ _ _ _ _ _ _ _ _ _ _ _ _ 

self = <wlan_tool.controllers.AnalysisController object at 0x7f5ca13b50>

    def _run_profiling(self):
        self.console.print(
            "\n[bold cyan]Starte automatisches Geräte-Profiling...[/bold cyan]"
        )
        device_map = {}
    
        # --- NEU: Versuch 1: TR-064 (FRITZ!Box) ---
        self.console.print(
            "[cyan]Versuch 1: Identifizierung über FRITZ!Box TR-064...[/cyan]"
        )
        # Passwort aus Argumenten oder interaktiv abfragen
        fritz_password = self.args.fritzbox_password
        if FritzHosts and not fritz_password:
            if (
                self.console.input(
                    "Haben Sie ein Passwort für Ihre FRITZ!Box gesetzt? (y/n): "
                ).lower()
                == "y"
            ):
                fritz_password = self.console.input(
                    "Bitte FRITZ!Box-Passwort eingeben: ", password=True
                )
    
        device_map = (
>           device_profiler.get_devices_from_fritzbox_tr064(password=fritz_password)
            or {}
        )
E       NameError: name 'device_profiler' is not defined

wlan_tool/controllers.py:534: NameError
__________ TestAnalysisController.test_run_analysis_multiple_actions ___________

self = <test_controllers.TestAnalysisController object at 0x7f65102b10>
mock_console = <MagicMock id='547017391888'>
populated_state = <wlan_tool.storage.state.WifiAnalysisState object at 0x7f5cc6dd10>

    def test_run_analysis_multiple_actions(self, mock_console, populated_state):
        """Test Analyse mit mehreren Aktionen."""
        args = MagicMock()
        args.infer = True
        args.cluster_clients = 2
        args.cluster_aps = 2
        args.export_graph = "/tmp/test.gexf"
        args.label_ui = False
        args.label_clients = False
        args.correlate_macs = False
        args.model = None
        args.cluster_algo = "kmeans"
        args.no_mac_correlation = False
        args.graph_include_clients = False
        args.graph_min_activity = 0
        args.graph_min_duration = 0
        config_data = {}
        plugins = {}
        new_events = []
    
        controller = AnalysisController(args, config_data, mock_console, plugins, populated_state, new_events)
    
        with patch.object(controller, 'run_inference'):
            with patch.object(controller, 'run_client_clustering'):
                with patch.object(controller, 'run_ap_clustering'):
>                   with patch.object(controller, 'run_graph_export'):

pytest/test_controllers.py:389: 
_ _ _ _ _ _ _ _ _ _ _ _ _ _ _ _ _ _ _ _ _ _ _ _ _ _ _ _ _ _ _ _ _ _ _ _ _ _ _ _ 
../../.pyenv/versions/3.11.9/lib/python3.11/unittest/mock.py:1446: in __enter__
    original, local = self.get_original()
_ _ _ _ _ _ _ _ _ _ _ _ _ _ _ _ _ _ _ _ _ _ _ _ _ _ _ _ _ _ _ _ _ _ _ _ _ _ _ _ 

self = <unittest.mock._patch object at 0x7f5d324450>

    def get_original(self):
        target = self.getter()
        name = self.attribute
    
        original = DEFAULT
        local = False
    
        try:
            original = target.__dict__[name]
        except (AttributeError, KeyError):
            original = getattr(target, name, DEFAULT)
        else:
            local = True
    
        if name in _builtins and isinstance(target, ModuleType):
            self.create = True
    
        if not self.create and original is DEFAULT:
>           raise AttributeError(
                "%s does not have the attribute %r" % (target, name)
            )
E           AttributeError: <wlan_tool.controllers.AnalysisController object at 0x7f5c909c10> does not have the attribute 'run_graph_export'

../../.pyenv/versions/3.11.9/lib/python3.11/unittest/mock.py:1419: AttributeError
________ TestControllerEdgeCases.test_analysis_controller_with_plugins _________

self = <MagicMock name='mock.run' id='546994677584'>

    def assert_called_once(self):
        """assert that the mock was called only once.
        """
        if not self.call_count == 1:
            msg = ("Expected '%s' to have been called once. Called %s times.%s"
                   % (self._mock_name or 'mock',
                      self.call_count,
                      self._calls_repr()))
>           raise AssertionError(msg)
E           AssertionError: Expected 'run' to have been called once. Called 0 times.

../../.pyenv/versions/3.11.9/lib/python3.11/unittest/mock.py:918: AssertionError

During handling of the above exception, another exception occurred:

self = <test_controllers.TestControllerEdgeCases object at 0x7f65101a10>
mock_console = <MagicMock id='547018970064'>
populated_state = <wlan_tool.storage.state.WifiAnalysisState object at 0x7f5cd8fc10>

    def test_analysis_controller_with_plugins(self, mock_console, populated_state):
        """Test AnalysisController mit Plugins."""
        args = MagicMock()
        args.run_plugins = ["test_plugin"]
        config_data = {}
    
        mock_plugin = MagicMock()
        mock_plugin.run.return_value = None
        plugins = {"test_plugin": mock_plugin}
        new_events = []
    
        controller = AnalysisController(args, config_data, mock_console, plugins, populated_state, new_events)
    
        controller.run_plugins()
    
>       mock_plugin.run.assert_called_once()
E       AssertionError: Expected 'run' to have been called once. Called 0 times.

pytest/test_controllers.py:451: AssertionError
____________ TestControllerIntegration.test_full_analysis_workflow _____________

self = <test_controllers.TestControllerIntegration object at 0x7f65103c10>
mock_console = <MagicMock id='547021873616'>
populated_state = <wlan_tool.storage.state.WifiAnalysisState object at 0x7f5cb31610>

    def test_full_analysis_workflow(self, mock_console, populated_state):
        """Test vollständiger Analyse-Workflow."""
        args = MagicMock()
        args.infer = True
        args.cluster_clients = 2
        args.cluster_aps = 2
        args.export_graph = "/tmp/test.gexf"
        args.label_ui = False
        args.label_clients = False
        args.correlate_macs = False
        args.model = None
        args.cluster_algo = "kmeans"
        args.no_mac_correlation = False
        args.graph_include_clients = False
        args.graph_min_activity = 0
        args.graph_min_duration = 0
        config_data = {}
        plugins = {}
        new_events = []
    
        controller = AnalysisController(args, config_data, mock_console, plugins, populated_state, new_events)
    
        with patch.object(controller, 'run_inference'):
            with patch.object(controller, 'run_client_clustering'):
                with patch.object(controller, 'run_ap_clustering'):
>                   with patch.object(controller, 'run_graph_export'):

pytest/test_controllers.py:512: 
_ _ _ _ _ _ _ _ _ _ _ _ _ _ _ _ _ _ _ _ _ _ _ _ _ _ _ _ _ _ _ _ _ _ _ _ _ _ _ _ 
../../.pyenv/versions/3.11.9/lib/python3.11/unittest/mock.py:1446: in __enter__
    original, local = self.get_original()
_ _ _ _ _ _ _ _ _ _ _ _ _ _ _ _ _ _ _ _ _ _ _ _ _ _ _ _ _ _ _ _ _ _ _ _ _ _ _ _ 

self = <unittest.mock._patch object at 0x7f5960ca50>

    def get_original(self):
        target = self.getter()
        name = self.attribute
    
        original = DEFAULT
        local = False
    
        try:
            original = target.__dict__[name]
        except (AttributeError, KeyError):
            original = getattr(target, name, DEFAULT)
        else:
            local = True
    
        if name in _builtins and isinstance(target, ModuleType):
            self.create = True
    
        if not self.create and original is DEFAULT:
>           raise AttributeError(
                "%s does not have the attribute %r" % (target, name)
            )
E           AttributeError: <wlan_tool.controllers.AnalysisController object at 0x7f5c976250> does not have the attribute 'run_graph_export'

../../.pyenv/versions/3.11.9/lib/python3.11/unittest/mock.py:1419: AttributeError
_____________________ TestLoggingSystem.test_setup_logging _____________________

self = <test_error_handling.TestLoggingSystem object at 0x7f64f5ae10>

    def test_setup_logging(self):
        """Test Logging-Setup."""
        logger = setup_logging(
            log_level="DEBUG",
            enable_console=True,
            enable_performance_logging=True,
            enable_error_tracking=True
        )
    
        assert logger is not None
        assert logger.name == "wlan_tool"
>       assert logger.level == logging.DEBUG
E       NameError: name 'logging' is not defined

pytest/test_error_handling.py:317: NameError
___________ TestDatabaseErrorHandling.test_database_connection_error ___________

self = <test_error_handling.TestDatabaseErrorHandling object at 0x7f64f64290>

    def test_database_connection_error(self):
        """Test Datenbankverbindungs-Fehler."""
        with pytest.raises(DatabaseError) as exc_info:
            from wlan_tool.storage.database import db_conn_ctx
            with db_conn_ctx("/invalid/path/database.db"):
                pass
    
        assert "Cannot create database directory" in str(exc_info.value)
>       assert exc_info.value.error_code == "SQLITE_ERROR"
E       AssertionError: assert 'DB_UNEXPECTED_ERROR' == 'SQLITE_ERROR'
E         
E         - SQLITE_ERROR
E         + DB_UNEXPECTED_ERROR

pytest/test_error_handling.py:345: AssertionError
----------------------------- Captured stdout call -----------------------------
2025-11-28 14:45:23,439 | DEBUG    | Starting operation: database_connection
2025-11-28 14:45:23,440 | ERROR    | Error in database_connection: WLANToolError: Cannot create database directory: /invalid/path (Code: DB_DIR_CREATION_FAILED) | Details: {'directory': '/invalid/path', 'original_error': "[Errno 13] Permission denied: '/invalid'"} (Code: DB_DIR_CREATION_FAILED) | Details: {'directory': '/invalid/path', 'original_error': "[Errno 13] Permission denied: '/invalid'"}
2025-11-28 14:45:23,446 | DEBUG    | Traceback: Traceback (most recent call last):
  File "/home/pi/.pyenv/versions/3.11.9/lib/python3.11/pathlib.py", line 1116, in mkdir
    os.mkdir(self, mode)
FileNotFoundError: [Errno 2] No such file or directory: '/invalid/path'

During handling of the above exception, another exception occurred:

Traceback (most recent call last):
  File "/home/pi/Ai_agent/hacking/wlan_tool/storage/database.py", line 81, in db_conn_ctx
    db_dir.mkdir(parents=True, exist_ok=True)
  File "/home/pi/.pyenv/versions/3.11.9/lib/python3.11/pathlib.py", line 1120, in mkdir
    self.parent.mkdir(parents=True, exist_ok=True)
  File "/home/pi/.pyenv/versions/3.11.9/lib/python3.11/pathlib.py", line 1116, in mkdir
    os.mkdir(self, mode)
PermissionError: [Errno 13] Permission denied: '/invalid'

The above exception was the direct cause of the following exception:

Traceback (most recent call last):
  File "/home/pi/Ai_agent/hacking/wlan_tool/storage/database.py", line 83, in db_conn_ctx
    raise FileSystemError(
wlan_tool.exceptions.FileSystemError: WLANToolError: Cannot create database directory: /invalid/path (Code: DB_DIR_CREATION_FAILED) | Details: {'directory': '/invalid/path', 'original_error': "[Errno 13] Permission denied: '/invalid'"}

------------------------------ Captured log call -------------------------------
DEBUG    wlan_tool.exceptions:exceptions.py:286 Starting operation: database_connection
ERROR    wlan_tool.exceptions:exceptions.py:300 Error in database_connection: WLANToolError: Cannot create database directory: /invalid/path (Code: DB_DIR_CREATION_FAILED) | Details: {'directory': '/invalid/path', 'original_error': "[Errno 13] Permission denied: '/invalid'"} (Code: DB_DIR_CREATION_FAILED) | Details: {'directory': '/invalid/path', 'original_error': "[Errno 13] Permission denied: '/invalid'"}
DEBUG    wlan_tool.exceptions:exceptions.py:301 Traceback: Traceback (most recent call last):
  File "/home/pi/.pyenv/versions/3.11.9/lib/python3.11/pathlib.py", line 1116, in mkdir
    os.mkdir(self, mode)
FileNotFoundError: [Errno 2] No such file or directory: '/invalid/path'

During handling of the above exception, another exception occurred:

Traceback (most recent call last):
  File "/home/pi/Ai_agent/hacking/wlan_tool/storage/database.py", line 81, in db_conn_ctx
    db_dir.mkdir(parents=True, exist_ok=True)
  File "/home/pi/.pyenv/versions/3.11.9/lib/python3.11/pathlib.py", line 1120, in mkdir
    self.parent.mkdir(parents=True, exist_ok=True)
  File "/home/pi/.pyenv/versions/3.11.9/lib/python3.11/pathlib.py", line 1116, in mkdir
    os.mkdir(self, mode)
PermissionError: [Errno 13] Permission denied: '/invalid'

The above exception was the direct cause of the following exception:

Traceback (most recent call last):
  File "/home/pi/Ai_agent/hacking/wlan_tool/storage/database.py", line 83, in db_conn_ctx
    raise FileSystemError(
wlan_tool.exceptions.FileSystemError: WLANToolError: Cannot create database directory: /invalid/path (Code: DB_DIR_CREATION_FAILED) | Details: {'directory': '/invalid/path', 'original_error': "[Errno 13] Permission denied: '/invalid'"}
___________ TestDatabaseErrorHandling.test_database_migration_error ____________

self = <test_error_handling.TestDatabaseErrorHandling object at 0x7f64f5b850>

    def test_database_migration_error(self):
        """Test Datenbankmigrations-Fehler."""
        with tempfile.NamedTemporaryFile(suffix='.db', delete=False) as f:
            db_path = f.name
    
        try:
            # Erstelle ungültige Migration
            migrations_dir = Path("wlan_tool/assets/sql_data/versions")
            migrations_dir.mkdir(parents=True, exist_ok=True)
    
            invalid_migration = migrations_dir / "999_invalid.sql"
            invalid_migration.write_text("INVALID SQL SYNTAX")
    
>           with pytest.raises(DatabaseError):
E           Failed: DID NOT RAISE <class 'wlan_tool.exceptions.DatabaseError'>

pytest/test_error_handling.py:360: Failed
----------------------------- Captured stdout call -----------------------------
2025-11-28 14:45:23,481 | DEBUG    | Starting operation: database_migration
2025-11-28 14:45:23,482 | DEBUG    | Starting operation: database_connection
2025-11-28 14:45:23,504 | INFO     | Current DB version: 0. Looking for migrations...
2025-11-28 14:45:23,504 | INFO     | Applying migration: 001_initial_schema.sql (Version 1)
2025-11-28 14:45:23,513 | INFO     | DB successfully migrated to version 1
2025-11-28 14:45:23,513 | INFO     | Applying migration: 002_add_dns_table.sql (Version 2)
2025-11-28 14:45:23,514 | INFO     | DB successfully migrated to version 2
2025-11-28 14:45:23,515 | INFO     | Applying migration: 003_add_network_info.sql (Version 3)
2025-11-28 14:45:23,516 | INFO     | DB successfully migrated to version 3
2025-11-28 14:45:23,517 | INFO     | Applying migration: 004_add_indexes.sql (Version 4)
2025-11-28 14:45:23,518 | INFO     | DB successfully migrated to version 4
2025-11-28 14:45:23,518 | INFO     | Applying migration: 999_invalid.sql (Version 999)
2025-11-28 14:45:23,519 | ERROR    | Unexpected error during migration 999_invalid.sql: WLANToolError: Migration failed: 999_invalid.sql (Code: MIGRATION_EXECUTION_FAILED) | Details: {'migration_file': '999_invalid.sql', 'version': 999, 'sqlite_error': 'near "INVALID": syntax error'}
2025-11-28 14:45:23,541 | INFO     | Database is up to date.
------------------------------ Captured log call -------------------------------
DEBUG    wlan_tool.exceptions:exceptions.py:286 Starting operation: database_migration
DEBUG    wlan_tool.exceptions:exceptions.py:286 Starting operation: database_connection
INFO     wlan_tool.storage.database:database.py:157 Current DB version: 0. Looking for migrations...
INFO     wlan_tool.storage.database:database.py:165 Applying migration: 001_initial_schema.sql (Version 1)
INFO     wlan_tool.storage.database:database.py:176 DB successfully migrated to version 1
INFO     wlan_tool.storage.database:database.py:165 Applying migration: 002_add_dns_table.sql (Version 2)
INFO     wlan_tool.storage.database:database.py:176 DB successfully migrated to version 2
INFO     wlan_tool.storage.database:database.py:165 Applying migration: 003_add_network_info.sql (Version 3)
INFO     wlan_tool.storage.database:database.py:176 DB successfully migrated to version 3
INFO     wlan_tool.storage.database:database.py:165 Applying migration: 004_add_indexes.sql (Version 4)
INFO     wlan_tool.storage.database:database.py:176 DB successfully migrated to version 4
INFO     wlan_tool.storage.database:database.py:165 Applying migration: 999_invalid.sql (Version 999)
ERROR    wlan_tool.storage.database:database.py:199 Unexpected error during migration 999_invalid.sql: WLANToolError: Migration failed: 999_invalid.sql (Code: MIGRATION_EXECUTION_FAILED) | Details: {'migration_file': '999_invalid.sql', 'version': 999, 'sqlite_error': 'near "INVALID": syntax error'}
INFO     wlan_tool.storage.database:database.py:204 Database is up to date.
__________ TestAnalysisErrorHandling.test_client_features_null_state ___________

self = <test_error_handling.TestAnalysisErrorHandling object at 0x7f64f5ac10>

    def test_client_features_null_state(self):
        """Test Client-Features mit None-State."""
        from wlan_tool.analysis.logic import features_for_client
    
>       with pytest.raises(ValidationError) as exc_info:
E       Failed: DID NOT RAISE <class 'wlan_tool.exceptions.ValidationError'>

pytest/test_error_handling.py:377: Failed
----------------------------- Captured stdout call -----------------------------
2025-11-28 14:45:23,570 | DEBUG    | Starting operation: client_features_extraction
2025-11-28 14:45:23,571 | ERROR    | Error in client_features_extraction: WLANToolError: Client state is None (Code: NULL_CLIENT_STATE) | Details: {'function': 'features_for_client'} (Code: NULL_CLIENT_STATE) | Details: {'function': 'features_for_client'}
2025-11-28 14:45:23,571 | DEBUG    | Traceback: Traceback (most recent call last):
  File "/home/pi/Ai_agent/hacking/wlan_tool/analysis/logic.py", line 229, in features_for_client
    raise ValidationError(
wlan_tool.exceptions.ValidationError: WLANToolError: Client state is None (Code: NULL_CLIENT_STATE) | Details: {'function': 'features_for_client'}

2025-11-28 14:45:23,572 | ERROR    | Unexpected error in features_for_client: WLANToolError: Client state is None (Code: NULL_CLIENT_STATE) | Details: {'function': 'features_for_client'}
2025-11-28 14:45:23,572 | DEBUG    | Traceback: Traceback (most recent call last):
  File "/home/pi/Ai_agent/hacking/wlan_tool/exceptions.py", line 149, in wrapper
    return func(*args, **kwargs)
           ^^^^^^^^^^^^^^^^^^^^^
  File "/home/pi/Ai_agent/hacking/wlan_tool/analysis/logic.py", line 229, in features_for_client
    raise ValidationError(
wlan_tool.exceptions.ValidationError: WLANToolError: Client state is None (Code: NULL_CLIENT_STATE) | Details: {'function': 'features_for_client'}

------------------------------ Captured log call -------------------------------
DEBUG    wlan_tool.exceptions:exceptions.py:286 Starting operation: client_features_extraction
ERROR    wlan_tool.exceptions:exceptions.py:300 Error in client_features_extraction: WLANToolError: Client state is None (Code: NULL_CLIENT_STATE) | Details: {'function': 'features_for_client'} (Code: NULL_CLIENT_STATE) | Details: {'function': 'features_for_client'}
DEBUG    wlan_tool.exceptions:exceptions.py:301 Traceback: Traceback (most recent call last):
  File "/home/pi/Ai_agent/hacking/wlan_tool/analysis/logic.py", line 229, in features_for_client
    raise ValidationError(
wlan_tool.exceptions.ValidationError: WLANToolError: Client state is None (Code: NULL_CLIENT_STATE) | Details: {'function': 'features_for_client'}

ERROR    wlan_tool.analysis.logic:exceptions.py:165 Unexpected error in features_for_client: WLANToolError: Client state is None (Code: NULL_CLIENT_STATE) | Details: {'function': 'features_for_client'}
DEBUG    wlan_tool.analysis.logic:exceptions.py:166 Traceback: Traceback (most recent call last):
  File "/home/pi/Ai_agent/hacking/wlan_tool/exceptions.py", line 149, in wrapper
    return func(*args, **kwargs)
           ^^^^^^^^^^^^^^^^^^^^^
  File "/home/pi/Ai_agent/hacking/wlan_tool/analysis/logic.py", line 229, in features_for_client
    raise ValidationError(
wlan_tool.exceptions.ValidationError: WLANToolError: Client state is None (Code: NULL_CLIENT_STATE) | Details: {'function': 'features_for_client'}
_________ TestAnalysisErrorHandling.test_client_features_invalid_type __________

self = <test_error_handling.TestAnalysisErrorHandling object at 0x7f64f591d0>

    def test_client_features_invalid_type(self):
        """Test Client-Features mit ungültigem Typ."""
        from wlan_tool.analysis.logic import features_for_client
    
>       with pytest.raises(ValidationError) as exc_info:
E       Failed: DID NOT RAISE <class 'wlan_tool.exceptions.ValidationError'>

pytest/test_error_handling.py:387: Failed
----------------------------- Captured stdout call -----------------------------
2025-11-28 14:45:23,602 | DEBUG    | Starting operation: client_features_extraction
2025-11-28 14:45:23,603 | ERROR    | Error in client_features_extraction: WLANToolError: Invalid client state type: <class 'str'> (Code: INVALID_CLIENT_STATE_TYPE) | Details: {'expected': 'ClientState', 'actual': "<class 'str'>"} (Code: INVALID_CLIENT_STATE_TYPE) | Details: {'expected': 'ClientState', 'actual': "<class 'str'>"}
2025-11-28 14:45:23,604 | DEBUG    | Traceback: Traceback (most recent call last):
  File "/home/pi/Ai_agent/hacking/wlan_tool/analysis/logic.py", line 236, in features_for_client
    raise ValidationError(
wlan_tool.exceptions.ValidationError: WLANToolError: Invalid client state type: <class 'str'> (Code: INVALID_CLIENT_STATE_TYPE) | Details: {'expected': 'ClientState', 'actual': "<class 'str'>"}

2025-11-28 14:45:23,604 | ERROR    | Unexpected error in features_for_client: WLANToolError: Invalid client state type: <class 'str'> (Code: INVALID_CLIENT_STATE_TYPE) | Details: {'expected': 'ClientState', 'actual': "<class 'str'>"}
2025-11-28 14:45:23,604 | DEBUG    | Traceback: Traceback (most recent call last):
  File "/home/pi/Ai_agent/hacking/wlan_tool/exceptions.py", line 149, in wrapper
    return func(*args, **kwargs)
           ^^^^^^^^^^^^^^^^^^^^^
  File "/home/pi/Ai_agent/hacking/wlan_tool/analysis/logic.py", line 236, in features_for_client
    raise ValidationError(
wlan_tool.exceptions.ValidationError: WLANToolError: Invalid client state type: <class 'str'> (Code: INVALID_CLIENT_STATE_TYPE) | Details: {'expected': 'ClientState', 'actual': "<class 'str'>"}

------------------------------ Captured log call -------------------------------
DEBUG    wlan_tool.exceptions:exceptions.py:286 Starting operation: client_features_extraction
ERROR    wlan_tool.exceptions:exceptions.py:300 Error in client_features_extraction: WLANToolError: Invalid client state type: <class 'str'> (Code: INVALID_CLIENT_STATE_TYPE) | Details: {'expected': 'ClientState', 'actual': "<class 'str'>"} (Code: INVALID_CLIENT_STATE_TYPE) | Details: {'expected': 'ClientState', 'actual': "<class 'str'>"}
DEBUG    wlan_tool.exceptions:exceptions.py:301 Traceback: Traceback (most recent call last):
  File "/home/pi/Ai_agent/hacking/wlan_tool/analysis/logic.py", line 236, in features_for_client
    raise ValidationError(
wlan_tool.exceptions.ValidationError: WLANToolError: Invalid client state type: <class 'str'> (Code: INVALID_CLIENT_STATE_TYPE) | Details: {'expected': 'ClientState', 'actual': "<class 'str'>"}

ERROR    wlan_tool.analysis.logic:exceptions.py:165 Unexpected error in features_for_client: WLANToolError: Invalid client state type: <class 'str'> (Code: INVALID_CLIENT_STATE_TYPE) | Details: {'expected': 'ClientState', 'actual': "<class 'str'>"}
DEBUG    wlan_tool.analysis.logic:exceptions.py:166 Traceback: Traceback (most recent call last):
  File "/home/pi/Ai_agent/hacking/wlan_tool/exceptions.py", line 149, in wrapper
    return func(*args, **kwargs)
           ^^^^^^^^^^^^^^^^^^^^^
  File "/home/pi/Ai_agent/hacking/wlan_tool/analysis/logic.py", line 236, in features_for_client
    raise ValidationError(
wlan_tool.exceptions.ValidationError: WLANToolError: Invalid client state type: <class 'str'> (Code: INVALID_CLIENT_STATE_TYPE) | Details: {'expected': 'ClientState', 'actual': "<class 'str'>"}
_________ TestAnalysisErrorHandling.test_clustering_invalid_parameters _________

self = <test_error_handling.TestAnalysisErrorHandling object at 0x7f64f52ad0>

    def test_clustering_invalid_parameters(self):
        """Test Clustering mit ungültigen Parametern."""
        from wlan_tool.analysis.logic import cluster_clients
        from wlan_tool.storage.state import WifiAnalysisState
    
        state = WifiAnalysisState()
    
        # Teste ungültige n_clusters
>       with pytest.raises(ValidationError) as exc_info:
E       Failed: DID NOT RAISE <class 'wlan_tool.exceptions.ValidationError'>

pytest/test_error_handling.py:401: Failed
----------------------------- Captured stdout call -----------------------------
2025-11-28 14:45:23,633 | DEBUG    | Starting operation: client_clustering
2025-11-28 14:45:23,634 | ERROR    | Error in client_clustering: WLANToolError: Invalid n_clusters: 0 (Code: INVALID_N_CLUSTERS) | Details: {'n_clusters': 0} (Code: INVALID_N_CLUSTERS) | Details: {'n_clusters': 0}
2025-11-28 14:45:23,634 | DEBUG    | Traceback: Traceback (most recent call last):
  File "/home/pi/Ai_agent/hacking/wlan_tool/analysis/logic.py", line 495, in cluster_clients
    raise ValidationError(
wlan_tool.exceptions.ValidationError: WLANToolError: Invalid n_clusters: 0 (Code: INVALID_N_CLUSTERS) | Details: {'n_clusters': 0}

2025-11-28 14:45:23,634 | ERROR    | Unexpected error in cluster_clients: WLANToolError: Invalid n_clusters: 0 (Code: INVALID_N_CLUSTERS) | Details: {'n_clusters': 0}
2025-11-28 14:45:23,635 | DEBUG    | Traceback: Traceback (most recent call last):
  File "/home/pi/Ai_agent/hacking/wlan_tool/exceptions.py", line 149, in wrapper
    return func(*args, **kwargs)
           ^^^^^^^^^^^^^^^^^^^^^
  File "/home/pi/Ai_agent/hacking/wlan_tool/analysis/logic.py", line 495, in cluster_clients
    raise ValidationError(
wlan_tool.exceptions.ValidationError: WLANToolError: Invalid n_clusters: 0 (Code: INVALID_N_CLUSTERS) | Details: {'n_clusters': 0}

------------------------------ Captured log call -------------------------------
DEBUG    wlan_tool.exceptions:exceptions.py:286 Starting operation: client_clustering
ERROR    wlan_tool.exceptions:exceptions.py:300 Error in client_clustering: WLANToolError: Invalid n_clusters: 0 (Code: INVALID_N_CLUSTERS) | Details: {'n_clusters': 0} (Code: INVALID_N_CLUSTERS) | Details: {'n_clusters': 0}
DEBUG    wlan_tool.exceptions:exceptions.py:301 Traceback: Traceback (most recent call last):
  File "/home/pi/Ai_agent/hacking/wlan_tool/analysis/logic.py", line 495, in cluster_clients
    raise ValidationError(
wlan_tool.exceptions.ValidationError: WLANToolError: Invalid n_clusters: 0 (Code: INVALID_N_CLUSTERS) | Details: {'n_clusters': 0}

ERROR    wlan_tool.analysis.logic:exceptions.py:165 Unexpected error in cluster_clients: WLANToolError: Invalid n_clusters: 0 (Code: INVALID_N_CLUSTERS) | Details: {'n_clusters': 0}
DEBUG    wlan_tool.analysis.logic:exceptions.py:166 Traceback: Traceback (most recent call last):
  File "/home/pi/Ai_agent/hacking/wlan_tool/exceptions.py", line 149, in wrapper
    return func(*args, **kwargs)
           ^^^^^^^^^^^^^^^^^^^^^
  File "/home/pi/Ai_agent/hacking/wlan_tool/analysis/logic.py", line 495, in cluster_clients
    raise ValidationError(
wlan_tool.exceptions.ValidationError: WLANToolError: Invalid n_clusters: 0 (Code: INVALID_N_CLUSTERS) | Details: {'n_clusters': 0}
___________ TestFileSystemErrorHandling.test_csv_export_invalid_path ___________

self = <test_error_handling.TestFileSystemErrorHandling object at 0x7f64f64590>

    def test_csv_export_invalid_path(self):
        """Test CSV-Export mit ungültigem Pfad."""
        from wlan_tool.storage.database import export_confirmed_to_csv
    
>       with pytest.raises(ValidationError) as exc_info:
E       Failed: DID NOT RAISE <class 'wlan_tool.exceptions.ValidationError'>

pytest/test_error_handling.py:422: Failed
----------------------------- Captured stdout call -----------------------------
2025-11-28 14:45:23,664 | DEBUG    | Starting operation: csv_export
2025-11-28 14:45:23,665 | ERROR    | Error in csv_export: WLANToolError: Label database not found:  (Code: LABEL_DB_NOT_FOUND) | Details: {'label_db_path': ''} (Code: LABEL_DB_NOT_FOUND) | Details: {'label_db_path': ''}
2025-11-28 14:45:23,666 | DEBUG    | Traceback: Traceback (most recent call last):
  File "/home/pi/Ai_agent/hacking/wlan_tool/storage/database.py", line 656, in export_confirmed_to_csv
    raise FileSystemError(
wlan_tool.exceptions.FileSystemError: WLANToolError: Label database not found:  (Code: LABEL_DB_NOT_FOUND) | Details: {'label_db_path': ''}

2025-11-28 14:45:23,666 | ERROR    | Error in export_confirmed_to_csv: WLANToolError: Label database not found:  (Code: LABEL_DB_NOT_FOUND) | Details: {'label_db_path': ''}
2025-11-28 14:45:23,666 | DEBUG    | Traceback: Traceback (most recent call last):
  File "/home/pi/Ai_agent/hacking/wlan_tool/exceptions.py", line 149, in wrapper
    return func(*args, **kwargs)
           ^^^^^^^^^^^^^^^^^^^^^
  File "/home/pi/Ai_agent/hacking/wlan_tool/storage/database.py", line 656, in export_confirmed_to_csv
    raise FileSystemError(
wlan_tool.exceptions.FileSystemError: WLANToolError: Label database not found:  (Code: LABEL_DB_NOT_FOUND) | Details: {'label_db_path': ''}

------------------------------ Captured log call -------------------------------
DEBUG    wlan_tool.exceptions:exceptions.py:286 Starting operation: csv_export
ERROR    wlan_tool.exceptions:exceptions.py:300 Error in csv_export: WLANToolError: Label database not found:  (Code: LABEL_DB_NOT_FOUND) | Details: {'label_db_path': ''} (Code: LABEL_DB_NOT_FOUND) | Details: {'label_db_path': ''}
DEBUG    wlan_tool.exceptions:exceptions.py:301 Traceback: Traceback (most recent call last):
  File "/home/pi/Ai_agent/hacking/wlan_tool/storage/database.py", line 656, in export_confirmed_to_csv
    raise FileSystemError(
wlan_tool.exceptions.FileSystemError: WLANToolError: Label database not found:  (Code: LABEL_DB_NOT_FOUND) | Details: {'label_db_path': ''}

ERROR    wlan_tool.storage.database:exceptions.py:153 Error in export_confirmed_to_csv: WLANToolError: Label database not found:  (Code: LABEL_DB_NOT_FOUND) | Details: {'label_db_path': ''}
DEBUG    wlan_tool.storage.database:exceptions.py:154 Traceback: Traceback (most recent call last):
  File "/home/pi/Ai_agent/hacking/wlan_tool/exceptions.py", line 149, in wrapper
    return func(*args, **kwargs)
           ^^^^^^^^^^^^^^^^^^^^^
  File "/home/pi/Ai_agent/hacking/wlan_tool/storage/database.py", line 656, in export_confirmed_to_csv
    raise FileSystemError(
wlan_tool.exceptions.FileSystemError: WLANToolError: Label database not found:  (Code: LABEL_DB_NOT_FOUND) | Details: {'label_db_path': ''}
____________ TestFileSystemErrorHandling.test_csv_export_missing_db ____________

self = <test_error_handling.TestFileSystemErrorHandling object at 0x7f64f64890>

    def test_csv_export_missing_db(self):
        """Test CSV-Export mit fehlender Datenbank."""
        from wlan_tool.storage.database import export_confirmed_to_csv
    
>       with pytest.raises(FileSystemError) as exc_info:
E       Failed: DID NOT RAISE <class 'wlan_tool.exceptions.FileSystemError'>

pytest/test_error_handling.py:432: Failed
----------------------------- Captured stdout call -----------------------------
2025-11-28 14:45:23,696 | DEBUG    | Starting operation: csv_export
2025-11-28 14:45:23,696 | ERROR    | Error in csv_export: WLANToolError: Label database not found: /nonexistent/database.db (Code: LABEL_DB_NOT_FOUND) | Details: {'label_db_path': '/nonexistent/database.db'} (Code: LABEL_DB_NOT_FOUND) | Details: {'label_db_path': '/nonexistent/database.db'}
2025-11-28 14:45:23,697 | DEBUG    | Traceback: Traceback (most recent call last):
  File "/home/pi/Ai_agent/hacking/wlan_tool/storage/database.py", line 656, in export_confirmed_to_csv
    raise FileSystemError(
wlan_tool.exceptions.FileSystemError: WLANToolError: Label database not found: /nonexistent/database.db (Code: LABEL_DB_NOT_FOUND) | Details: {'label_db_path': '/nonexistent/database.db'}

2025-11-28 14:45:23,697 | ERROR    | Error in export_confirmed_to_csv: WLANToolError: Label database not found: /nonexistent/database.db (Code: LABEL_DB_NOT_FOUND) | Details: {'label_db_path': '/nonexistent/database.db'}
2025-11-28 14:45:23,698 | DEBUG    | Traceback: Traceback (most recent call last):
  File "/home/pi/Ai_agent/hacking/wlan_tool/exceptions.py", line 149, in wrapper
    return func(*args, **kwargs)
           ^^^^^^^^^^^^^^^^^^^^^
  File "/home/pi/Ai_agent/hacking/wlan_tool/storage/database.py", line 656, in export_confirmed_to_csv
    raise FileSystemError(
wlan_tool.exceptions.FileSystemError: WLANToolError: Label database not found: /nonexistent/database.db (Code: LABEL_DB_NOT_FOUND) | Details: {'label_db_path': '/nonexistent/database.db'}

------------------------------ Captured log call -------------------------------
DEBUG    wlan_tool.exceptions:exceptions.py:286 Starting operation: csv_export
ERROR    wlan_tool.exceptions:exceptions.py:300 Error in csv_export: WLANToolError: Label database not found: /nonexistent/database.db (Code: LABEL_DB_NOT_FOUND) | Details: {'label_db_path': '/nonexistent/database.db'} (Code: LABEL_DB_NOT_FOUND) | Details: {'label_db_path': '/nonexistent/database.db'}
DEBUG    wlan_tool.exceptions:exceptions.py:301 Traceback: Traceback (most recent call last):
  File "/home/pi/Ai_agent/hacking/wlan_tool/storage/database.py", line 656, in export_confirmed_to_csv
    raise FileSystemError(
wlan_tool.exceptions.FileSystemError: WLANToolError: Label database not found: /nonexistent/database.db (Code: LABEL_DB_NOT_FOUND) | Details: {'label_db_path': '/nonexistent/database.db'}

ERROR    wlan_tool.storage.database:exceptions.py:153 Error in export_confirmed_to_csv: WLANToolError: Label database not found: /nonexistent/database.db (Code: LABEL_DB_NOT_FOUND) | Details: {'label_db_path': '/nonexistent/database.db'}
DEBUG    wlan_tool.storage.database:exceptions.py:154 Traceback: Traceback (most recent call last):
  File "/home/pi/Ai_agent/hacking/wlan_tool/exceptions.py", line 149, in wrapper
    return func(*args, **kwargs)
           ^^^^^^^^^^^^^^^^^^^^^
  File "/home/pi/Ai_agent/hacking/wlan_tool/storage/database.py", line 656, in export_confirmed_to_csv
    raise FileSystemError(
wlan_tool.exceptions.FileSystemError: WLANToolError: Label database not found: /nonexistent/database.db (Code: LABEL_DB_NOT_FOUND) | Details: {'label_db_path': '/nonexistent/database.db'}
____________ TestErrorHandlingEdgeCases.test_nested_error_contexts _____________

self = <test_error_handling.TestErrorHandlingEdgeCases object at 0x7f64f65d50>

    def test_nested_error_contexts(self):
        """Test verschachtelte Error-Contexts."""
        with ErrorContext("outer_operation", "OUTER_ERROR") as outer:
            with ErrorContext("inner_operation", "INNER_ERROR") as inner:
>               raise ValueError("Inner error")
E               ValueError: Inner error

pytest/test_error_handling.py:473: ValueError

The above exception was the direct cause of the following exception:

self = <test_error_handling.TestErrorHandlingEdgeCases object at 0x7f64f65d50>

    def test_nested_error_contexts(self):
        """Test verschachtelte Error-Contexts."""
        with ErrorContext("outer_operation", "OUTER_ERROR") as outer:
>           with ErrorContext("inner_operation", "INNER_ERROR") as inner:

pytest/test_error_handling.py:472: 
_ _ _ _ _ _ _ _ _ _ _ _ _ _ _ _ _ _ _ _ _ _ _ _ _ _ _ _ _ _ _ _ _ _ _ _ _ _ _ _ 

self = <wlan_tool.exceptions.ErrorContext object at 0x7f5b6102d0>
exc_type = <class 'ValueError'>, exc_val = ValueError('Inner error')
exc_tb = <traceback object at 0x7f5b610380>

    def __exit__(self, exc_type, exc_val, exc_tb):
        if exc_type is not None:
            error_msg = f"Error in {self.operation}: {exc_val}"
    
            if isinstance(exc_val, WLANToolError):
                error_msg += f" (Code: {exc_val.error_code})"
                if exc_val.details:
                    error_msg += f" | Details: {exc_val.details}"
            else:
                error_msg += f" | Type: {exc_type.__name__}"
    
            self.logger.log(self.log_level, error_msg)
            self.logger.debug(f"Traceback: {traceback.format_exc()}")
    
            # Konvertiere zu WLANToolError falls nötig
            if not isinstance(exc_val, WLANToolError):
                wlan_error = WLANToolError(
                    message=str(exc_val),
                    error_code=self.error_code or "CONTEXT_ERROR",
                    details={
                        "operation": self.operation,
                        "original_type": exc_type.__name__,
                    },
                )
>               raise wlan_error from exc_val
E               wlan_tool.exceptions.WLANToolError: WLANToolError: Inner error (Code: INNER_ERROR) | Details: {'operation': 'inner_operation', 'original_type': 'ValueError'}

wlan_tool/exceptions.py:313: WLANToolError
----------------------------- Captured stdout call -----------------------------
2025-11-28 14:45:24,735 | DEBUG    | Starting operation: outer_operation
2025-11-28 14:45:24,735 | DEBUG    | Starting operation: inner_operation
2025-11-28 14:45:24,735 | ERROR    | Error in inner_operation: Inner error | Type: ValueError
2025-11-28 14:45:24,736 | DEBUG    | Traceback: Traceback (most recent call last):
  File "/home/pi/Ai_agent/hacking/pytest/test_error_handling.py", line 473, in test_nested_error_contexts
    raise ValueError("Inner error")
ValueError: Inner error

2025-11-28 14:45:24,736 | ERROR    | Error in outer_operation: WLANToolError: Inner error (Code: INNER_ERROR) | Details: {'operation': 'inner_operation', 'original_type': 'ValueError'} (Code: INNER_ERROR) | Details: {'operation': 'inner_operation', 'original_type': 'ValueError'}
2025-11-28 14:45:24,737 | DEBUG    | Traceback: Traceback (most recent call last):
  File "/home/pi/Ai_agent/hacking/pytest/test_error_handling.py", line 473, in test_nested_error_contexts
    raise ValueError("Inner error")
ValueError: Inner error

The above exception was the direct cause of the following exception:

Traceback (most recent call last):
  File "/home/pi/Ai_agent/hacking/pytest/test_error_handling.py", line 472, in test_nested_error_contexts
    with ErrorContext("inner_operation", "INNER_ERROR") as inner:
  File "/home/pi/Ai_agent/hacking/wlan_tool/exceptions.py", line 313, in __exit__
    raise wlan_error from exc_val
wlan_tool.exceptions.WLANToolError: WLANToolError: Inner error (Code: INNER_ERROR) | Details: {'operation': 'inner_operation', 'original_type': 'ValueError'}

------------------------------ Captured log call -------------------------------
DEBUG    wlan_tool.exceptions:exceptions.py:286 Starting operation: outer_operation
DEBUG    wlan_tool.exceptions:exceptions.py:286 Starting operation: inner_operation
ERROR    wlan_tool.exceptions:exceptions.py:300 Error in inner_operation: Inner error | Type: ValueError
DEBUG    wlan_tool.exceptions:exceptions.py:301 Traceback: Traceback (most recent call last):
  File "/home/pi/Ai_agent/hacking/pytest/test_error_handling.py", line 473, in test_nested_error_contexts
    raise ValueError("Inner error")
ValueError: Inner error

ERROR    wlan_tool.exceptions:exceptions.py:300 Error in outer_operation: WLANToolError: Inner error (Code: INNER_ERROR) | Details: {'operation': 'inner_operation', 'original_type': 'ValueError'} (Code: INNER_ERROR) | Details: {'operation': 'inner_operation', 'original_type': 'ValueError'}
DEBUG    wlan_tool.exceptions:exceptions.py:301 Traceback: Traceback (most recent call last):
  File "/home/pi/Ai_agent/hacking/pytest/test_error_handling.py", line 473, in test_nested_error_contexts
    raise ValueError("Inner error")
ValueError: Inner error

The above exception was the direct cause of the following exception:

Traceback (most recent call last):
  File "/home/pi/Ai_agent/hacking/pytest/test_error_handling.py", line 472, in test_nested_error_contexts
    with ErrorContext("inner_operation", "INNER_ERROR") as inner:
  File "/home/pi/Ai_agent/hacking/wlan_tool/exceptions.py", line 313, in __exit__
    raise wlan_error from exc_val
wlan_tool.exceptions.WLANToolError: WLANToolError: Inner error (Code: INNER_ERROR) | Details: {'operation': 'inner_operation', 'original_type': 'ValueError'}
________________ TestEndToEndWorkflow.test_database_integration ________________

self = <test_integration.TestEndToEndWorkflow object at 0x7f64f71fd0>
sample_events = [{'beacon_interval': 102, 'bssid': '08:96:d7:1a:21:1c', 'cap': 17, 'channel': 6, ...}, {'client': 'a8:51:ab:0c:b9:e9',...-91, ...}, {'client': 'b2:87:23:15:7f:f2', 'ie_order_hash': 67890, 'ies': {0: ['MyOtherWLAN']}, 'rssi': -70, ...}, ...]
temp_db_file = '/tmp/tmph0uvu3at.db'

    def test_database_integration(self, sample_events, temp_db_file):
        """Test Datenbank-Integration."""
        # Schreibe Events in Datenbank
[...]
         1.71352973, -1.6199198 ]])
sample_labels = array([3, 4, 2, 4, 4, 1, 2, 2, 2, 4, 3, 2, 4, 1, 3, 1, 3, 4, 0, 3, 1, 4,
       3, 0, 0, 2, 2, 1, 3, 3, 2, 3, 3, 0, 2,...1, 0, 4,
       3, 4, 3, 4, 4, 4, 3, 3, 4, 1, 2, 2, 2, 3, 3, 1, 2, 2, 4, 3, 2, 1,
       1, 2, 3, 1, 4, 1, 0, 0, 3, 2])
temp_dir = PosixPath('/tmp/tmpkt0dxp5b')

    def test_save_load_ensemble(self, sample_features, sample_labels, temp_dir):
        """Test Speichern und Laden von Ensemble-Modellen."""
        # Training
        model = EnsembleModel(
            algorithm="voting",
            estimators=[
                ("rf", ClassificationModel(algorithm="random_forest")),
                ("svm", ClassificationModel(algorithm="svm")),
            ],
        )
>       model.fit(sample_features, sample_labels)
E       AttributeError: 'EnsembleModel' object has no attribute 'fit'

tests/unit/test_ml_models.py:344: AttributeError
=============================== warnings summary ===============================
tests/conftest.py:12
  /home/pi/Ai_agent/hacking/tests/conftest.py:12: DeprecationWarning: 
  Pyarrow will become a required dependency of pandas in the next major release of pandas (pandas 3.0),
  (to allow more performant data types, such as the Arrow string type, and better interoperability with other libraries)
  but was not found to be installed on your system.
  If this would cause problems for you,
  please provide us feedback at https://github.com/pandas-dev/pandas/issues/54466
          
    import pandas as pd

pytest/test_integration.py:192
  /home/pi/Ai_agent/hacking/pytest/test_integration.py:192: PytestUnknownMarkWarning: Unknown pytest.mark.network - is this a typo?  You can register custom marks to avoid this warning - for details, see https://docs.pytest.org/en/stable/how-to/mark.html
    @pytest.mark.network

plugins/clustering_advanced/tests/test_clustering_advanced.py::TestAdvancedClusteringPlugin::test_optics_clustering
  /home/pi/Ai_agent/hacking/.venv/lib/python3.11/site-packages/sklearn/cluster/_optics.py:664: UserWarning: All reachability values are inf. Set a larger max_eps or all data will be considered outliers.
    warnings.warn(

plugins/clustering_advanced/tests/test_clustering_advanced.py::TestAdvancedClusteringPlugin::test_hdbscan_clustering
plugins/clustering_advanced/tests/test_clustering_advanced.py::TestAdvancedClusteringPlugin::test_hdbscan_clustering
  /home/pi/Ai_agent/hacking/.venv/lib/python3.11/site-packages/sklearn/utils/deprecation.py:151: FutureWarning: 'force_all_finite' was renamed to 'ensure_all_finite' in 1.6 and will be removed in 1.8.
    warnings.warn(

plugins/clustering_advanced/tests/test_clustering_advanced.py::TestAdvancedClusteringPlugin::test_plugin_run_with_sufficient_data
  /home/pi/Ai_agent/hacking/.venv/lib/python3.11/site-packages/sklearn/cluster/_optics.py:664: UserWarning:
  
  All reachability values are inf. Set a larger max_eps or all data will be considered outliers.

plugins/clustering_advanced/tests/test_clustering_advanced.py::TestAdvancedClusteringPlugin::test_plugin_run_with_sufficient_data
plugins/clustering_advanced/tests/test_clustering_advanced.py::TestAdvancedClusteringPlugin::test_plugin_run_with_sufficient_data
  /home/pi/Ai_agent/hacking/.venv/lib/python3.11/site-packages/sklearn/utils/deprecation.py:151: FutureWarning:
  
  'force_all_finite' was renamed to 'ensure_all_finite' in 1.6 and will be removed in 1.8.

plugins/ensemble_models/tests/test_ensemble_models.py::TestEnsembleModelsPlugin::test_model_performance_evaluation
  /home/pi/Ai_agent/hacking/.venv/lib/python3.11/site-packages/sklearn/model_selection/_split.py:805: UserWarning:
  
  The least populated class in y has only 4 members, which is less than n_splits=5.

plugins/ensemble_models/tests/test_ensemble_models.py: 66 warnings
  /home/pi/Ai_agent/hacking/.venv/lib/python3.11/site-packages/sklearn/linear_model/_logistic.py:451: DeprecationWarning:
  
  scipy.optimize: The `disp` and `iprint` options of the L-BFGS-B solver are deprecated and will be removed in SciPy 1.18.0.

plugins/ensemble_models/tests/test_ensemble_models.py::TestEnsembleModelsPlugin::test_model_performance_evaluation
plugins/ensemble_models/tests/test_ensemble_models.py::TestEnsembleModelsPlugin::test_model_performance_evaluation
plugins/ensemble_models/tests/test_ensemble_models.py::TestEnsembleModelsPlugin::test_model_performance_evaluation
plugins/ensemble_models/tests/test_ensemble_models.py::TestEnsembleModelsPlugin::test_model_performance_evaluation
plugins/ensemble_models/tests/test_ensemble_models.py::TestEnsembleModelsPlugin::test_model_performance_evaluation
plugins/ensemble_models/tests/test_ensemble_models.py::TestEnsembleModelsPlugin::test_model_performance_evaluation
  /home/pi/Ai_agent/hacking/.venv/lib/python3.11/site-packages/sklearn/linear_model/_logistic.py:465: ConvergenceWarning:
  
  lbfgs failed to converge (status=1):
  STOP: TOTAL NO. OF ITERATIONS REACHED LIMIT.
  
  Increase the number of iterations (max_iter) or scale the data as shown in:
      https://scikit-learn.org/stable/modules/preprocessing.html
  Please also refer to the documentation for alternative solver options:
      https://scikit-learn.org/stable/modules/linear_model.html#logistic-regression

plugins/ensemble_models/tests/test_ensemble_models.py: 40 warnings
  /home/pi/Ai_agent/hacking/.venv/lib/python3.11/site-packages/sklearn/model_selection/_split.py:805: UserWarning:
  
  The least populated class in y has only 3 members, which is less than n_splits=5.

plugins/ensemble_models/tests/test_ensemble_models.py: 24 warnings
  /home/pi/Ai_agent/hacking/.venv/lib/python3.11/site-packages/sklearn/model_selection/_split.py:805: UserWarning:
  
  The least populated class in y has only 2 members, which is less than n_splits=5.

pytest/test_capture.py::TestSniffingIntegration::test_sniff_with_writer_mock
  /home/pi/Ai_agent/hacking/.venv/lib/python3.11/site-packages/_pytest/threadexception.py:77: PytestUnhandledThreadExceptionWarning:
  
  Exception in thread ChannelHopper
  
  Traceback (most recent call last):
    File "/home/pi/.pyenv/versions/3.11.9/lib/python3.11/threading.py", line 1045, in _bootstrap_inner
      self.run()
    File "/home/pi/Ai_agent/hacking/wlan_tool/capture/sniffer.py", line 210, in run
      subprocess.run(command, check=True, capture_output=True, text=True)
    File "/home/pi/.pyenv/versions/3.11.9/lib/python3.11/subprocess.py", line 550, in run
      stdout, stderr = process.communicate(input, timeout=timeout)
      ^^^^^^^^^^^^^^
  ValueError: not enough values to unpack (expected 2, got 0)

tests/integration/test_end_to_end.py::TestEndToEndWorkflow::test_error_handling_and_recovery
  /home/pi/Ai_agent/hacking/wlan_tool/data_processing/wifi_processor.py:45: UserWarning:
  
  Could not infer format, so each element will be parsed individually, falling back to `dateutil`. To ensure parsing is consistent and as-expected, please specify a format.

-- Docs: https://docs.pytest.org/en/stable/how-to/capture-warnings.html

-------------------------------------------------------------------------------------------------- benchmark: 9 tests --------------------------------------------------------------------------------------------------
Name (time in ms)                               Min                   Max                  Mean              StdDev                Median                 IQR            Outliers      OPS            Rounds  Iterations
------------------------------------------------------------------------------------------------------------------------------------------------------------------------------------------------------------------------
test_file_io_performance                    23.6699 (1.0)        179.5915 (3.37)       136.7698 (2.61)      20.4647 (85.91)      135.3752 (2.58)      10.5204 (79.17)         3;2   7.3116 (0.38)         42           1
test_feature_extraction_performance         52.2085 (2.21)        53.2930 (1.0)         52.4606 (1.0)        0.2382 (1.0)         52.4275 (1.0)        0.1329 (1.0)           2;1  19.0619 (1.0)          16           1
test_data_processing_performance            59.9481 (2.53)       514.3163 (9.65)        88.1458 (1.68)     109.8261 (461.07)      61.6109 (1.18)       1.8370 (13.82)         1;1  11.3448 (0.60)         17           1
test_clustering_scalability                 85.4247 (3.61)       105.5569 (1.98)        95.8837 (1.83)       7.2883 (30.60)       95.0152 (1.81)      13.7689 (103.62)        6;0  10.4293 (0.55)         12           1
test_feature_scaling_performance           154.1216 (6.51)       158.8576 (2.98)       155.2927 (2.96)       2.0009 (8.40)       154.5190 (2.95)       1.3454 (10.12)         1;1   6.4395 (0.34)          5           1
test_parallel_processing_performance       181.9603 (7.69)       226.4450 (4.25)       203.0436 (3.87)      18.6368 (78.24)      198.7636 (3.79)      35.7403 (268.96)        4;0   4.9251 (0.26)          7           1
test_csv_io_performance                    334.4366 (14.13)      379.5808 (7.12)       345.9431 (6.59)      18.9310 (79.48)      338.2515 (6.45)      13.9321 (104.84)        1;1   2.8906 (0.15)          5           1
test_memory_usage_large_dataset            579.1038 (24.47)      847.5319 (15.90)      709.8911 (13.53)    124.5400 (522.84)     743.9492 (14.19)    231.4024 (>1000.0)       3;0   1.4087 (0.07)          5           1
test_random_forest_performance           8,067.9917 (340.85)   8,107.4898 (152.13)   8,090.4225 (154.22)    16.6470 (69.89)    8,093.6941 (154.38)    28.2814 (212.83)        2;0   0.1236 (0.01)          5           1
------------------------------------------------------------------------------------------------------------------------------------------------------------------------------------------------------------------------

Legend:
  Outliers: 1 Standard Deviation from Mean; 1.5 IQR (InterQuartile Range) from 1st Quartile and 3rd Quartile.
  OPS: Operations Per Second, computed as 1 / Mean
=========================== short test summary info ============================
FAILED plugins/reinforcement_learning/tests/test_reinforcement_learning.py::TestReinforcementLearningPlugin::test_environment_observation
FAILED pytest/test_capture.py::TestPacketParsing::test_packet_to_event_data_frame
FAILED pytest/test_capture.py::TestPacketParsing::test_packet_to_event_with_dhcp
FAILED pytest/test_capture.py::TestChannelHopper::test_channel_hopper_command_failure
FAILED pytest/test_capture.py::TestIEExtraction::test_extract_seq - assert 0 ...
FAILED pytest/test_capture.py::TestErrorHandling::test_packet_to_event_encoding_error
FAILED pytest/test_controllers.py::TestCaptureController::test_select_interface_automatic
FAILED pytest/test_controllers.py::TestCaptureController::test_select_interface_no_interfaces
FAILED pytest/test_controllers.py::TestCaptureController::test_setup_monitor_mode_failure
FAILED pytest/test_controllers.py::TestAnalysisController::test_run_inference
FAILED pytest/test_controllers.py::TestAnalysisController::test_run_client_clustering
FAILED pytest/test_controllers.py::TestAnalysisController::test_run_ap_clustering
FAILED pytest/test_controllers.py::TestAnalysisController::test_run_graph_export
FAILED pytest/test_controllers.py::TestAnalysisController::test_run_labeling_ui
FAILED pytest/test_controllers.py::TestAnalysisController::test_run_client_labeling_ui
FAILED pytest/test_controllers.py::TestAnalysisController::test_run_mac_correlation
FAILED pytest/test_controllers.py::TestAnalysisController::test_run_analysis_no_actions
FAILED pytest/test_controllers.py::TestAnalysisController::test_run_analysis_multiple_actions
FAILED pytest/test_controllers.py::TestControllerEdgeCases::test_analysis_controller_with_plugins
FAILED pytest/test_controllers.py::TestControllerIntegration::test_full_analysis_workflow
FAILED pytest/test_error_handling.py::TestLoggingSystem::test_setup_logging
FAILED pytest/test_error_handling.py::TestDatabaseErrorHandling::test_database_connection_error
FAILED pytest/test_error_handling.py::TestDatabaseErrorHandling::test_database_migration_error
FAILED pytest/test_error_handling.py::TestAnalysisErrorHandling::test_client_features_null_state
FAILED pytest/test_error_handling.py::TestAnalysisErrorHandling::test_client_features_invalid_type
FAILED pytest/test_error_handling.py::TestAnalysisErrorHandling::test_clustering_invalid_parameters
FAILED pytest/test_error_handling.py::TestFileSystemErrorHandling::test_csv_export_invalid_path
FAILED pytest/test_error_handling.py::TestFileSystemErrorHandling::test_csv_export_missing_db
FAILED pytest/test_error_handling.py::TestErrorHandlingEdgeCases::test_nested_error_contexts
FAILED pytest/test_integration.py::TestEndToEndWorkflow::test_database_integration
FAILED pytest/test_integration.py::TestEndToEndWorkflow::test_config_integration
FAILED pytest/test_integration.py::TestDataFlow::test_state_persistence - wla...
FAILED pytest/test_integration.py::TestLargeDataset::test_large_dataset_processing
FAILED pytest/test_integration.py::TestErrorRecovery::test_malformed_event_handling
FAILED pytest/test_integration.py::TestMemoryManagement::test_memory_usage_large_state
FAILED pytest/test_integration.py::TestMemoryManagement::test_state_pruning_memory_release
FAILED pytest/test_performance.py::TestAnalysisPerformance::test_clustering_performance
FAILED pytest/test_performance.py::TestAnalysisPerformance::test_inference_performance
FAILED pytest/test_performance.py::TestMemoryPerformance::test_memory_usage_large_state
FAILED pytest/test_performance.py::TestMemoryPerformance::test_memory_cleanup_after_pruning
FAILED pytest/test_performance.py::TestDatabasePerformance::test_database_write_performance
FAILED pytest/test_performance.py::TestDatabasePerformance::test_database_read_performance
FAILED pytest/test_performance.py::TestScalabilityPerformance::test_scalability_with_dataset_size
FAILED pytest/test_presentation.py::TestCLIModule::test_print_client_cluster_results
FAILED pytest/test_presentation.py::TestCLIEdgeCases::test_print_client_cluster_results_empty_data
FAILED pytest/test_presentation.py::TestPerformance::test_large_dataset_handling
FAILED pytest/test_storage.py::TestAPState::test_ap_state_update_from_beacon
FAILED pytest/test_storage.py::TestWifiAnalysisState::test_state_ssid_mapping
FAILED pytest/test_storage.py::TestDatabaseModule::test_fetch_events - Attrib...
FAILED pytest/test_storage.py::TestDatabaseModule::test_add_label - Assertion...
FAILED pytest/test_utils.py::TestOUIFunctions::test_lookup_vendor_apple_mac
FAILED pytest/test_utils.py::TestOUIFunctions::test_lookup_vendor_unknown_mac
FAILED pytest/test_utils.py::TestUtilityFunctions::test_is_local_admin_mac - ...
FAILED pytest/test_utils.py::TestUtilityFunctions::test_is_valid_bssid - Asse...
FAILED pytest/test_utils.py::TestUtilityFunctions::test_ie_fingerprint_hash
FAILED pytest/test_utils.py::TestUtilityFunctions::test_ie_fingerprint_hash_empty
FAILED pytest/test_utils.py::TestConfigFunctions::test_load_config_default - ...
FAILED pytest/test_utils.py::TestConfigFunctions::test_load_config_specific_profile
FAILED pytest/test_utils.py::TestConfigFunctions::test_load_config_missing_file
FAILED pytest/test_utils.py::TestEdgeCases::test_ie_fingerprint_hash_unicode
FAILED pytest/test_utils.py::TestEdgeCases::test_config_loading_with_invalid_yaml
FAILED tests/integration/test_end_to_end.py::TestEndToEndWorkflow::test_complete_wifi_analysis_workflow
FAILED tests/integration/test_end_to_end.py::TestEndToEndWorkflow::test_plugin_integration_workflow
FAILED tests/integration/test_end_to_end.py::TestEndToEndWorkflow::test_data_pipeline_with_file_io
FAILED tests/integration/test_end_to_end.py::TestEndToEndWorkflow::test_error_handling_and_recovery
FAILED tests/integration/test_end_to_end.py::TestEndToEndWorkflow::test_performance_under_load
FAILED tests/integration/test_end_to_end.py::TestEndToEndWorkflow::test_concurrent_processing
FAILED tests/performance/test_benchmarks.py::TestClusteringBenchmarks::test_kmeans_performance
FAILED tests/performance/test_benchmarks.py::TestClusteringBenchmarks::test_dbscan_performance
FAILED tests/performance/test_benchmarks.py::TestClusteringBenchmarks::test_hierarchical_performance
FAILED tests/performance/test_benchmarks.py::TestClusteringBenchmarks::test_clustering_scalability
FAILED tests/performance/test_benchmarks.py::TestDataProcessingBenchmarks::test_data_processing_performance
FAILED tests/performance/test_benchmarks.py::TestDataProcessingBenchmarks::test_feature_extraction_performance
FAILED tests/performance/test_benchmarks.py::TestDataProcessingBenchmarks::test_feature_scaling_performance
FAILED tests/performance/test_benchmarks.py::TestClassificationBenchmarks::test_random_forest_performance
FAILED tests/performance/test_benchmarks.py::TestClassificationBenchmarks::test_svm_performance
FAILED tests/performance/test_benchmarks.py::TestMemoryBenchmarks::test_memory_usage_clustering
FAILED tests/performance/test_benchmarks.py::TestMemoryBenchmarks::test_memory_usage_large_dataset
FAILED tests/performance/test_benchmarks.py::TestConcurrentBenchmarks::test_parallel_processing_performance
FAILED tests/performance/test_benchmarks.py::TestIOBenchmarks::test_file_io_performance
FAILED tests/performance/test_benchmarks.py::TestIOBenchmarks::test_csv_io_performance
FAILED tests/performance/test_memory_profiling.py::TestMemoryUsage::test_memory_usage_clustering
FAILED tests/performance/test_memory_profiling.py::TestMemoryProfiling::test_detailed_memory_profiling
FAILED tests/performance/test_memory_profiling.py::TestMemoryProfiling::test_memory_profiling_garbage_collection
FAILED tests/performance/test_memory_profiling.py::TestMemoryOptimization::test_memory_usage_data_types
FAILED tests/unit/test_data_processing.py::TestDataValidator::test_validate_valid_data
FAILED tests/unit/test_ml_models.py::TestClusteringModel::test_fit_kmeans - T...
FAILED tests/unit/test_ml_models.py::TestClusteringModel::test_predict_after_fit
FAILED tests/unit/test_ml_models.py::TestClusteringModel::test_get_cluster_centers
FAILED tests/unit/test_ml_models.py::TestClusteringModel::test_evaluate_clustering
FAILED tests/unit/test_ml_models.py::TestClusteringModel::test_invalid_algorithm
FAILED tests/unit/test_ml_models.py::TestClusteringModel::test_hyperparameter_validation
FAILED tests/unit/test_ml_models.py::TestClassificationModel::test_cross_validation
FAILED tests/unit/test_ml_models.py::TestEnsembleModel::test_init - Assertion...
FAILED tests/unit/test_ml_models.py::TestEnsembleModel::test_fit_voting_classifier
FAILED tests/unit/test_ml_models.py::TestEnsembleModel::test_fit_bagging - At...
FAILED tests/unit/test_ml_models.py::TestEnsembleModel::test_fit_boosting - A...
FAILED tests/unit/test_ml_models.py::TestEnsembleModel::test_predict_ensemble
FAILED tests/unit/test_ml_models.py::TestEnsembleModel::test_evaluate_ensemble
FAILED tests/unit/test_ml_models.py::TestEnsembleModel::test_individual_estimator_performance
FAILED tests/unit/test_ml_models.py::TestEnsembleModel::test_invalid_algorithm
FAILED tests/unit/test_ml_models.py::TestEnsembleModel::test_empty_estimators
FAILED tests/unit/test_ml_models.py::TestModelPersistence::test_save_load_model
FAILED tests/unit/test_ml_models.py::TestModelPersistence::test_save_load_ensemble
ERROR tests/unit/test_utils_failed.py::test_lookup_vendor_apple_mac
ERROR tests/unit/test_utils_failed.py::test_lookup_vendor_randomized_mac
ERROR tests/unit/test_utils_failed.py::test_lookup_vendor_unknown_mac
ERROR tests/unit/test_utils_failed.py::test_intelligent_vendor_lookup
ERROR tests/unit/test_utils_failed.py::test_intelligent_vendor_lookup_no_ies
ERROR tests/unit/test_utils_failed.py::test_download_oui_file_success
ERROR tests/unit/test_utils_failed.py::test_download_oui_file_failure
===== 104 failed, 256 passed, 147 warnings, 7 errors in 931.01s (0:15:31) ======
